{"C:\\Users\\user\\Desktop\\Final SEP\\Covid-Patient-tracker--Backend\\index.js": {"path":"C:\\Users\\user\\Desktop\\Final SEP\\Covid-Patient-tracker--Backend\\index.js","statementMap":{"0":{"start":{"line":1,"column":16},"end":{"line":1,"column":34}},"1":{"start":{"line":2,"column":15},"end":{"line":2,"column":32}},"2":{"start":{"line":4,"column":0},"end":{"line":4,"column":16}},"3":{"start":{"line":6,"column":12},"end":{"line":6,"column":21}},"4":{"start":{"line":8,"column":11},"end":{"line":8,"column":26}},"5":{"start":{"line":10,"column":0},"end":{"line":10,"column":24}},"6":{"start":{"line":11,"column":0},"end":{"line":11,"column":16}},"7":{"start":{"line":12,"column":0},"end":{"line":12,"column":48}},"8":{"start":{"line":16,"column":19},"end":{"line":16,"column":43}},"9":{"start":{"line":17,"column":18},"end":{"line":17,"column":41}},"10":{"start":{"line":18,"column":18},"end":{"line":18,"column":41}},"11":{"start":{"line":19,"column":22},"end":{"line":19,"column":49}},"12":{"start":{"line":20,"column":21},"end":{"line":20,"column":47}},"13":{"start":{"line":21,"column":20},"end":{"line":21,"column":45}},"14":{"start":{"line":22,"column":25},"end":{"line":22,"column":53}},"15":{"start":{"line":23,"column":21},"end":{"line":23,"column":45}},"16":{"start":{"line":27,"column":0},"end":{"line":30,"column":3}},"17":{"start":{"line":29,"column":2},"end":{"line":29,"column":32}},"18":{"start":{"line":32,"column":0},"end":{"line":32,"column":29}},"19":{"start":{"line":33,"column":0},"end":{"line":33,"column":27}},"20":{"start":{"line":34,"column":0},"end":{"line":34,"column":27}},"21":{"start":{"line":35,"column":0},"end":{"line":35,"column":35}},"22":{"start":{"line":36,"column":0},"end":{"line":36,"column":33}},"23":{"start":{"line":37,"column":0},"end":{"line":37,"column":29}},"24":{"start":{"line":38,"column":0},"end":{"line":38,"column":37}},"25":{"start":{"line":39,"column":0},"end":{"line":39,"column":29}},"26":{"start":{"line":41,"column":0},"end":{"line":46,"column":3}},"27":{"start":{"line":42,"column":2},"end":{"line":45,"column":5}},"28":{"start":{"line":48,"column":13},"end":{"line":48,"column":37}},"29":{"start":{"line":49,"column":15},"end":{"line":49,"column":116}},"30":{"start":{"line":49,"column":38},"end":{"line":49,"column":115}},"31":{"start":{"line":52,"column":0},"end":{"line":52,"column":24}}},"fnMap":{"0":{"name":"(anonymous_0)","decl":{"start":{"line":27,"column":13},"end":{"line":27,"column":14}},"loc":{"start":{"line":27,"column":27},"end":{"line":30,"column":1}},"line":27},"1":{"name":"(anonymous_1)","decl":{"start":{"line":41,"column":14},"end":{"line":41,"column":15}},"loc":{"start":{"line":41,"column":28},"end":{"line":46,"column":1}},"line":41},"2":{"name":"(anonymous_2)","decl":{"start":{"line":49,"column":32},"end":{"line":49,"column":33}},"loc":{"start":{"line":49,"column":38},"end":{"line":49,"column":115}},"line":49}},"branchMap":{"0":{"loc":{"start":{"line":48,"column":13},"end":{"line":48,"column":37}},"type":"binary-expr","locations":[{"start":{"line":48,"column":13},"end":{"line":48,"column":29}},{"start":{"line":48,"column":33},"end":{"line":48,"column":37}}],"line":48}},"s":{"0":6,"1":6,"2":6,"3":6,"4":6,"5":6,"6":6,"7":6,"8":6,"9":6,"10":6,"11":6,"12":6,"13":6,"14":6,"15":6,"16":6,"17":0,"18":6,"19":6,"20":6,"21":6,"22":6,"23":6,"24":6,"25":6,"26":6,"27":0,"28":6,"29":6,"30":6,"31":6},"f":{"0":0,"1":0,"2":6},"b":{"0":[6,6]},"_coverageSchema":"1a1c01bbd47fc00a2c39e90264f33305004495a9","hash":"2197385513be408811e0265d712b05ac8ca78e56"}
,"C:\\Users\\user\\Desktop\\Final SEP\\Covid-Patient-tracker--Backend\\controllers\\auth.js": {"path":"C:\\Users\\user\\Desktop\\Final SEP\\Covid-Patient-tracker--Backend\\controllers\\auth.js","statementMap":{"0":{"start":{"line":1,"column":18},"end":{"line":1,"column":43}},"1":{"start":{"line":2,"column":13},"end":{"line":2,"column":68}},"2":{"start":{"line":3,"column":12},"end":{"line":3,"column":35}},"3":{"start":{"line":4,"column":12},"end":{"line":4,"column":26}},"4":{"start":{"line":5,"column":15},"end":{"line":5,"column":34}},"5":{"start":{"line":6,"column":41},"end":{"line":6,"column":77}},"6":{"start":{"line":7,"column":35},"end":{"line":7,"column":61}},"7":{"start":{"line":10,"column":11},"end":{"line":10,"column":22}},"8":{"start":{"line":11,"column":20},"end":{"line":11,"column":40}},"9":{"start":{"line":12,"column":20},"end":{"line":12,"column":40}},"10":{"start":{"line":15,"column":19},"end":{"line":18,"column":6}},"11":{"start":{"line":19,"column":4},"end":{"line":19,"column":64}},"12":{"start":{"line":23,"column":19},"end":{"line":25,"column":6}},"13":{"start":{"line":26,"column":4},"end":{"line":26,"column":43}},"14":{"start":{"line":30,"column":19},"end":{"line":32,"column":6}},"15":{"start":{"line":33,"column":4},"end":{"line":33,"column":50}},"16":{"start":{"line":37,"column":14},"end":{"line":87,"column":1}},"17":{"start":{"line":38,"column":30},"end":{"line":38,"column":38}},"18":{"start":{"line":39,"column":29},"end":{"line":39,"column":58}},"19":{"start":{"line":40,"column":4},"end":{"line":42,"column":5}},"20":{"start":{"line":41,"column":8},"end":{"line":41,"column":64}},"21":{"start":{"line":44,"column":4},"end":{"line":86,"column":5}},"22":{"start":{"line":45,"column":23},"end":{"line":54,"column":10}},"23":{"start":{"line":55,"column":8},"end":{"line":57,"column":9}},"24":{"start":{"line":56,"column":12},"end":{"line":56,"column":73}},"25":{"start":{"line":58,"column":8},"end":{"line":58,"column":42}},"26":{"start":{"line":60,"column":24},"end":{"line":60,"column":74}},"27":{"start":{"line":61,"column":8},"end":{"line":63,"column":9}},"28":{"start":{"line":62,"column":12},"end":{"line":62,"column":73}},"29":{"start":{"line":64,"column":24},"end":{"line":68,"column":9}},"30":{"start":{"line":69,"column":8},"end":{"line":71,"column":9}},"31":{"start":{"line":70,"column":12},"end":{"line":70,"column":89}},"32":{"start":{"line":73,"column":22},"end":{"line":76,"column":9}},"33":{"start":{"line":77,"column":8},"end":{"line":82,"column":36}},"34":{"start":{"line":85,"column":8},"end":{"line":85,"column":63}},"35":{"start":{"line":89,"column":23},"end":{"line":133,"column":1}},"36":{"start":{"line":90,"column":20},"end":{"line":90,"column":28}},"37":{"start":{"line":91,"column":29},"end":{"line":91,"column":58}},"38":{"start":{"line":92,"column":4},"end":{"line":94,"column":5}},"39":{"start":{"line":93,"column":8},"end":{"line":93,"column":64}},"40":{"start":{"line":96,"column":4},"end":{"line":131,"column":5}},"41":{"start":{"line":97,"column":21},"end":{"line":102,"column":10}},"42":{"start":{"line":104,"column":8},"end":{"line":106,"column":9}},"43":{"start":{"line":105,"column":12},"end":{"line":105,"column":85}},"44":{"start":{"line":107,"column":8},"end":{"line":107,"column":40}},"45":{"start":{"line":109,"column":26},"end":{"line":111,"column":9}},"46":{"start":{"line":113,"column":22},"end":{"line":116,"column":9}},"47":{"start":{"line":118,"column":23},"end":{"line":121,"column":10}},"48":{"start":{"line":123,"column":8},"end":{"line":126,"column":9}},"49":{"start":{"line":124,"column":12},"end":{"line":124,"column":54}},"50":{"start":{"line":125,"column":12},"end":{"line":125,"column":78}},"51":{"start":{"line":130,"column":8},"end":{"line":130,"column":63}},"52":{"start":{"line":135,"column":22},"end":{"line":181,"column":1}},"53":{"start":{"line":136,"column":29},"end":{"line":136,"column":37}},"54":{"start":{"line":137,"column":29},"end":{"line":137,"column":60}},"55":{"start":{"line":138,"column":4},"end":{"line":140,"column":5}},"56":{"start":{"line":139,"column":8},"end":{"line":139,"column":64}},"57":{"start":{"line":142,"column":4},"end":{"line":179,"column":5}},"58":{"start":{"line":143,"column":32},"end":{"line":143,"column":66}},"59":{"start":{"line":144,"column":31},"end":{"line":149,"column":10}},"60":{"start":{"line":150,"column":8},"end":{"line":152,"column":9}},"61":{"start":{"line":151,"column":12},"end":{"line":151,"column":67}},"62":{"start":{"line":154,"column":8},"end":{"line":156,"column":9}},"63":{"start":{"line":155,"column":12},"end":{"line":155,"column":58}},"64":{"start":{"line":158,"column":25},"end":{"line":158,"column":62}},"65":{"start":{"line":160,"column":8},"end":{"line":160,"column":43}},"66":{"start":{"line":162,"column":24},"end":{"line":162,"column":106}},"67":{"start":{"line":163,"column":32},"end":{"line":163,"column":118}},"68":{"start":{"line":165,"column":8},"end":{"line":165,"column":25}},"69":{"start":{"line":166,"column":8},"end":{"line":171,"column":9}},"70":{"start":{"line":167,"column":12},"end":{"line":167,"column":75}},"71":{"start":{"line":170,"column":12},"end":{"line":170,"column":67}},"72":{"start":{"line":175,"column":8},"end":{"line":177,"column":9}},"73":{"start":{"line":176,"column":12},"end":{"line":176,"column":31}},"74":{"start":{"line":178,"column":8},"end":{"line":178,"column":65}},"75":{"start":{"line":184,"column":0},"end":{"line":186,"column":2}}},"fnMap":{"0":{"name":"validateLogin","decl":{"start":{"line":14,"column":9},"end":{"line":14,"column":22}},"loc":{"start":{"line":14,"column":39},"end":{"line":20,"column":1}},"line":14},"1":{"name":"validateForgotPassword","decl":{"start":{"line":22,"column":9},"end":{"line":22,"column":31}},"loc":{"start":{"line":22,"column":38},"end":{"line":27,"column":1}},"line":22},"2":{"name":"validateResetPassword","decl":{"start":{"line":29,"column":9},"end":{"line":29,"column":30}},"loc":{"start":{"line":29,"column":40},"end":{"line":34,"column":1}},"line":29},"3":{"name":"(anonymous_3)","decl":{"start":{"line":37,"column":14},"end":{"line":37,"column":15}},"loc":{"start":{"line":37,"column":40},"end":{"line":87,"column":1}},"line":37},"4":{"name":"(anonymous_4)","decl":{"start":{"line":89,"column":23},"end":{"line":89,"column":24}},"loc":{"start":{"line":89,"column":47},"end":{"line":133,"column":1}},"line":89},"5":{"name":"(anonymous_5)","decl":{"start":{"line":135,"column":22},"end":{"line":135,"column":23}},"loc":{"start":{"line":135,"column":46},"end":{"line":181,"column":1}},"line":135}},"branchMap":{"0":{"loc":{"start":{"line":40,"column":4},"end":{"line":42,"column":5}},"type":"if","locations":[{"start":{"line":40,"column":4},"end":{"line":42,"column":5}},{"start":{"line":40,"column":4},"end":{"line":42,"column":5}}],"line":40},"1":{"loc":{"start":{"line":55,"column":8},"end":{"line":57,"column":9}},"type":"if","locations":[{"start":{"line":55,"column":8},"end":{"line":57,"column":9}},{"start":{"line":55,"column":8},"end":{"line":57,"column":9}}],"line":55},"2":{"loc":{"start":{"line":61,"column":8},"end":{"line":63,"column":9}},"type":"if","locations":[{"start":{"line":61,"column":8},"end":{"line":63,"column":9}},{"start":{"line":61,"column":8},"end":{"line":63,"column":9}}],"line":61},"3":{"loc":{"start":{"line":69,"column":8},"end":{"line":71,"column":9}},"type":"if","locations":[{"start":{"line":69,"column":8},"end":{"line":71,"column":9}},{"start":{"line":69,"column":8},"end":{"line":71,"column":9}}],"line":69},"4":{"loc":{"start":{"line":92,"column":4},"end":{"line":94,"column":5}},"type":"if","locations":[{"start":{"line":92,"column":4},"end":{"line":94,"column":5}},{"start":{"line":92,"column":4},"end":{"line":94,"column":5}}],"line":92},"5":{"loc":{"start":{"line":104,"column":8},"end":{"line":106,"column":9}},"type":"if","locations":[{"start":{"line":104,"column":8},"end":{"line":106,"column":9}},{"start":{"line":104,"column":8},"end":{"line":106,"column":9}}],"line":104},"6":{"loc":{"start":{"line":123,"column":8},"end":{"line":126,"column":9}},"type":"if","locations":[{"start":{"line":123,"column":8},"end":{"line":126,"column":9}},{"start":{"line":123,"column":8},"end":{"line":126,"column":9}}],"line":123},"7":{"loc":{"start":{"line":138,"column":4},"end":{"line":140,"column":5}},"type":"if","locations":[{"start":{"line":138,"column":4},"end":{"line":140,"column":5}},{"start":{"line":138,"column":4},"end":{"line":140,"column":5}}],"line":138},"8":{"loc":{"start":{"line":150,"column":8},"end":{"line":152,"column":9}},"type":"if","locations":[{"start":{"line":150,"column":8},"end":{"line":152,"column":9}},{"start":{"line":150,"column":8},"end":{"line":152,"column":9}}],"line":150},"9":{"loc":{"start":{"line":154,"column":8},"end":{"line":156,"column":9}},"type":"if","locations":[{"start":{"line":154,"column":8},"end":{"line":156,"column":9}},{"start":{"line":154,"column":8},"end":{"line":156,"column":9}}],"line":154},"10":{"loc":{"start":{"line":166,"column":8},"end":{"line":171,"column":9}},"type":"if","locations":[{"start":{"line":166,"column":8},"end":{"line":171,"column":9}},{"start":{"line":166,"column":8},"end":{"line":171,"column":9}}],"line":166},"11":{"loc":{"start":{"line":166,"column":12},"end":{"line":166,"column":38}},"type":"binary-expr","locations":[{"start":{"line":166,"column":12},"end":{"line":166,"column":19}},{"start":{"line":166,"column":23},"end":{"line":166,"column":38}}],"line":166},"12":{"loc":{"start":{"line":175,"column":8},"end":{"line":177,"column":9}},"type":"if","locations":[{"start":{"line":175,"column":8},"end":{"line":177,"column":9}},{"start":{"line":175,"column":8},"end":{"line":177,"column":9}}],"line":175}},"s":{"0":6,"1":6,"2":6,"3":6,"4":6,"5":6,"6":6,"7":6,"8":6,"9":6,"10":0,"11":0,"12":0,"13":0,"14":0,"15":0,"16":6,"17":0,"18":0,"19":0,"20":0,"21":0,"22":0,"23":0,"24":0,"25":0,"26":0,"27":0,"28":0,"29":0,"30":0,"31":0,"32":0,"33":0,"34":0,"35":6,"36":0,"37":0,"38":0,"39":0,"40":0,"41":0,"42":0,"43":0,"44":0,"45":0,"46":0,"47":0,"48":0,"49":0,"50":0,"51":0,"52":6,"53":0,"54":0,"55":0,"56":0,"57":0,"58":0,"59":0,"60":0,"61":0,"62":0,"63":0,"64":0,"65":0,"66":0,"67":0,"68":0,"69":0,"70":0,"71":0,"72":0,"73":0,"74":0,"75":6},"f":{"0":0,"1":0,"2":0,"3":0,"4":0,"5":0},"b":{"0":[0,0],"1":[0,0],"2":[0,0],"3":[0,0],"4":[0,0],"5":[0,0],"6":[0,0],"7":[0,0],"8":[0,0],"9":[0,0],"10":[0,0],"11":[0,0],"12":[0,0]},"_coverageSchema":"1a1c01bbd47fc00a2c39e90264f33305004495a9","hash":"4fb9d5e108f0767f7e586ad1dc6be86563259a11"}
,"C:\\Users\\user\\Desktop\\Final SEP\\Covid-Patient-tracker--Backend\\controllers\\bed.js": {"path":"C:\\Users\\user\\Desktop\\Final SEP\\Covid-Patient-tracker--Backend\\controllers\\bed.js","statementMap":{"0":{"start":{"line":1,"column":15},"end":{"line":1,"column":35}},"1":{"start":{"line":2,"column":18},"end":{"line":2,"column":43}},"2":{"start":{"line":3,"column":13},"end":{"line":3,"column":68}},"3":{"start":{"line":4,"column":12},"end":{"line":4,"column":26}},"4":{"start":{"line":5,"column":15},"end":{"line":5,"column":34}},"5":{"start":{"line":6,"column":41},"end":{"line":6,"column":77}},"6":{"start":{"line":8,"column":24},"end":{"line":8,"column":58}},"7":{"start":{"line":10,"column":18},"end":{"line":10,"column":36}},"8":{"start":{"line":14,"column":18},"end":{"line":36,"column":1}},"9":{"start":{"line":15,"column":23},"end":{"line":15,"column":92}},"10":{"start":{"line":18,"column":4},"end":{"line":34,"column":5}},"11":{"start":{"line":20,"column":26},"end":{"line":22,"column":10}},"12":{"start":{"line":25,"column":8},"end":{"line":30,"column":9}},"13":{"start":{"line":26,"column":12},"end":{"line":26,"column":88}},"14":{"start":{"line":29,"column":12},"end":{"line":29,"column":65}},"15":{"start":{"line":33,"column":8},"end":{"line":33,"column":63}},"16":{"start":{"line":38,"column":0},"end":{"line":40,"column":2}}},"fnMap":{"0":{"name":"(anonymous_0)","decl":{"start":{"line":14,"column":18},"end":{"line":14,"column":19}},"loc":{"start":{"line":14,"column":42},"end":{"line":36,"column":1}},"line":14}},"branchMap":{"0":{"loc":{"start":{"line":15,"column":23},"end":{"line":15,"column":92}},"type":"cond-expr","locations":[{"start":{"line":15,"column":53},"end":{"line":15,"column":67}},{"start":{"line":15,"column":70},"end":{"line":15,"column":91}}],"line":15},"1":{"loc":{"start":{"line":25,"column":8},"end":{"line":30,"column":9}},"type":"if","locations":[{"start":{"line":25,"column":8},"end":{"line":30,"column":9}},{"start":{"line":25,"column":8},"end":{"line":30,"column":9}}],"line":25},"2":{"loc":{"start":{"line":25,"column":12},"end":{"line":25,"column":45}},"type":"binary-expr","locations":[{"start":{"line":25,"column":12},"end":{"line":25,"column":21}},{"start":{"line":25,"column":25},"end":{"line":25,"column":45}}],"line":25}},"s":{"0":6,"1":6,"2":6,"3":6,"4":6,"5":6,"6":6,"7":6,"8":6,"9":3,"10":3,"11":3,"12":2,"13":1,"14":1,"15":1,"16":6},"f":{"0":3},"b":{"0":[0,3],"1":[1,1],"2":[2,2]},"_coverageSchema":"1a1c01bbd47fc00a2c39e90264f33305004495a9","hash":"f31d240cff91ed9c81874157ac7535a8ee3496f1"}
,"C:\\Users\\user\\Desktop\\Final SEP\\Covid-Patient-tracker--Backend\\controllers\\facility.js": {"path":"C:\\Users\\user\\Desktop\\Final SEP\\Covid-Patient-tracker--Backend\\controllers\\facility.js","statementMap":{"0":{"start":{"line":1,"column":15},"end":{"line":1,"column":35}},"1":{"start":{"line":2,"column":18},"end":{"line":2,"column":43}},"2":{"start":{"line":3,"column":13},"end":{"line":3,"column":68}},"3":{"start":{"line":4,"column":12},"end":{"line":4,"column":26}},"4":{"start":{"line":5,"column":15},"end":{"line":5,"column":34}},"5":{"start":{"line":6,"column":41},"end":{"line":6,"column":77}},"6":{"start":{"line":9,"column":15},"end":{"line":9,"column":30}},"7":{"start":{"line":13,"column":23},"end":{"line":32,"column":1}},"8":{"start":{"line":16,"column":4},"end":{"line":30,"column":5}},"9":{"start":{"line":18,"column":31},"end":{"line":18,"column":55}},"10":{"start":{"line":21,"column":8},"end":{"line":26,"column":9}},"11":{"start":{"line":22,"column":12},"end":{"line":22,"column":82}},"12":{"start":{"line":25,"column":12},"end":{"line":25,"column":69}},"13":{"start":{"line":29,"column":8},"end":{"line":29,"column":63}},"14":{"start":{"line":34,"column":0},"end":{"line":36,"column":2}}},"fnMap":{"0":{"name":"(anonymous_0)","decl":{"start":{"line":13,"column":23},"end":{"line":13,"column":24}},"loc":{"start":{"line":13,"column":47},"end":{"line":32,"column":1}},"line":13}},"branchMap":{"0":{"loc":{"start":{"line":21,"column":8},"end":{"line":26,"column":9}},"type":"if","locations":[{"start":{"line":21,"column":8},"end":{"line":26,"column":9}},{"start":{"line":21,"column":8},"end":{"line":26,"column":9}}],"line":21},"1":{"loc":{"start":{"line":21,"column":12},"end":{"line":21,"column":55}},"type":"binary-expr","locations":[{"start":{"line":21,"column":12},"end":{"line":21,"column":26}},{"start":{"line":21,"column":30},"end":{"line":21,"column":55}}],"line":21}},"s":{"0":6,"1":6,"2":6,"3":6,"4":6,"5":6,"6":6,"7":6,"8":1,"9":1,"10":1,"11":1,"12":0,"13":0,"14":6},"f":{"0":1},"b":{"0":[1,0],"1":[1,1]},"_coverageSchema":"1a1c01bbd47fc00a2c39e90264f33305004495a9","hash":"f899add29dbfab7971de77164a736499a5c18196"}
,"C:\\Users\\user\\Desktop\\Final SEP\\Covid-Patient-tracker--Backend\\controllers\\moh.js": {"path":"C:\\Users\\user\\Desktop\\Final SEP\\Covid-Patient-tracker--Backend\\controllers\\moh.js","statementMap":{"0":{"start":{"line":1,"column":15},"end":{"line":1,"column":35}},"1":{"start":{"line":2,"column":15},"end":{"line":2,"column":32}},"2":{"start":{"line":3,"column":18},"end":{"line":3,"column":43}},"3":{"start":{"line":4,"column":13},"end":{"line":4,"column":68}},"4":{"start":{"line":5,"column":12},"end":{"line":5,"column":26}},"5":{"start":{"line":6,"column":15},"end":{"line":6,"column":34}},"6":{"start":{"line":7,"column":41},"end":{"line":7,"column":77}},"7":{"start":{"line":8,"column":112},"end":{"line":8,"column":146}},"8":{"start":{"line":9,"column":9},"end":{"line":9,"column":22}},"9":{"start":{"line":11,"column":11},"end":{"line":11,"column":22}},"10":{"start":{"line":12,"column":21},"end":{"line":12,"column":42}},"11":{"start":{"line":13,"column":20},"end":{"line":13,"column":40}},"12":{"start":{"line":14,"column":11},"end":{"line":14,"column":22}},"13":{"start":{"line":15,"column":20},"end":{"line":15,"column":40}},"14":{"start":{"line":16,"column":15},"end":{"line":16,"column":30}},"15":{"start":{"line":17,"column":18},"end":{"line":17,"column":36}},"16":{"start":{"line":20,"column":19},"end":{"line":28,"column":6}},"17":{"start":{"line":29,"column":4},"end":{"line":29,"column":152}},"18":{"start":{"line":32,"column":17},"end":{"line":80,"column":1}},"19":{"start":{"line":33,"column":68},"end":{"line":33,"column":76}},"20":{"start":{"line":34,"column":29},"end":{"line":34,"column":105}},"21":{"start":{"line":35,"column":4},"end":{"line":37,"column":5}},"22":{"start":{"line":36,"column":8},"end":{"line":36,"column":63}},"23":{"start":{"line":38,"column":4},"end":{"line":40,"column":5}},"24":{"start":{"line":39,"column":8},"end":{"line":39,"column":62}},"25":{"start":{"line":41,"column":4},"end":{"line":43,"column":5}},"26":{"start":{"line":42,"column":8},"end":{"line":42,"column":65}},"27":{"start":{"line":44,"column":4},"end":{"line":79,"column":5}},"28":{"start":{"line":45,"column":25},"end":{"line":45,"column":62}},"29":{"start":{"line":46,"column":28},"end":{"line":53,"column":9}},"30":{"start":{"line":55,"column":8},"end":{"line":69,"column":9}},"31":{"start":{"line":56,"column":12},"end":{"line":59,"column":14}},"32":{"start":{"line":60,"column":12},"end":{"line":65,"column":15}},"33":{"start":{"line":67,"column":13},"end":{"line":69,"column":9}},"34":{"start":{"line":68,"column":12},"end":{"line":68,"column":59}},"35":{"start":{"line":70,"column":8},"end":{"line":75,"column":9}},"36":{"start":{"line":71,"column":12},"end":{"line":71,"column":73}},"37":{"start":{"line":74,"column":12},"end":{"line":74,"column":69}},"38":{"start":{"line":78,"column":8},"end":{"line":78,"column":63}},"39":{"start":{"line":82,"column":30},"end":{"line":97,"column":1}},"40":{"start":{"line":83,"column":25},"end":{"line":83,"column":83}},"41":{"start":{"line":84,"column":4},"end":{"line":95,"column":5}},"42":{"start":{"line":85,"column":39},"end":{"line":85,"column":69}},"43":{"start":{"line":86,"column":8},"end":{"line":91,"column":9}},"44":{"start":{"line":87,"column":12},"end":{"line":87,"column":122}},"45":{"start":{"line":90,"column":12},"end":{"line":90,"column":70}},"46":{"start":{"line":94,"column":8},"end":{"line":94,"column":63}},"47":{"start":{"line":99,"column":29},"end":{"line":117,"column":1}},"48":{"start":{"line":100,"column":21},"end":{"line":100,"column":40}},"49":{"start":{"line":101,"column":25},"end":{"line":101,"column":83}},"50":{"start":{"line":102,"column":4},"end":{"line":115,"column":5}},"51":{"start":{"line":103,"column":38},"end":{"line":105,"column":10}},"52":{"start":{"line":106,"column":8},"end":{"line":111,"column":9}},"53":{"start":{"line":107,"column":12},"end":{"line":107,"column":120}},"54":{"start":{"line":110,"column":12},"end":{"line":110,"column":69}},"55":{"start":{"line":114,"column":8},"end":{"line":114,"column":63}},"56":{"start":{"line":119,"column":28},"end":{"line":133,"column":1}},"57":{"start":{"line":120,"column":4},"end":{"line":131,"column":5}},"58":{"start":{"line":121,"column":37},"end":{"line":121,"column":67}},"59":{"start":{"line":122,"column":8},"end":{"line":127,"column":9}},"60":{"start":{"line":123,"column":12},"end":{"line":123,"column":103}},"61":{"start":{"line":126,"column":12},"end":{"line":126,"column":68}},"62":{"start":{"line":130,"column":8},"end":{"line":130,"column":63}},"63":{"start":{"line":135,"column":24},"end":{"line":157,"column":1}},"64":{"start":{"line":136,"column":21},"end":{"line":136,"column":54}},"65":{"start":{"line":137,"column":4},"end":{"line":156,"column":5}},"66":{"start":{"line":138,"column":32},"end":{"line":146,"column":10}},"67":{"start":{"line":147,"column":8},"end":{"line":152,"column":9}},"68":{"start":{"line":148,"column":12},"end":{"line":148,"column":138}},"69":{"start":{"line":151,"column":12},"end":{"line":151,"column":60}},"70":{"start":{"line":155,"column":8},"end":{"line":155,"column":63}},"71":{"start":{"line":159,"column":28},"end":{"line":181,"column":1}},"72":{"start":{"line":160,"column":21},"end":{"line":160,"column":54}},"73":{"start":{"line":161,"column":4},"end":{"line":180,"column":5}},"74":{"start":{"line":162,"column":35},"end":{"line":170,"column":10}},"75":{"start":{"line":171,"column":8},"end":{"line":176,"column":9}},"76":{"start":{"line":172,"column":12},"end":{"line":172,"column":145}},"77":{"start":{"line":175,"column":12},"end":{"line":175,"column":60}},"78":{"start":{"line":179,"column":8},"end":{"line":179,"column":63}},"79":{"start":{"line":183,"column":25},"end":{"line":205,"column":1}},"80":{"start":{"line":184,"column":21},"end":{"line":184,"column":54}},"81":{"start":{"line":185,"column":4},"end":{"line":204,"column":5}},"82":{"start":{"line":186,"column":35},"end":{"line":194,"column":10}},"83":{"start":{"line":195,"column":8},"end":{"line":200,"column":9}},"84":{"start":{"line":196,"column":12},"end":{"line":196,"column":142}},"85":{"start":{"line":199,"column":12},"end":{"line":199,"column":60}},"86":{"start":{"line":203,"column":8},"end":{"line":203,"column":63}},"87":{"start":{"line":207,"column":24},"end":{"line":231,"column":1}},"88":{"start":{"line":208,"column":21},"end":{"line":208,"column":54}},"89":{"start":{"line":209,"column":4},"end":{"line":230,"column":5}},"90":{"start":{"line":210,"column":31},"end":{"line":219,"column":10}},"91":{"start":{"line":220,"column":8},"end":{"line":226,"column":9}},"92":{"start":{"line":221,"column":12},"end":{"line":221,"column":136}},"93":{"start":{"line":225,"column":12},"end":{"line":225,"column":60}},"94":{"start":{"line":229,"column":8},"end":{"line":229,"column":63}},"95":{"start":{"line":233,"column":22},"end":{"line":248,"column":1}},"96":{"start":{"line":234,"column":4},"end":{"line":247,"column":5}},"97":{"start":{"line":235,"column":27},"end":{"line":236,"column":10}},"98":{"start":{"line":237,"column":8},"end":{"line":242,"column":9}},"99":{"start":{"line":238,"column":12},"end":{"line":238,"column":68}},"100":{"start":{"line":241,"column":12},"end":{"line":241,"column":66}},"101":{"start":{"line":246,"column":8},"end":{"line":246,"column":63}},"102":{"start":{"line":250,"column":31},"end":{"line":280,"column":1}},"103":{"start":{"line":251,"column":23},"end":{"line":251,"column":59}},"104":{"start":{"line":252,"column":21},"end":{"line":261,"column":5}},"105":{"start":{"line":263,"column":4},"end":{"line":265,"column":5}},"106":{"start":{"line":264,"column":8},"end":{"line":264,"column":62}},"107":{"start":{"line":267,"column":4},"end":{"line":279,"column":5}},"108":{"start":{"line":268,"column":36},"end":{"line":268,"column":77}},"109":{"start":{"line":270,"column":8},"end":{"line":275,"column":9}},"110":{"start":{"line":271,"column":12},"end":{"line":271,"column":88}},"111":{"start":{"line":274,"column":12},"end":{"line":274,"column":77}},"112":{"start":{"line":278,"column":8},"end":{"line":278,"column":63}},"113":{"start":{"line":282,"column":28},"end":{"line":312,"column":1}},"114":{"start":{"line":283,"column":23},"end":{"line":283,"column":59}},"115":{"start":{"line":284,"column":21},"end":{"line":293,"column":5}},"116":{"start":{"line":295,"column":4},"end":{"line":297,"column":5}},"117":{"start":{"line":296,"column":8},"end":{"line":296,"column":62}},"118":{"start":{"line":299,"column":4},"end":{"line":311,"column":5}},"119":{"start":{"line":300,"column":33},"end":{"line":300,"column":74}},"120":{"start":{"line":302,"column":8},"end":{"line":307,"column":9}},"121":{"start":{"line":303,"column":12},"end":{"line":303,"column":81}},"122":{"start":{"line":306,"column":12},"end":{"line":306,"column":73}},"123":{"start":{"line":310,"column":8},"end":{"line":310,"column":63}},"124":{"start":{"line":314,"column":28},"end":{"line":344,"column":1}},"125":{"start":{"line":315,"column":23},"end":{"line":315,"column":59}},"126":{"start":{"line":316,"column":21},"end":{"line":325,"column":5}},"127":{"start":{"line":327,"column":4},"end":{"line":329,"column":5}},"128":{"start":{"line":328,"column":8},"end":{"line":328,"column":60}},"129":{"start":{"line":331,"column":4},"end":{"line":343,"column":5}},"130":{"start":{"line":332,"column":33},"end":{"line":332,"column":74}},"131":{"start":{"line":334,"column":8},"end":{"line":339,"column":9}},"132":{"start":{"line":335,"column":12},"end":{"line":335,"column":81}},"133":{"start":{"line":338,"column":12},"end":{"line":338,"column":73}},"134":{"start":{"line":342,"column":8},"end":{"line":342,"column":63}},"135":{"start":{"line":346,"column":26},"end":{"line":366,"column":1}},"136":{"start":{"line":347,"column":4},"end":{"line":364,"column":5}},"137":{"start":{"line":348,"column":29},"end":{"line":352,"column":10}},"138":{"start":{"line":354,"column":8},"end":{"line":359,"column":9}},"139":{"start":{"line":355,"column":12},"end":{"line":355,"column":100}},"140":{"start":{"line":358,"column":12},"end":{"line":358,"column":76}},"141":{"start":{"line":363,"column":8},"end":{"line":363,"column":63}},"142":{"start":{"line":368,"column":27},"end":{"line":417,"column":1}},"143":{"start":{"line":369,"column":21},"end":{"line":369,"column":54}},"144":{"start":{"line":370,"column":21},"end":{"line":370,"column":46}},"145":{"start":{"line":371,"column":23},"end":{"line":371,"column":46}},"146":{"start":{"line":375,"column":4},"end":{"line":391,"column":5}},"147":{"start":{"line":376,"column":8},"end":{"line":376,"column":31}},"148":{"start":{"line":377,"column":8},"end":{"line":377,"column":37}},"149":{"start":{"line":379,"column":9},"end":{"line":391,"column":5}},"150":{"start":{"line":380,"column":8},"end":{"line":380,"column":33}},"151":{"start":{"line":381,"column":8},"end":{"line":381,"column":39}},"152":{"start":{"line":382,"column":8},"end":{"line":382,"column":24}},"153":{"start":{"line":384,"column":9},"end":{"line":391,"column":5}},"154":{"start":{"line":385,"column":8},"end":{"line":385,"column":33}},"155":{"start":{"line":386,"column":8},"end":{"line":386,"column":39}},"156":{"start":{"line":387,"column":8},"end":{"line":387,"column":28}},"157":{"start":{"line":390,"column":8},"end":{"line":390,"column":59}},"158":{"start":{"line":392,"column":23},"end":{"line":400,"column":5}},"159":{"start":{"line":401,"column":4},"end":{"line":403,"column":5}},"160":{"start":{"line":402,"column":8},"end":{"line":402,"column":49}},"161":{"start":{"line":405,"column":4},"end":{"line":416,"column":5}},"162":{"start":{"line":406,"column":34},"end":{"line":406,"column":75}},"163":{"start":{"line":407,"column":8},"end":{"line":412,"column":9}},"164":{"start":{"line":408,"column":12},"end":{"line":408,"column":177}},"165":{"start":{"line":411,"column":12},"end":{"line":411,"column":60}},"166":{"start":{"line":415,"column":8},"end":{"line":415,"column":63}},"167":{"start":{"line":419,"column":0},"end":{"line":422,"column":2}}},"fnMap":{"0":{"name":"validateRegister","decl":{"start":{"line":19,"column":9},"end":{"line":19,"column":25}},"loc":{"start":{"line":19,"column":85},"end":{"line":30,"column":1}},"line":19},"1":{"name":"(anonymous_1)","decl":{"start":{"line":32,"column":17},"end":{"line":32,"column":18}},"loc":{"start":{"line":32,"column":43},"end":{"line":80,"column":1}},"line":32},"2":{"name":"(anonymous_2)","decl":{"start":{"line":82,"column":30},"end":{"line":82,"column":31}},"loc":{"start":{"line":82,"column":54},"end":{"line":97,"column":1}},"line":82},"3":{"name":"(anonymous_3)","decl":{"start":{"line":99,"column":29},"end":{"line":99,"column":30}},"loc":{"start":{"line":99,"column":53},"end":{"line":117,"column":1}},"line":99},"4":{"name":"(anonymous_4)","decl":{"start":{"line":119,"column":28},"end":{"line":119,"column":29}},"loc":{"start":{"line":119,"column":52},"end":{"line":133,"column":1}},"line":119},"5":{"name":"(anonymous_5)","decl":{"start":{"line":135,"column":24},"end":{"line":135,"column":25}},"loc":{"start":{"line":135,"column":48},"end":{"line":157,"column":1}},"line":135},"6":{"name":"(anonymous_6)","decl":{"start":{"line":159,"column":28},"end":{"line":159,"column":29}},"loc":{"start":{"line":159,"column":52},"end":{"line":181,"column":1}},"line":159},"7":{"name":"(anonymous_7)","decl":{"start":{"line":183,"column":25},"end":{"line":183,"column":26}},"loc":{"start":{"line":183,"column":49},"end":{"line":205,"column":1}},"line":183},"8":{"name":"(anonymous_8)","decl":{"start":{"line":207,"column":24},"end":{"line":207,"column":25}},"loc":{"start":{"line":207,"column":48},"end":{"line":231,"column":1}},"line":207},"9":{"name":"(anonymous_9)","decl":{"start":{"line":233,"column":22},"end":{"line":233,"column":23}},"loc":{"start":{"line":233,"column":46},"end":{"line":248,"column":1}},"line":233},"10":{"name":"(anonymous_10)","decl":{"start":{"line":250,"column":31},"end":{"line":250,"column":32}},"loc":{"start":{"line":250,"column":55},"end":{"line":280,"column":1}},"line":250},"11":{"name":"(anonymous_11)","decl":{"start":{"line":282,"column":28},"end":{"line":282,"column":29}},"loc":{"start":{"line":282,"column":52},"end":{"line":312,"column":1}},"line":282},"12":{"name":"(anonymous_12)","decl":{"start":{"line":314,"column":28},"end":{"line":314,"column":29}},"loc":{"start":{"line":314,"column":52},"end":{"line":344,"column":1}},"line":314},"13":{"name":"(anonymous_13)","decl":{"start":{"line":346,"column":26},"end":{"line":346,"column":27}},"loc":{"start":{"line":346,"column":50},"end":{"line":366,"column":1}},"line":346},"14":{"name":"(anonymous_14)","decl":{"start":{"line":368,"column":27},"end":{"line":368,"column":28}},"loc":{"start":{"line":368,"column":51},"end":{"line":417,"column":1}},"line":368}},"branchMap":{"0":{"loc":{"start":{"line":35,"column":4},"end":{"line":37,"column":5}},"type":"if","locations":[{"start":{"line":35,"column":4},"end":{"line":37,"column":5}},{"start":{"line":35,"column":4},"end":{"line":37,"column":5}}],"line":35},"1":{"loc":{"start":{"line":38,"column":4},"end":{"line":40,"column":5}},"type":"if","locations":[{"start":{"line":38,"column":4},"end":{"line":40,"column":5}},{"start":{"line":38,"column":4},"end":{"line":40,"column":5}}],"line":38},"2":{"loc":{"start":{"line":41,"column":4},"end":{"line":43,"column":5}},"type":"if","locations":[{"start":{"line":41,"column":4},"end":{"line":43,"column":5}},{"start":{"line":41,"column":4},"end":{"line":43,"column":5}}],"line":41},"3":{"loc":{"start":{"line":55,"column":8},"end":{"line":69,"column":9}},"type":"if","locations":[{"start":{"line":55,"column":8},"end":{"line":69,"column":9}},{"start":{"line":55,"column":8},"end":{"line":69,"column":9}}],"line":55},"4":{"loc":{"start":{"line":55,"column":12},"end":{"line":55,"column":51}},"type":"binary-expr","locations":[{"start":{"line":55,"column":12},"end":{"line":55,"column":37}},{"start":{"line":55,"column":41},"end":{"line":55,"column":51}}],"line":55},"5":{"loc":{"start":{"line":67,"column":13},"end":{"line":69,"column":9}},"type":"if","locations":[{"start":{"line":67,"column":13},"end":{"line":69,"column":9}},{"start":{"line":67,"column":13},"end":{"line":69,"column":9}}],"line":67},"6":{"loc":{"start":{"line":67,"column":16},"end":{"line":67,"column":56}},"type":"binary-expr","locations":[{"start":{"line":67,"column":16},"end":{"line":67,"column":41}},{"start":{"line":67,"column":45},"end":{"line":67,"column":56}}],"line":67},"7":{"loc":{"start":{"line":70,"column":8},"end":{"line":75,"column":9}},"type":"if","locations":[{"start":{"line":70,"column":8},"end":{"line":75,"column":9}},{"start":{"line":70,"column":8},"end":{"line":75,"column":9}}],"line":70},"8":{"loc":{"start":{"line":86,"column":8},"end":{"line":91,"column":9}},"type":"if","locations":[{"start":{"line":86,"column":8},"end":{"line":91,"column":9}},{"start":{"line":86,"column":8},"end":{"line":91,"column":9}}],"line":86},"9":{"loc":{"start":{"line":86,"column":12},"end":{"line":86,"column":71}},"type":"binary-expr","locations":[{"start":{"line":86,"column":12},"end":{"line":86,"column":34}},{"start":{"line":86,"column":38},"end":{"line":86,"column":71}}],"line":86},"10":{"loc":{"start":{"line":106,"column":8},"end":{"line":111,"column":9}},"type":"if","locations":[{"start":{"line":106,"column":8},"end":{"line":111,"column":9}},{"start":{"line":106,"column":8},"end":{"line":111,"column":9}}],"line":106},"11":{"loc":{"start":{"line":106,"column":12},"end":{"line":106,"column":69}},"type":"binary-expr","locations":[{"start":{"line":106,"column":12},"end":{"line":106,"column":33}},{"start":{"line":106,"column":37},"end":{"line":106,"column":69}}],"line":106},"12":{"loc":{"start":{"line":122,"column":8},"end":{"line":127,"column":9}},"type":"if","locations":[{"start":{"line":122,"column":8},"end":{"line":127,"column":9}},{"start":{"line":122,"column":8},"end":{"line":127,"column":9}}],"line":122},"13":{"loc":{"start":{"line":122,"column":12},"end":{"line":122,"column":67}},"type":"binary-expr","locations":[{"start":{"line":122,"column":12},"end":{"line":122,"column":32}},{"start":{"line":122,"column":36},"end":{"line":122,"column":67}}],"line":122},"14":{"loc":{"start":{"line":136,"column":21},"end":{"line":136,"column":54}},"type":"binary-expr","locations":[{"start":{"line":136,"column":21},"end":{"line":136,"column":49}},{"start":{"line":136,"column":53},"end":{"line":136,"column":54}}],"line":136},"15":{"loc":{"start":{"line":147,"column":8},"end":{"line":152,"column":9}},"type":"if","locations":[{"start":{"line":147,"column":8},"end":{"line":152,"column":9}},{"start":{"line":147,"column":8},"end":{"line":152,"column":9}}],"line":147},"16":{"loc":{"start":{"line":160,"column":21},"end":{"line":160,"column":54}},"type":"binary-expr","locations":[{"start":{"line":160,"column":21},"end":{"line":160,"column":49}},{"start":{"line":160,"column":53},"end":{"line":160,"column":54}}],"line":160},"17":{"loc":{"start":{"line":171,"column":8},"end":{"line":176,"column":9}},"type":"if","locations":[{"start":{"line":171,"column":8},"end":{"line":176,"column":9}},{"start":{"line":171,"column":8},"end":{"line":176,"column":9}}],"line":171},"18":{"loc":{"start":{"line":184,"column":21},"end":{"line":184,"column":54}},"type":"binary-expr","locations":[{"start":{"line":184,"column":21},"end":{"line":184,"column":49}},{"start":{"line":184,"column":53},"end":{"line":184,"column":54}}],"line":184},"19":{"loc":{"start":{"line":195,"column":8},"end":{"line":200,"column":9}},"type":"if","locations":[{"start":{"line":195,"column":8},"end":{"line":200,"column":9}},{"start":{"line":195,"column":8},"end":{"line":200,"column":9}}],"line":195},"20":{"loc":{"start":{"line":208,"column":21},"end":{"line":208,"column":54}},"type":"binary-expr","locations":[{"start":{"line":208,"column":21},"end":{"line":208,"column":49}},{"start":{"line":208,"column":53},"end":{"line":208,"column":54}}],"line":208},"21":{"loc":{"start":{"line":220,"column":8},"end":{"line":226,"column":9}},"type":"if","locations":[{"start":{"line":220,"column":8},"end":{"line":226,"column":9}},{"start":{"line":220,"column":8},"end":{"line":226,"column":9}}],"line":220},"22":{"loc":{"start":{"line":237,"column":8},"end":{"line":242,"column":9}},"type":"if","locations":[{"start":{"line":237,"column":8},"end":{"line":242,"column":9}},{"start":{"line":237,"column":8},"end":{"line":242,"column":9}}],"line":237},"23":{"loc":{"start":{"line":237,"column":12},"end":{"line":237,"column":45}},"type":"binary-expr","locations":[{"start":{"line":237,"column":12},"end":{"line":237,"column":22}},{"start":{"line":237,"column":26},"end":{"line":237,"column":45}}],"line":237},"24":{"loc":{"start":{"line":251,"column":23},"end":{"line":251,"column":59}},"type":"binary-expr","locations":[{"start":{"line":251,"column":23},"end":{"line":251,"column":51}},{"start":{"line":251,"column":55},"end":{"line":251,"column":59}}],"line":251},"25":{"loc":{"start":{"line":263,"column":4},"end":{"line":265,"column":5}},"type":"if","locations":[{"start":{"line":263,"column":4},"end":{"line":265,"column":5}},{"start":{"line":263,"column":4},"end":{"line":265,"column":5}}],"line":263},"26":{"loc":{"start":{"line":270,"column":8},"end":{"line":275,"column":9}},"type":"if","locations":[{"start":{"line":270,"column":8},"end":{"line":275,"column":9}},{"start":{"line":270,"column":8},"end":{"line":275,"column":9}}],"line":270},"27":{"loc":{"start":{"line":270,"column":12},"end":{"line":270,"column":63}},"type":"binary-expr","locations":[{"start":{"line":270,"column":12},"end":{"line":270,"column":31}},{"start":{"line":270,"column":35},"end":{"line":270,"column":63}}],"line":270},"28":{"loc":{"start":{"line":283,"column":23},"end":{"line":283,"column":59}},"type":"binary-expr","locations":[{"start":{"line":283,"column":23},"end":{"line":283,"column":51}},{"start":{"line":283,"column":55},"end":{"line":283,"column":59}}],"line":283},"29":{"loc":{"start":{"line":295,"column":4},"end":{"line":297,"column":5}},"type":"if","locations":[{"start":{"line":295,"column":4},"end":{"line":297,"column":5}},{"start":{"line":295,"column":4},"end":{"line":297,"column":5}}],"line":295},"30":{"loc":{"start":{"line":302,"column":8},"end":{"line":307,"column":9}},"type":"if","locations":[{"start":{"line":302,"column":8},"end":{"line":307,"column":9}},{"start":{"line":302,"column":8},"end":{"line":307,"column":9}}],"line":302},"31":{"loc":{"start":{"line":302,"column":12},"end":{"line":302,"column":57}},"type":"binary-expr","locations":[{"start":{"line":302,"column":12},"end":{"line":302,"column":28}},{"start":{"line":302,"column":32},"end":{"line":302,"column":57}}],"line":302},"32":{"loc":{"start":{"line":315,"column":23},"end":{"line":315,"column":59}},"type":"binary-expr","locations":[{"start":{"line":315,"column":23},"end":{"line":315,"column":51}},{"start":{"line":315,"column":55},"end":{"line":315,"column":59}}],"line":315},"33":{"loc":{"start":{"line":327,"column":4},"end":{"line":329,"column":5}},"type":"if","locations":[{"start":{"line":327,"column":4},"end":{"line":329,"column":5}},{"start":{"line":327,"column":4},"end":{"line":329,"column":5}}],"line":327},"34":{"loc":{"start":{"line":334,"column":8},"end":{"line":339,"column":9}},"type":"if","locations":[{"start":{"line":334,"column":8},"end":{"line":339,"column":9}},{"start":{"line":334,"column":8},"end":{"line":339,"column":9}}],"line":334},"35":{"loc":{"start":{"line":334,"column":12},"end":{"line":334,"column":57}},"type":"binary-expr","locations":[{"start":{"line":334,"column":12},"end":{"line":334,"column":28}},{"start":{"line":334,"column":32},"end":{"line":334,"column":57}}],"line":334},"36":{"loc":{"start":{"line":354,"column":8},"end":{"line":359,"column":9}},"type":"if","locations":[{"start":{"line":354,"column":8},"end":{"line":359,"column":9}},{"start":{"line":354,"column":8},"end":{"line":359,"column":9}}],"line":354},"37":{"loc":{"start":{"line":354,"column":12},"end":{"line":354,"column":49}},"type":"binary-expr","locations":[{"start":{"line":354,"column":12},"end":{"line":354,"column":24}},{"start":{"line":354,"column":28},"end":{"line":354,"column":49}}],"line":354},"38":{"loc":{"start":{"line":369,"column":21},"end":{"line":369,"column":54}},"type":"binary-expr","locations":[{"start":{"line":369,"column":21},"end":{"line":369,"column":49}},{"start":{"line":369,"column":53},"end":{"line":369,"column":54}}],"line":369},"39":{"loc":{"start":{"line":370,"column":21},"end":{"line":370,"column":46}},"type":"binary-expr","locations":[{"start":{"line":370,"column":21},"end":{"line":370,"column":35}},{"start":{"line":370,"column":39},"end":{"line":370,"column":46}}],"line":370},"40":{"loc":{"start":{"line":371,"column":23},"end":{"line":371,"column":46}},"type":"binary-expr","locations":[{"start":{"line":371,"column":23},"end":{"line":371,"column":41}},{"start":{"line":371,"column":45},"end":{"line":371,"column":46}}],"line":371},"41":{"loc":{"start":{"line":375,"column":4},"end":{"line":391,"column":5}},"type":"if","locations":[{"start":{"line":375,"column":4},"end":{"line":391,"column":5}},{"start":{"line":375,"column":4},"end":{"line":391,"column":5}}],"line":375},"42":{"loc":{"start":{"line":379,"column":9},"end":{"line":391,"column":5}},"type":"if","locations":[{"start":{"line":379,"column":9},"end":{"line":391,"column":5}},{"start":{"line":379,"column":9},"end":{"line":391,"column":5}}],"line":379},"43":{"loc":{"start":{"line":384,"column":9},"end":{"line":391,"column":5}},"type":"if","locations":[{"start":{"line":384,"column":9},"end":{"line":391,"column":5}},{"start":{"line":384,"column":9},"end":{"line":391,"column":5}}],"line":384},"44":{"loc":{"start":{"line":401,"column":4},"end":{"line":403,"column":5}},"type":"if","locations":[{"start":{"line":401,"column":4},"end":{"line":403,"column":5}},{"start":{"line":401,"column":4},"end":{"line":403,"column":5}}],"line":401},"45":{"loc":{"start":{"line":401,"column":8},"end":{"line":401,"column":47}},"type":"binary-expr","locations":[{"start":{"line":401,"column":8},"end":{"line":401,"column":28}},{"start":{"line":401,"column":32},"end":{"line":401,"column":47}}],"line":401},"46":{"loc":{"start":{"line":407,"column":8},"end":{"line":412,"column":9}},"type":"if","locations":[{"start":{"line":407,"column":8},"end":{"line":412,"column":9}},{"start":{"line":407,"column":8},"end":{"line":412,"column":9}}],"line":407}},"s":{"0":6,"1":6,"2":6,"3":6,"4":6,"5":6,"6":6,"7":6,"8":6,"9":6,"10":6,"11":6,"12":6,"13":6,"14":6,"15":6,"16":0,"17":0,"18":6,"19":0,"20":0,"21":0,"22":0,"23":0,"24":0,"25":0,"26":0,"27":0,"28":0,"29":0,"30":0,"31":0,"32":0,"33":0,"34":0,"35":0,"36":0,"37":0,"38":0,"39":6,"40":0,"41":0,"42":0,"43":0,"44":0,"45":0,"46":0,"47":6,"48":0,"49":0,"50":0,"51":0,"52":0,"53":0,"54":0,"55":0,"56":6,"57":0,"58":0,"59":0,"60":0,"61":0,"62":0,"63":6,"64":0,"65":0,"66":0,"67":0,"68":0,"69":0,"70":0,"71":6,"72":0,"73":0,"74":0,"75":0,"76":0,"77":0,"78":0,"79":6,"80":0,"81":0,"82":0,"83":0,"84":0,"85":0,"86":0,"87":6,"88":0,"89":0,"90":0,"91":0,"92":0,"93":0,"94":0,"95":6,"96":0,"97":0,"98":0,"99":0,"100":0,"101":0,"102":6,"103":0,"104":0,"105":0,"106":0,"107":0,"108":0,"109":0,"110":0,"111":0,"112":0,"113":6,"114":0,"115":0,"116":0,"117":0,"118":0,"119":0,"120":0,"121":0,"122":0,"123":0,"124":6,"125":0,"126":0,"127":0,"128":0,"129":0,"130":0,"131":0,"132":0,"133":0,"134":0,"135":6,"136":0,"137":0,"138":0,"139":0,"140":0,"141":0,"142":6,"143":0,"144":0,"145":0,"146":0,"147":0,"148":0,"149":0,"150":0,"151":0,"152":0,"153":0,"154":0,"155":0,"156":0,"157":0,"158":0,"159":0,"160":0,"161":0,"162":0,"163":0,"164":0,"165":0,"166":0,"167":6},"f":{"0":0,"1":0,"2":0,"3":0,"4":0,"5":0,"6":0,"7":0,"8":0,"9":0,"10":0,"11":0,"12":0,"13":0,"14":0},"b":{"0":[0,0],"1":[0,0],"2":[0,0],"3":[0,0],"4":[0,0],"5":[0,0],"6":[0,0],"7":[0,0],"8":[0,0],"9":[0,0],"10":[0,0],"11":[0,0],"12":[0,0],"13":[0,0],"14":[0,0],"15":[0,0],"16":[0,0],"17":[0,0],"18":[0,0],"19":[0,0],"20":[0,0],"21":[0,0],"22":[0,0],"23":[0,0],"24":[0,0],"25":[0,0],"26":[0,0],"27":[0,0],"28":[0,0],"29":[0,0],"30":[0,0],"31":[0,0],"32":[0,0],"33":[0,0],"34":[0,0],"35":[0,0],"36":[0,0],"37":[0,0],"38":[0,0],"39":[0,0],"40":[0,0],"41":[0,0],"42":[0,0],"43":[0,0],"44":[0,0],"45":[0,0],"46":[0,0]},"_coverageSchema":"1a1c01bbd47fc00a2c39e90264f33305004495a9","hash":"1ecf9fcb8ed03173a80b910ff01267b2bd39536a"}
,"C:\\Users\\user\\Desktop\\Final SEP\\Covid-Patient-tracker--Backend\\controllers\\patient.js": {"path":"C:\\Users\\user\\Desktop\\Final SEP\\Covid-Patient-tracker--Backend\\controllers\\patient.js","statementMap":{"0":{"start":{"line":1,"column":15},"end":{"line":1,"column":35}},"1":{"start":{"line":2,"column":18},"end":{"line":2,"column":43}},"2":{"start":{"line":3,"column":13},"end":{"line":3,"column":68}},"3":{"start":{"line":4,"column":41},"end":{"line":4,"column":77}},"4":{"start":{"line":5,"column":12},"end":{"line":5,"column":26}},"5":{"start":{"line":7,"column":17},"end":{"line":7,"column":34}},"6":{"start":{"line":8,"column":14},"end":{"line":8,"column":28}},"7":{"start":{"line":13,"column":2},"end":{"line":22,"column":5}},"8":{"start":{"line":27,"column":0},"end":{"line":27,"column":135}},"9":{"start":{"line":36,"column":15},"end":{"line":41,"column":3}},"10":{"start":{"line":44,"column":0},"end":{"line":44,"column":94}},"11":{"start":{"line":51,"column":15},"end":{"line":57,"column":3}},"12":{"start":{"line":60,"column":0},"end":{"line":60,"column":132}},"13":{"start":{"line":63,"column":21},"end":{"line":142,"column":1}},"14":{"start":{"line":83,"column":4},"end":{"line":83,"column":12}},"15":{"start":{"line":85,"column":1},"end":{"line":85,"column":22}},"16":{"start":{"line":86,"column":26},"end":{"line":86,"column":40}},"17":{"start":{"line":89,"column":0},"end":{"line":91,"column":1}},"18":{"start":{"line":90,"column":2},"end":{"line":90,"column":72}},"19":{"start":{"line":93,"column":25},"end":{"line":93,"column":100}},"20":{"start":{"line":94,"column":10},"end":{"line":94,"column":20}},"21":{"start":{"line":96,"column":0},"end":{"line":98,"column":1}},"22":{"start":{"line":97,"column":2},"end":{"line":97,"column":57}},"23":{"start":{"line":102,"column":0},"end":{"line":104,"column":1}},"24":{"start":{"line":103,"column":2},"end":{"line":103,"column":59}},"25":{"start":{"line":105,"column":2},"end":{"line":141,"column":1}},"26":{"start":{"line":106,"column":17},"end":{"line":130,"column":3}},"27":{"start":{"line":134,"column":2},"end":{"line":138,"column":3}},"28":{"start":{"line":135,"column":4},"end":{"line":135,"column":78}},"29":{"start":{"line":137,"column":4},"end":{"line":137,"column":86}},"30":{"start":{"line":140,"column":2},"end":{"line":140,"column":58}},"31":{"start":{"line":147,"column":25},"end":{"line":178,"column":1}},"32":{"start":{"line":151,"column":6},"end":{"line":151,"column":14}},"33":{"start":{"line":153,"column":2},"end":{"line":153,"column":23}},"34":{"start":{"line":154,"column":30},"end":{"line":154,"column":44}},"35":{"start":{"line":155,"column":20},"end":{"line":155,"column":77}},"36":{"start":{"line":157,"column":2},"end":{"line":159,"column":1}},"37":{"start":{"line":158,"column":4},"end":{"line":158,"column":59}},"38":{"start":{"line":160,"column":4},"end":{"line":177,"column":3}},"39":{"start":{"line":161,"column":19},"end":{"line":168,"column":5}},"40":{"start":{"line":169,"column":4},"end":{"line":169,"column":24}},"41":{"start":{"line":170,"column":4},"end":{"line":174,"column":5}},"42":{"start":{"line":171,"column":6},"end":{"line":171,"column":83}},"43":{"start":{"line":173,"column":6},"end":{"line":173,"column":64}},"44":{"start":{"line":176,"column":4},"end":{"line":176,"column":60}},"45":{"start":{"line":183,"column":24},"end":{"line":218,"column":1}},"46":{"start":{"line":186,"column":4},"end":{"line":186,"column":12}},"47":{"start":{"line":190,"column":19},"end":{"line":190,"column":100}},"48":{"start":{"line":193,"column":0},"end":{"line":195,"column":1}},"49":{"start":{"line":194,"column":2},"end":{"line":194,"column":57}},"50":{"start":{"line":198,"column":2},"end":{"line":217,"column":1}},"51":{"start":{"line":199,"column":17},"end":{"line":206,"column":3}},"52":{"start":{"line":210,"column":2},"end":{"line":214,"column":3}},"53":{"start":{"line":211,"column":4},"end":{"line":211,"column":81}},"54":{"start":{"line":213,"column":4},"end":{"line":213,"column":62}},"55":{"start":{"line":216,"column":2},"end":{"line":216,"column":58}},"56":{"start":{"line":220,"column":20},"end":{"line":227,"column":1}},"57":{"start":{"line":221,"column":2},"end":{"line":226,"column":3}},"58":{"start":{"line":222,"column":21},"end":{"line":222,"column":44}},"59":{"start":{"line":223,"column":4},"end":{"line":223,"column":23}},"60":{"start":{"line":225,"column":4},"end":{"line":225,"column":60}},"61":{"start":{"line":229,"column":23},"end":{"line":241,"column":1}},"62":{"start":{"line":230,"column":2},"end":{"line":240,"column":3}},"63":{"start":{"line":231,"column":20},"end":{"line":231,"column":57}},"64":{"start":{"line":232,"column":4},"end":{"line":236,"column":5}},"65":{"start":{"line":233,"column":6},"end":{"line":233,"column":40}},"66":{"start":{"line":235,"column":6},"end":{"line":235,"column":44}},"67":{"start":{"line":237,"column":4},"end":{"line":237,"column":21}},"68":{"start":{"line":239,"column":4},"end":{"line":239,"column":60}},"69":{"start":{"line":244,"column":22},"end":{"line":290,"column":1}},"70":{"start":{"line":246,"column":1},"end":{"line":250,"column":2}},"71":{"start":{"line":247,"column":3},"end":{"line":247,"column":32}},"72":{"start":{"line":249,"column":2},"end":{"line":249,"column":32}},"73":{"start":{"line":252,"column":1},"end":{"line":254,"column":1}},"74":{"start":{"line":253,"column":2},"end":{"line":253,"column":70}},"75":{"start":{"line":255,"column":1},"end":{"line":289,"column":5}},"76":{"start":{"line":256,"column":18},"end":{"line":256,"column":55}},"77":{"start":{"line":257,"column":6},"end":{"line":257,"column":50}},"78":{"start":{"line":258,"column":6},"end":{"line":258,"column":47}},"79":{"start":{"line":259,"column":6},"end":{"line":259,"column":56}},"80":{"start":{"line":260,"column":6},"end":{"line":260,"column":68}},"81":{"start":{"line":261,"column":6},"end":{"line":261,"column":59}},"82":{"start":{"line":262,"column":6},"end":{"line":262,"column":68}},"83":{"start":{"line":263,"column":6},"end":{"line":263,"column":62}},"84":{"start":{"line":264,"column":6},"end":{"line":264,"column":50}},"85":{"start":{"line":265,"column":6},"end":{"line":265,"column":77}},"86":{"start":{"line":267,"column":29},"end":{"line":267,"column":49}},"87":{"start":{"line":269,"column":6},"end":{"line":273,"column":7}},"88":{"start":{"line":270,"column":8},"end":{"line":270,"column":49}},"89":{"start":{"line":272,"column":8},"end":{"line":272,"column":53}},"90":{"start":{"line":275,"column":6},"end":{"line":285,"column":8}},"91":{"start":{"line":288,"column":6},"end":{"line":288,"column":62}},"92":{"start":{"line":292,"column":0},"end":{"line":294,"column":2}}},"fnMap":{"0":{"name":"validateAdmitPatient","decl":{"start":{"line":10,"column":9},"end":{"line":10,"column":29}},"loc":{"start":{"line":10,"column":85},"end":{"line":28,"column":1}},"line":10},"1":{"name":"validateDischargePatient","decl":{"start":{"line":33,"column":9},"end":{"line":33,"column":33}},"loc":{"start":{"line":33,"column":67},"end":{"line":45,"column":1}},"line":33},"2":{"name":"validateTransferPatient","decl":{"start":{"line":48,"column":9},"end":{"line":48,"column":32}},"loc":{"start":{"line":48,"column":91},"end":{"line":61,"column":1}},"line":48},"3":{"name":"(anonymous_3)","decl":{"start":{"line":63,"column":21},"end":{"line":63,"column":22}},"loc":{"start":{"line":63,"column":47},"end":{"line":142,"column":1}},"line":63},"4":{"name":"(anonymous_4)","decl":{"start":{"line":147,"column":25},"end":{"line":147,"column":26}},"loc":{"start":{"line":147,"column":51},"end":{"line":178,"column":1}},"line":147},"5":{"name":"(anonymous_5)","decl":{"start":{"line":183,"column":24},"end":{"line":183,"column":25}},"loc":{"start":{"line":183,"column":50},"end":{"line":218,"column":1}},"line":183},"6":{"name":"(anonymous_6)","decl":{"start":{"line":220,"column":20},"end":{"line":220,"column":21}},"loc":{"start":{"line":220,"column":46},"end":{"line":227,"column":1}},"line":220},"7":{"name":"(anonymous_7)","decl":{"start":{"line":229,"column":23},"end":{"line":229,"column":24}},"loc":{"start":{"line":229,"column":49},"end":{"line":241,"column":1}},"line":229},"8":{"name":"(anonymous_8)","decl":{"start":{"line":244,"column":22},"end":{"line":244,"column":23}},"loc":{"start":{"line":244,"column":48},"end":{"line":290,"column":1}},"line":244}},"branchMap":{"0":{"loc":{"start":{"line":89,"column":0},"end":{"line":91,"column":1}},"type":"if","locations":[{"start":{"line":89,"column":0},"end":{"line":91,"column":1}},{"start":{"line":89,"column":0},"end":{"line":91,"column":1}}],"line":89},"1":{"loc":{"start":{"line":96,"column":0},"end":{"line":98,"column":1}},"type":"if","locations":[{"start":{"line":96,"column":0},"end":{"line":98,"column":1}},{"start":{"line":96,"column":0},"end":{"line":98,"column":1}}],"line":96},"2":{"loc":{"start":{"line":102,"column":0},"end":{"line":104,"column":1}},"type":"if","locations":[{"start":{"line":102,"column":0},"end":{"line":104,"column":1}},{"start":{"line":102,"column":0},"end":{"line":104,"column":1}}],"line":102},"3":{"loc":{"start":{"line":134,"column":2},"end":{"line":138,"column":3}},"type":"if","locations":[{"start":{"line":134,"column":2},"end":{"line":138,"column":3}},{"start":{"line":134,"column":2},"end":{"line":138,"column":3}}],"line":134},"4":{"loc":{"start":{"line":157,"column":2},"end":{"line":159,"column":1}},"type":"if","locations":[{"start":{"line":157,"column":2},"end":{"line":159,"column":1}},{"start":{"line":157,"column":2},"end":{"line":159,"column":1}}],"line":157},"5":{"loc":{"start":{"line":170,"column":4},"end":{"line":174,"column":5}},"type":"if","locations":[{"start":{"line":170,"column":4},"end":{"line":174,"column":5}},{"start":{"line":170,"column":4},"end":{"line":174,"column":5}}],"line":170},"6":{"loc":{"start":{"line":193,"column":0},"end":{"line":195,"column":1}},"type":"if","locations":[{"start":{"line":193,"column":0},"end":{"line":195,"column":1}},{"start":{"line":193,"column":0},"end":{"line":195,"column":1}}],"line":193},"7":{"loc":{"start":{"line":210,"column":2},"end":{"line":214,"column":3}},"type":"if","locations":[{"start":{"line":210,"column":2},"end":{"line":214,"column":3}},{"start":{"line":210,"column":2},"end":{"line":214,"column":3}}],"line":210},"8":{"loc":{"start":{"line":232,"column":4},"end":{"line":236,"column":5}},"type":"if","locations":[{"start":{"line":232,"column":4},"end":{"line":236,"column":5}},{"start":{"line":232,"column":4},"end":{"line":236,"column":5}}],"line":232},"9":{"loc":{"start":{"line":246,"column":1},"end":{"line":250,"column":2}},"type":"if","locations":[{"start":{"line":246,"column":1},"end":{"line":250,"column":2}},{"start":{"line":246,"column":1},"end":{"line":250,"column":2}}],"line":246},"10":{"loc":{"start":{"line":252,"column":1},"end":{"line":254,"column":1}},"type":"if","locations":[{"start":{"line":252,"column":1},"end":{"line":254,"column":1}},{"start":{"line":252,"column":1},"end":{"line":254,"column":1}}],"line":252},"11":{"loc":{"start":{"line":257,"column":21},"end":{"line":257,"column":50}},"type":"binary-expr","locations":[{"start":{"line":257,"column":21},"end":{"line":257,"column":34}},{"start":{"line":257,"column":38},"end":{"line":257,"column":50}}],"line":257},"12":{"loc":{"start":{"line":258,"column":20},"end":{"line":258,"column":47}},"type":"binary-expr","locations":[{"start":{"line":258,"column":20},"end":{"line":258,"column":32}},{"start":{"line":258,"column":36},"end":{"line":258,"column":47}}],"line":258},"13":{"loc":{"start":{"line":259,"column":23},"end":{"line":259,"column":56}},"type":"binary-expr","locations":[{"start":{"line":259,"column":23},"end":{"line":259,"column":38}},{"start":{"line":259,"column":42},"end":{"line":259,"column":56}}],"line":259},"14":{"loc":{"start":{"line":260,"column":27},"end":{"line":260,"column":68}},"type":"binary-expr","locations":[{"start":{"line":260,"column":27},"end":{"line":260,"column":46}},{"start":{"line":260,"column":50},"end":{"line":260,"column":68}}],"line":260},"15":{"loc":{"start":{"line":261,"column":24},"end":{"line":261,"column":59}},"type":"binary-expr","locations":[{"start":{"line":261,"column":24},"end":{"line":261,"column":40}},{"start":{"line":261,"column":44},"end":{"line":261,"column":59}}],"line":261},"16":{"loc":{"start":{"line":262,"column":27},"end":{"line":262,"column":68}},"type":"binary-expr","locations":[{"start":{"line":262,"column":27},"end":{"line":262,"column":46}},{"start":{"line":262,"column":50},"end":{"line":262,"column":68}}],"line":262},"17":{"loc":{"start":{"line":263,"column":25},"end":{"line":263,"column":62}},"type":"binary-expr","locations":[{"start":{"line":263,"column":25},"end":{"line":263,"column":42}},{"start":{"line":263,"column":46},"end":{"line":263,"column":62}}],"line":263},"18":{"loc":{"start":{"line":264,"column":21},"end":{"line":264,"column":50}},"type":"binary-expr","locations":[{"start":{"line":264,"column":21},"end":{"line":264,"column":34}},{"start":{"line":264,"column":38},"end":{"line":264,"column":50}}],"line":264},"19":{"loc":{"start":{"line":265,"column":30},"end":{"line":265,"column":77}},"type":"binary-expr","locations":[{"start":{"line":265,"column":30},"end":{"line":265,"column":52}},{"start":{"line":265,"column":56},"end":{"line":265,"column":77}}],"line":265},"20":{"loc":{"start":{"line":269,"column":6},"end":{"line":273,"column":7}},"type":"if","locations":[{"start":{"line":269,"column":6},"end":{"line":273,"column":7}},{"start":{"line":269,"column":6},"end":{"line":273,"column":7}}],"line":269}},"s":{"0":6,"1":6,"2":6,"3":6,"4":6,"5":6,"6":6,"7":7,"8":7,"9":4,"10":4,"11":6,"12":6,"13":6,"14":7,"15":7,"16":7,"17":7,"18":0,"19":7,"20":7,"21":7,"22":4,"23":3,"24":3,"25":0,"26":0,"27":0,"28":0,"29":0,"30":0,"31":6,"32":4,"33":4,"34":4,"35":4,"36":4,"37":3,"38":1,"39":1,"40":1,"41":1,"42":1,"43":0,"44":0,"45":6,"46":6,"47":6,"48":6,"49":4,"50":2,"51":2,"52":2,"53":0,"54":2,"55":0,"56":6,"57":0,"58":0,"59":0,"60":0,"61":6,"62":0,"63":0,"64":0,"65":0,"66":0,"67":0,"68":0,"69":6,"70":0,"71":0,"72":0,"73":0,"74":0,"75":0,"76":0,"77":0,"78":0,"79":0,"80":0,"81":0,"82":0,"83":0,"84":0,"85":0,"86":0,"87":0,"88":0,"89":0,"90":0,"91":0,"92":6},"f":{"0":7,"1":4,"2":6,"3":7,"4":4,"5":6,"6":0,"7":0,"8":0},"b":{"0":[0,7],"1":[4,3],"2":[3,0],"3":[0,0],"4":[3,1],"5":[1,0],"6":[4,2],"7":[0,2],"8":[0,0],"9":[0,0],"10":[0,0],"11":[0,0],"12":[0,0],"13":[0,0],"14":[0,0],"15":[0,0],"16":[0,0],"17":[0,0],"18":[0,0],"19":[0,0],"20":[0,0]},"_coverageSchema":"1a1c01bbd47fc00a2c39e90264f33305004495a9","hash":"ed3b07d9d3b955295a9b52199cf107e85bf8b42c"}
,"C:\\Users\\user\\Desktop\\Final SEP\\Covid-Patient-tracker--Backend\\controllers\\report.js": {"path":"C:\\Users\\user\\Desktop\\Final SEP\\Covid-Patient-tracker--Backend\\controllers\\report.js","statementMap":{"0":{"start":{"line":1,"column":15},"end":{"line":1,"column":35}},"1":{"start":{"line":2,"column":18},"end":{"line":2,"column":43}},"2":{"start":{"line":3,"column":13},"end":{"line":3,"column":68}},"3":{"start":{"line":4,"column":41},"end":{"line":4,"column":77}},"4":{"start":{"line":5,"column":12},"end":{"line":5,"column":26}},"5":{"start":{"line":7,"column":17},"end":{"line":7,"column":34}},"6":{"start":{"line":8,"column":20},"end":{"line":8,"column":40}},"7":{"start":{"line":9,"column":14},"end":{"line":9,"column":28}},"8":{"start":{"line":10,"column":10},"end":{"line":10,"column":20}},"9":{"start":{"line":14,"column":4},"end":{"line":21,"column":7}},"10":{"start":{"line":24,"column":4},"end":{"line":24,"column":73}},"11":{"start":{"line":28,"column":21},"end":{"line":93,"column":1}},"12":{"start":{"line":40,"column":8},"end":{"line":40,"column":16}},"13":{"start":{"line":43,"column":4},"end":{"line":43,"column":25}},"14":{"start":{"line":45,"column":30},"end":{"line":45,"column":44}},"15":{"start":{"line":47,"column":4},"end":{"line":49,"column":5}},"16":{"start":{"line":48,"column":8},"end":{"line":48,"column":78}},"17":{"start":{"line":51,"column":29},"end":{"line":51,"column":92}},"18":{"start":{"line":54,"column":4},"end":{"line":56,"column":5}},"19":{"start":{"line":55,"column":8},"end":{"line":55,"column":63}},"20":{"start":{"line":57,"column":4},"end":{"line":66,"column":5}},"21":{"start":{"line":58,"column":8},"end":{"line":58,"column":65}},"22":{"start":{"line":61,"column":9},"end":{"line":66,"column":5}},"23":{"start":{"line":62,"column":8},"end":{"line":62,"column":66}},"24":{"start":{"line":64,"column":9},"end":{"line":66,"column":5}},"25":{"start":{"line":65,"column":8},"end":{"line":65,"column":95}},"26":{"start":{"line":67,"column":4},"end":{"line":92,"column":5}},"27":{"start":{"line":68,"column":23},"end":{"line":83,"column":9}},"28":{"start":{"line":84,"column":8},"end":{"line":84,"column":27}},"29":{"start":{"line":85,"column":8},"end":{"line":89,"column":9}},"30":{"start":{"line":86,"column":12},"end":{"line":86,"column":85}},"31":{"start":{"line":88,"column":12},"end":{"line":88,"column":107}},"32":{"start":{"line":91,"column":8},"end":{"line":91,"column":64}},"33":{"start":{"line":95,"column":29},"end":{"line":119,"column":1}},"34":{"start":{"line":98,"column":19},"end":{"line":98,"column":84}},"35":{"start":{"line":100,"column":23},"end":{"line":100,"column":85}},"36":{"start":{"line":101,"column":16},"end":{"line":101,"column":63}},"37":{"start":{"line":103,"column":4},"end":{"line":117,"column":1}},"38":{"start":{"line":104,"column":4},"end":{"line":114,"column":6}},"39":{"start":{"line":116,"column":4},"end":{"line":116,"column":60}},"40":{"start":{"line":121,"column":21},"end":{"line":150,"column":1}},"41":{"start":{"line":123,"column":19},"end":{"line":123,"column":84}},"42":{"start":{"line":124,"column":16},"end":{"line":124,"column":94}},"43":{"start":{"line":126,"column":4},"end":{"line":126,"column":58}},"44":{"start":{"line":127,"column":4},"end":{"line":127,"column":67}},"45":{"start":{"line":128,"column":4},"end":{"line":128,"column":73}},"46":{"start":{"line":129,"column":4},"end":{"line":129,"column":67}},"47":{"start":{"line":130,"column":4},"end":{"line":130,"column":52}},"48":{"start":{"line":133,"column":4},"end":{"line":149,"column":5}},"49":{"start":{"line":134,"column":26},"end":{"line":134,"column":45}},"50":{"start":{"line":135,"column":23},"end":{"line":135,"column":39}},"51":{"start":{"line":137,"column":4},"end":{"line":145,"column":6}},"52":{"start":{"line":148,"column":8},"end":{"line":148,"column":64}},"53":{"start":{"line":153,"column":0},"end":{"line":155,"column":2}}},"fnMap":{"0":{"name":"validateCreateReport","decl":{"start":{"line":12,"column":9},"end":{"line":12,"column":29}},"loc":{"start":{"line":12,"column":73},"end":{"line":25,"column":1}},"line":12},"1":{"name":"(anonymous_1)","decl":{"start":{"line":28,"column":21},"end":{"line":28,"column":22}},"loc":{"start":{"line":28,"column":47},"end":{"line":93,"column":1}},"line":28},"2":{"name":"(anonymous_2)","decl":{"start":{"line":95,"column":29},"end":{"line":95,"column":30}},"loc":{"start":{"line":95,"column":55},"end":{"line":119,"column":1}},"line":95},"3":{"name":"(anonymous_3)","decl":{"start":{"line":121,"column":21},"end":{"line":121,"column":22}},"loc":{"start":{"line":121,"column":47},"end":{"line":150,"column":1}},"line":121}},"branchMap":{"0":{"loc":{"start":{"line":47,"column":4},"end":{"line":49,"column":5}},"type":"if","locations":[{"start":{"line":47,"column":4},"end":{"line":49,"column":5}},{"start":{"line":47,"column":4},"end":{"line":49,"column":5}}],"line":47},"1":{"loc":{"start":{"line":54,"column":4},"end":{"line":56,"column":5}},"type":"if","locations":[{"start":{"line":54,"column":4},"end":{"line":56,"column":5}},{"start":{"line":54,"column":4},"end":{"line":56,"column":5}}],"line":54},"2":{"loc":{"start":{"line":57,"column":4},"end":{"line":66,"column":5}},"type":"if","locations":[{"start":{"line":57,"column":4},"end":{"line":66,"column":5}},{"start":{"line":57,"column":4},"end":{"line":66,"column":5}}],"line":57},"3":{"loc":{"start":{"line":61,"column":9},"end":{"line":66,"column":5}},"type":"if","locations":[{"start":{"line":61,"column":9},"end":{"line":66,"column":5}},{"start":{"line":61,"column":9},"end":{"line":66,"column":5}}],"line":61},"4":{"loc":{"start":{"line":64,"column":9},"end":{"line":66,"column":5}},"type":"if","locations":[{"start":{"line":64,"column":9},"end":{"line":66,"column":5}},{"start":{"line":64,"column":9},"end":{"line":66,"column":5}}],"line":64},"5":{"loc":{"start":{"line":85,"column":8},"end":{"line":89,"column":9}},"type":"if","locations":[{"start":{"line":85,"column":8},"end":{"line":89,"column":9}},{"start":{"line":85,"column":8},"end":{"line":89,"column":9}}],"line":85},"6":{"loc":{"start":{"line":124,"column":42},"end":{"line":124,"column":92}},"type":"binary-expr","locations":[{"start":{"line":124,"column":42},"end":{"line":124,"column":63}},{"start":{"line":124,"column":67},"end":{"line":124,"column":92}}],"line":124},"7":{"loc":{"start":{"line":126,"column":22},"end":{"line":126,"column":58}},"type":"binary-expr","locations":[{"start":{"line":126,"column":22},"end":{"line":126,"column":39}},{"start":{"line":126,"column":43},"end":{"line":126,"column":58}}],"line":126},"8":{"loc":{"start":{"line":127,"column":25},"end":{"line":127,"column":67}},"type":"binary-expr","locations":[{"start":{"line":127,"column":25},"end":{"line":127,"column":45}},{"start":{"line":127,"column":49},"end":{"line":127,"column":67}}],"line":127},"9":{"loc":{"start":{"line":128,"column":27},"end":{"line":128,"column":73}},"type":"binary-expr","locations":[{"start":{"line":128,"column":27},"end":{"line":128,"column":49}},{"start":{"line":128,"column":53},"end":{"line":128,"column":73}}],"line":128},"10":{"loc":{"start":{"line":129,"column":25},"end":{"line":129,"column":67}},"type":"binary-expr","locations":[{"start":{"line":129,"column":25},"end":{"line":129,"column":45}},{"start":{"line":129,"column":49},"end":{"line":129,"column":67}}],"line":129},"11":{"loc":{"start":{"line":130,"column":20},"end":{"line":130,"column":52}},"type":"binary-expr","locations":[{"start":{"line":130,"column":20},"end":{"line":130,"column":35}},{"start":{"line":130,"column":39},"end":{"line":130,"column":52}}],"line":130}},"s":{"0":6,"1":6,"2":6,"3":6,"4":6,"5":6,"6":6,"7":6,"8":6,"9":7,"10":7,"11":6,"12":7,"13":7,"14":7,"15":7,"16":0,"17":7,"18":7,"19":4,"20":3,"21":3,"22":0,"23":0,"24":0,"25":0,"26":0,"27":0,"28":0,"29":0,"30":0,"31":0,"32":0,"33":6,"34":0,"35":0,"36":0,"37":0,"38":0,"39":0,"40":6,"41":0,"42":0,"43":0,"44":0,"45":0,"46":0,"47":0,"48":0,"49":0,"50":0,"51":0,"52":0,"53":6},"f":{"0":7,"1":7,"2":0,"3":0},"b":{"0":[0,7],"1":[4,3],"2":[3,0],"3":[0,0],"4":[0,0],"5":[0,0],"6":[0,0],"7":[0,0],"8":[0,0],"9":[0,0],"10":[0,0],"11":[0,0]},"_coverageSchema":"1a1c01bbd47fc00a2c39e90264f33305004495a9","hash":"241b557578ecdae49b56ac7e64f70c12be6abcf3"}
,"C:\\Users\\user\\Desktop\\Final SEP\\Covid-Patient-tracker--Backend\\controllers\\tests.js": {"path":"C:\\Users\\user\\Desktop\\Final SEP\\Covid-Patient-tracker--Backend\\controllers\\tests.js","statementMap":{"0":{"start":{"line":1,"column":15},"end":{"line":1,"column":35}},"1":{"start":{"line":2,"column":18},"end":{"line":2,"column":43}},"2":{"start":{"line":3,"column":13},"end":{"line":3,"column":68}},"3":{"start":{"line":4,"column":41},"end":{"line":4,"column":77}},"4":{"start":{"line":5,"column":12},"end":{"line":5,"column":26}},"5":{"start":{"line":6,"column":19},"end":{"line":6,"column":36}},"6":{"start":{"line":8,"column":11},"end":{"line":8,"column":22}},"7":{"start":{"line":9,"column":20},"end":{"line":9,"column":40}},"8":{"start":{"line":13,"column":4},"end":{"line":19,"column":7}},"9":{"start":{"line":21,"column":4},"end":{"line":21,"column":61}},"10":{"start":{"line":23,"column":20},"end":{"line":77,"column":1}},"11":{"start":{"line":31,"column":8},"end":{"line":31,"column":16}},"12":{"start":{"line":33,"column":4},"end":{"line":33,"column":25}},"13":{"start":{"line":34,"column":29},"end":{"line":34,"column":79}},"14":{"start":{"line":36,"column":4},"end":{"line":38,"column":5}},"15":{"start":{"line":37,"column":8},"end":{"line":37,"column":63}},"16":{"start":{"line":41,"column":4},"end":{"line":76,"column":6}},"17":{"start":{"line":42,"column":8},"end":{"line":42,"column":88}},"18":{"start":{"line":45,"column":22},"end":{"line":45,"column":102}},"19":{"start":{"line":46,"column":8},"end":{"line":46,"column":45}},"20":{"start":{"line":50,"column":4},"end":{"line":76,"column":5}},"21":{"start":{"line":51,"column":23},"end":{"line":64,"column":9}},"22":{"start":{"line":68,"column":0},"end":{"line":68,"column":19}},"23":{"start":{"line":69,"column":8},"end":{"line":73,"column":9}},"24":{"start":{"line":70,"column":12},"end":{"line":70,"column":90}},"25":{"start":{"line":72,"column":12},"end":{"line":72,"column":111}},"26":{"start":{"line":75,"column":8},"end":{"line":75,"column":64}},"27":{"start":{"line":79,"column":27},"end":{"line":88,"column":3}},"28":{"start":{"line":80,"column":4},"end":{"line":87,"column":7}},"29":{"start":{"line":81,"column":23},"end":{"line":81,"column":88}},"30":{"start":{"line":82,"column":25},"end":{"line":82,"column":41}},"31":{"start":{"line":83,"column":21},"end":{"line":83,"column":71}},"32":{"start":{"line":84,"column":8},"end":{"line":84,"column":22}},"33":{"start":{"line":86,"column":8},"end":{"line":86,"column":64}},"34":{"start":{"line":91,"column":0},"end":{"line":93,"column":2}}},"fnMap":{"0":{"name":"validateEnterResult","decl":{"start":{"line":11,"column":9},"end":{"line":11,"column":28}},"loc":{"start":{"line":11,"column":60},"end":{"line":21,"column":62}},"line":11},"1":{"name":"(anonymous_1)","decl":{"start":{"line":23,"column":20},"end":{"line":23,"column":21}},"loc":{"start":{"line":23,"column":46},"end":{"line":77,"column":1}},"line":23},"2":{"name":"(anonymous_2)","decl":{"start":{"line":79,"column":27},"end":{"line":79,"column":28}},"loc":{"start":{"line":79,"column":53},"end":{"line":88,"column":3}},"line":79}},"branchMap":{"0":{"loc":{"start":{"line":36,"column":4},"end":{"line":38,"column":5}},"type":"if","locations":[{"start":{"line":36,"column":4},"end":{"line":38,"column":5}},{"start":{"line":36,"column":4},"end":{"line":38,"column":5}}],"line":36},"1":{"loc":{"start":{"line":41,"column":4},"end":{"line":76,"column":6}},"type":"if","locations":[{"start":{"line":41,"column":4},"end":{"line":76,"column":6}},{"start":{"line":41,"column":4},"end":{"line":76,"column":6}}],"line":41},"2":{"loc":{"start":{"line":69,"column":8},"end":{"line":73,"column":9}},"type":"if","locations":[{"start":{"line":69,"column":8},"end":{"line":73,"column":9}},{"start":{"line":69,"column":8},"end":{"line":73,"column":9}}],"line":69}},"s":{"0":6,"1":6,"2":6,"3":6,"4":6,"5":6,"6":6,"7":6,"8":5,"9":5,"10":6,"11":5,"12":5,"13":5,"14":5,"15":3,"16":2,"17":1,"18":1,"19":1,"20":1,"21":1,"22":1,"23":1,"24":0,"25":1,"26":0,"27":6,"28":0,"29":0,"30":0,"31":0,"32":0,"33":0,"34":6},"f":{"0":5,"1":5,"2":0},"b":{"0":[3,2],"1":[1,1],"2":[0,1]},"_coverageSchema":"1a1c01bbd47fc00a2c39e90264f33305004495a9","hash":"bdffe280b938b0c494f612ec4b84672d0181196f"}
,"C:\\Users\\user\\Desktop\\Final SEP\\Covid-Patient-tracker--Backend\\controllers\\user.js": {"path":"C:\\Users\\user\\Desktop\\Final SEP\\Covid-Patient-tracker--Backend\\controllers\\user.js","statementMap":{"0":{"start":{"line":1,"column":18},"end":{"line":1,"column":43}},"1":{"start":{"line":2,"column":13},"end":{"line":2,"column":68}},"2":{"start":{"line":3,"column":12},"end":{"line":3,"column":26}},"3":{"start":{"line":4,"column":15},"end":{"line":4,"column":34}},"4":{"start":{"line":5,"column":41},"end":{"line":5,"column":77}},"5":{"start":{"line":7,"column":11},"end":{"line":7,"column":22}},"6":{"start":{"line":10,"column":19},"end":{"line":14,"column":6}},"7":{"start":{"line":15,"column":4},"end":{"line":15,"column":85}},"8":{"start":{"line":20,"column":23},"end":{"line":42,"column":1}},"9":{"start":{"line":21,"column":19},"end":{"line":21,"column":29}},"10":{"start":{"line":23,"column":4},"end":{"line":25,"column":5}},"11":{"start":{"line":24,"column":8},"end":{"line":24,"column":58}},"12":{"start":{"line":27,"column":4},"end":{"line":40,"column":5}},"13":{"start":{"line":28,"column":21},"end":{"line":30,"column":10}},"14":{"start":{"line":31,"column":8},"end":{"line":36,"column":9}},"15":{"start":{"line":32,"column":12},"end":{"line":32,"column":70}},"16":{"start":{"line":35,"column":12},"end":{"line":35,"column":60}},"17":{"start":{"line":39,"column":8},"end":{"line":39,"column":63}},"18":{"start":{"line":44,"column":24},"end":{"line":76,"column":1}},"19":{"start":{"line":45,"column":19},"end":{"line":45,"column":29}},"20":{"start":{"line":46,"column":39},"end":{"line":46,"column":47}},"21":{"start":{"line":47,"column":4},"end":{"line":49,"column":5}},"22":{"start":{"line":48,"column":8},"end":{"line":48,"column":58}},"23":{"start":{"line":50,"column":29},"end":{"line":50,"column":74}},"24":{"start":{"line":51,"column":4},"end":{"line":53,"column":5}},"25":{"start":{"line":52,"column":8},"end":{"line":52,"column":64}},"26":{"start":{"line":54,"column":23},"end":{"line":54,"column":25}},"27":{"start":{"line":55,"column":4},"end":{"line":74,"column":5}},"28":{"start":{"line":56,"column":21},"end":{"line":56,"column":48}},"29":{"start":{"line":57,"column":8},"end":{"line":70,"column":9}},"30":{"start":{"line":58,"column":12},"end":{"line":58,"column":56}},"31":{"start":{"line":59,"column":12},"end":{"line":59,"column":71}},"32":{"start":{"line":60,"column":12},"end":{"line":62,"column":13}},"33":{"start":{"line":61,"column":16},"end":{"line":61,"column":80}},"34":{"start":{"line":63,"column":32},"end":{"line":63,"column":90}},"35":{"start":{"line":64,"column":12},"end":{"line":66,"column":13}},"36":{"start":{"line":65,"column":16},"end":{"line":65,"column":84}},"37":{"start":{"line":69,"column":12},"end":{"line":69,"column":60}},"38":{"start":{"line":73,"column":8},"end":{"line":73,"column":63}},"39":{"start":{"line":78,"column":0},"end":{"line":78,"column":50}}},"fnMap":{"0":{"name":"validateEditProfile","decl":{"start":{"line":9,"column":9},"end":{"line":9,"column":28}},"loc":{"start":{"line":9,"column":56},"end":{"line":16,"column":1}},"line":9},"1":{"name":"(anonymous_1)","decl":{"start":{"line":20,"column":23},"end":{"line":20,"column":24}},"loc":{"start":{"line":20,"column":47},"end":{"line":42,"column":1}},"line":20},"2":{"name":"(anonymous_2)","decl":{"start":{"line":44,"column":24},"end":{"line":44,"column":25}},"loc":{"start":{"line":44,"column":48},"end":{"line":76,"column":1}},"line":44}},"branchMap":{"0":{"loc":{"start":{"line":23,"column":4},"end":{"line":25,"column":5}},"type":"if","locations":[{"start":{"line":23,"column":4},"end":{"line":25,"column":5}},{"start":{"line":23,"column":4},"end":{"line":25,"column":5}}],"line":23},"1":{"loc":{"start":{"line":31,"column":8},"end":{"line":36,"column":9}},"type":"if","locations":[{"start":{"line":31,"column":8},"end":{"line":36,"column":9}},{"start":{"line":31,"column":8},"end":{"line":36,"column":9}}],"line":31},"2":{"loc":{"start":{"line":47,"column":4},"end":{"line":49,"column":5}},"type":"if","locations":[{"start":{"line":47,"column":4},"end":{"line":49,"column":5}},{"start":{"line":47,"column":4},"end":{"line":49,"column":5}}],"line":47},"3":{"loc":{"start":{"line":51,"column":4},"end":{"line":53,"column":5}},"type":"if","locations":[{"start":{"line":51,"column":4},"end":{"line":53,"column":5}},{"start":{"line":51,"column":4},"end":{"line":53,"column":5}}],"line":51},"4":{"loc":{"start":{"line":57,"column":8},"end":{"line":70,"column":9}},"type":"if","locations":[{"start":{"line":57,"column":8},"end":{"line":70,"column":9}},{"start":{"line":57,"column":8},"end":{"line":70,"column":9}}],"line":57},"5":{"loc":{"start":{"line":58,"column":32},"end":{"line":58,"column":55}},"type":"binary-expr","locations":[{"start":{"line":58,"column":32},"end":{"line":58,"column":42}},{"start":{"line":58,"column":46},"end":{"line":58,"column":55}}],"line":58},"6":{"loc":{"start":{"line":59,"column":38},"end":{"line":59,"column":70}},"type":"binary-expr","locations":[{"start":{"line":59,"column":38},"end":{"line":59,"column":51}},{"start":{"line":59,"column":55},"end":{"line":59,"column":70}}],"line":59},"7":{"loc":{"start":{"line":60,"column":12},"end":{"line":62,"column":13}},"type":"if","locations":[{"start":{"line":60,"column":12},"end":{"line":62,"column":13}},{"start":{"line":60,"column":12},"end":{"line":62,"column":13}}],"line":60},"8":{"loc":{"start":{"line":64,"column":12},"end":{"line":66,"column":13}},"type":"if","locations":[{"start":{"line":64,"column":12},"end":{"line":66,"column":13}},{"start":{"line":64,"column":12},"end":{"line":66,"column":13}}],"line":64}},"s":{"0":6,"1":6,"2":6,"3":6,"4":6,"5":6,"6":4,"7":4,"8":6,"9":4,"10":4,"11":1,"12":3,"13":3,"14":2,"15":1,"16":1,"17":1,"18":6,"19":5,"20":5,"21":5,"22":1,"23":4,"24":4,"25":1,"26":3,"27":3,"28":3,"29
[...]
{"start":{"line":81,"column":12},"end":{"line":81,"column":36}},"37":{"start":{"line":86,"column":8},"end":{"line":111,"column":9}},"38":{"start":{"line":87,"column":12},"end":{"line":110,"column":13}},"39":{"start":{"line":87,"column":43},"end":{"line":87,"column":65}},"40":{"start":{"line":88,"column":16},"end":{"line":100,"column":17}},"41":{"start":{"line":88,"column":47},"end":{"line":88,"column":96}},"42":{"start":{"line":92,"column":20},"end":{"line":99,"column":21}},"43":{"start":{"line":93,"column":24},"end":{"line":93,"column":76}},"44":{"start":{"line":94,"column":24},"end":{"line":94,"column":86}},"45":{"start":{"line":95,"column":24},"end":{"line":95,"column":47}},"46":{"start":{"line":96,"column":24},"end":{"line":96,"column":47}},"47":{"start":{"line":103,"column":16},"end":{"line":103,"column":78}},"48":{"start":{"line":104,"column":16},"end":{"line":109,"column":17}},"49":{"start":{"line":105,"column":20},"end":{"line":105,"column":43}},"50":{"start":{"line":108,"column":20},"end":{"line":108,"column":43}},"51":{"start":{"line":115,"column":8},"end":{"line":140,"column":9}},"52":{"start":{"line":116,"column":12},"end":{"line":139,"column":13}},"53":{"start":{"line":116,"column":44},"end":{"line":116,"column":66}},"54":{"start":{"line":117,"column":16},"end":{"line":129,"column":17}},"55":{"start":{"line":117,"column":48},"end":{"line":117,"column":97}},"56":{"start":{"line":121,"column":20},"end":{"line":128,"column":21}},"57":{"start":{"line":122,"column":24},"end":{"line":122,"column":77}},"58":{"start":{"line":123,"column":24},"end":{"line":123,"column":87}},"59":{"start":{"line":124,"column":24},"end":{"line":124,"column":48}},"60":{"start":{"line":125,"column":24},"end":{"line":125,"column":48}},"61":{"start":{"line":132,"column":16},"end":{"line":132,"column":79}},"62":{"start":{"line":133,"column":16},"end":{"line":138,"column":17}},"63":{"start":{"line":134,"column":20},"end":{"line":134,"column":44}},"64":{"start":{"line":137,"column":20},"end":{"line":137,"column":44}},"65":{"start":{"line":142,"column":8},"end":{"line":142,"column":19}},"66":{"start":{"line":149,"column":27},"end":{"line":159,"column":1}},"67":{"start":{"line":150,"column":4},"end":{"line":158,"column":107}},"68":{"start":{"line":151,"column":64},"end":{"line":151,"column":68}},"69":{"start":{"line":153,"column":8},"end":{"line":153,"column":38}},"70":{"start":{"line":154,"column":8},"end":{"line":154,"column":48}},"71":{"start":{"line":155,"column":8},"end":{"line":155,"column":67}},"72":{"start":{"line":157,"column":8},"end":{"line":157,"column":19}},"73":{"start":{"line":162,"column":30},"end":{"line":176,"column":1}},"74":{"start":{"line":163,"column":24},"end":{"line":163,"column":113}},"75":{"start":{"line":163,"column":65},"end":{"line":163,"column":112}},"76":{"start":{"line":164,"column":24},"end":{"line":167,"column":10}},"77":{"start":{"line":165,"column":8},"end":{"line":165,"column":20}},"78":{"start":{"line":166,"column":8},"end":{"line":166,"column":18}},"79":{"start":{"line":168,"column":4},"end":{"line":175,"column":20}},"80":{"start":{"line":169,"column":32},"end":{"line":169,"column":47}},"81":{"start":{"line":171,"column":8},"end":{"line":171,"column":52}},"82":{"start":{"line":174,"column":8},"end":{"line":174,"column":19}},"83":{"start":{"line":179,"column":29},"end":{"line":192,"column":1}},"84":{"start":{"line":180,"column":24},"end":{"line":180,"column":113}},"85":{"start":{"line":180,"column":65},"end":{"line":180,"column":112}},"86":{"start":{"line":181,"column":24},"end":{"line":184,"column":9}},"87":{"start":{"line":182,"column":8},"end":{"line":182,"column":35}},"88":{"start":{"line":183,"column":8},"end":{"line":183,"column":18}},"89":{"start":{"line":185,"column":4},"end":{"line":191,"column":20}},"90":{"start":{"line":186,"column":47},"end":{"line":186,"column":62}},"91":{"start":{"line":188,"column":8},"end":{"line":188,"column":82}},"92":{"start":{"line":190,"column":8},"end":{"line":190,"column":19}},"93":{"start":{"line":194,"column":27},"end":{"line":212,"column":1}},"94":{"start":{"line":195,"column":4},"end":{"line":211,"column":10}},"95":{"start":{"line":196,"column":52},"end":{"line":196,"column":67}},"96":{"start":{"line":198,"column":8},"end":{"line":205,"column":9}},"97":{"start":{"line":199,"column":12},"end":{"line":204,"column":14}},"98":{"start":{"line":207,"column":8},"end":{"line":207,"column":53}},"99":{"start":{"line":208,"column":8},"end":{"line":208,"column":65}},"100":{"start":{"line":210,"column":8},"end":{"line":210,"column":19}},"101":{"start":{"line":215,"column":0},"end":{"line":215,"column":133}}},"fnMap":{"0":{"name":"(anonymous_0)","decl":{"start":{"line":15,"column":28},"end":{"line":15,"column":29}},"loc":{"start":{"line":15,"column":51},"end":{"line":39,"column":1}},"line":15},"1":{"name":"(anonymous_1)","decl":{"start":{"line":16,"column":22},"end":{"line":16,"column":23}},"loc":{"start":{"line":16,"column":37},"end":{"line":38,"column":5}},"line":16},"2":{"name":"(anonymous_2)","decl":{"start":{"line":41,"column":21},"end":{"line":41,"column":22}},"loc":{"start":{"line":41,"column":30},"end":{"line":144,"column":1}},"line":41},"3":{"name":"(anonymous_3)","decl":{"start":{"line":42,"column":22},"end":{"line":42,"column":23}},"loc":{"start":{"line":42,"column":37},"end":{"line":143,"column":5}},"line":42},"4":{"name":"(anonymous_4)","decl":{"start":{"line":87,"column":33},"end":{"line":87,"column":34}},"loc":{"start":{"line":87,"column":43},"end":{"line":87,"column":65}},"line":87},"5":{"name":"(anonymous_5)","decl":{"start":{"line":88,"column":37},"end":{"line":88,"column":38}},"loc":{"start":{"line":88,"column":47},"end":{"line":88,"column":96}},"line":88},"6":{"name":"(anonymous_6)","decl":{"start":{"line":116,"column":34},"end":{"line":116,"column":35}},"loc":{"start":{"line":116,"column":44},"end":{"line":116,"column":66}},"line":116},"7":{"name":"(anonymous_7)","decl":{"start":{"line":117,"column":38},"end":{"line":117,"column":39}},"loc":{"start":{"line":117,"column":48},"end":{"line":117,"column":97}},"line":117},"8":{"name":"(anonymous_8)","decl":{"start":{"line":149,"column":27},"end":{"line":149,"column":28}},"loc":{"start":{"line":149,"column":36},"end":{"line":159,"column":1}},"line":149},"9":{"name":"(anonymous_9)","decl":{"start":{"line":150,"column":22},"end":{"line":150,"column":23}},"loc":{"start":{"line":150,"column":37},"end":{"line":158,"column":5}},"line":150},"10":{"name":"(anonymous_10)","decl":{"start":{"line":162,"column":30},"end":{"line":162,"column":31}},"loc":{"start":{"line":162,"column":48},"end":{"line":176,"column":1}},"line":162},"11":{"name":"(anonymous_11)","decl":{"start":{"line":163,"column":53},"end":{"line":163,"column":54}},"loc":{"start":{"line":163,"column":65},"end":{"line":163,"column":112}},"line":163},"12":{"name":"(anonymous_12)","decl":{"start":{"line":164,"column":43},"end":{"line":164,"column":44}},"loc":{"start":{"line":164,"column":56},"end":{"line":167,"column":5}},"line":164},"13":{"name":"(anonymous_13)","decl":{"start":{"line":168,"column":22},"end":{"line":168,"column":23}},"loc":{"start":{"line":168,"column":37},"end":{"line":175,"column":5}},"line":168},"14":{"name":"(anonymous_14)","decl":{"start":{"line":179,"column":29},"end":{"line":179,"column":30}},"loc":{"start":{"line":179,"column":47},"end":{"line":192,"column":1}},"line":179},"15":{"name":"(anonymous_15)","decl":{"start":{"line":180,"column":53},"end":{"line":180,"column":54}},"loc":{"start":{"line":180,"column":65},"end":{"line":180,"column":112}},"line":180},"16":{"name":"(anonymous_16)","decl":{"start":{"line":181,"column":43},"end":{"line":181,"column":44}},"loc":{"start":{"line":181,"column":56},"end":{"line":184,"column":5}},"line":181},"17":{"name":"(anonymous_17)","decl":{"start":{"line":185,"column":22},"end":{"line":185,"column":23}},"loc":{"start":{"line":185,"column":37},"end":{"line":191,"column":5}},"line":185},"18":{"name":"(anonymous_18)","decl":{"start":{"line":194,"column":27},"end":{"line":194,"column":28}},"loc":{"start":{"line":194,"column":36},"end":{"line":212,"column":1}},"line":194},"19":{"name":"(anonymous_19)","decl":{"start":{"line":195,"column":23},"end":{"line":195,"column":24}},"loc":{"start":{"line":195,"column":38},"end":{"line":211,"column":5}},"line":195}},"branchMap":{"0":{"loc":{"start":{"line":20,"column":8},"end":{"line":31,"column":9}},"type":"if","locations":[{"start":{"line":20,"column":8},"end":{"line":31,"column":9}},{"start":{"line":20,"column":8},"end":{"line":31,"column":9}}],"line":20},"1":{"loc":{"start":{"line":45,"column":8},"end":{"line":47,"column":9}},"type":"if","locations":[{"start":{"line":45,"column":8},"end":{"line":47,"column":9}},{"start":{"line":45,"column":8},"end":{"line":47,"column":9}}],"line":45},"2":{"loc":{"start":{"line":48,"column":8},"end":{"line":50,"column":9}},"type":"if","locations":[{"start":{"line":48,"column":8},"end":{"line":50,"column":9}},{"start":{"line":48,"column":8},"end":{"line":50,"column":9}}],"line":48},"3":{"loc":{"start":{"line":51,"column":8},"end":{"line":53,"column":9}},"type":"if","locations":[{"start":{"line":51,"column":8},"end":{"line":53,"column":9}},{"start":{"line":51,"column":8},"end":{"line":53,"column":9}}],"line":51},"4":{"loc":{"start":{"line":54,"column":8},"end":{"line":56,"column":9}},"type":"if","locations":[{"start":{"line":54,"column":8},"end":{"line":56,"column":9}},{"start":{"line":54,"column":8},"end":{"line":56,"column":9}}],"line":54},"5":{"loc":{"start":{"line":54,"column":12},"end":{"line":54,"column":60}},"type":"binary-expr","locations":[{"start":{"line":54,"column":12},"end":{"line":54,"column":37}},{"start":{"line":54,"column":41},"end":{"line":54,"column":60}}],"line":54},"6":{"loc":{"start":{"line":57,"column":8},"end":{"line":59,"column":9}},"type":"if","locations":[{"start":{"line":57,"column":8},"end":{"line":59,"column":9}},{"start":{"line":57,"column":8},"end":{"line":59,"column":9}}],"line":57},"7":{"loc":{"start":{"line":57,"column":12},"end":{"line":57,"column":62}},"type":"binary-expr","locations":[{"start":{"line":57,"column":12},"end":{"line":57,"column":38}},{"start":{"line":57,"column":42},"end":{"line":57,"column":62}}],"line":57},"8":{"loc":{"start":{"line":60,"column":8},"end":{"line":62,"column":9}},"type":"if","locations":[{"start":{"line":60,"column":8},"end":{"line":62,"column":9}},{"start":{"line":60,"column":8},"end":{"line":62,"column":9}}],"line":60},"9":{"loc":{"start":{"line":64,"column":8},"end":{"line":65,"column":43}},"type":"if","locations":[{"start":{"line":64,"column":8},"end":{"line":65,"column":43}},{"start":{"line":64,"column":8},"end":{"line":65,"column":43}}],"line":64},"10":{"loc":{"start":{"line":69,"column":8},"end":{"line":71,"column":9}},"type":"if","locations":[{"start":{"line":69,"column":8},"end":{"line":71,"column":9}},{"start":{"line":69,"column":8},"end":{"line":71,"column":9}}],"line":69},"11":{"loc":{"start":{"line":72,"column":8},"end":{"line":74,"column":9}},"type":"if","locations":[{"start":{"line":72,"column":8},"end":{"line":74,"column":9}},{"start":{"line":72,"column":8},"end":{"line":74,"column":9}}],"line":72},"12":{"loc":{"start":{"line":76,"column":8},"end":{"line":78,"column":9}},"type":"if","locations":[{"start":{"line":76,"column":8},"end":{"line":78,"column":9}},{"start":{"line":76,"column":8},"end":{"line":78,"column":9}}],"line":76},"13":{"loc":{"start":{"line":80,"column":8},"end":{"line":82,"column":9}},"type":"if","locations":[{"start":{"line":80,"column":8},"end":{"line":82,"column":9}},{"start":{"line":80,"column":8},"end":{"line":82,"column":9}}],"line":80},"14":{"loc":{"start":{"line":86,"column":8},"end":{"line":111,"column":9}},"type":"if","locations":[{"start":{"line":86,"column":8},"end":{"line":111,"column":9}},{"start":{"line":86,"column":8},"end":{"line":111,"column":9}}],"line":86},"15":{"loc":{"start":{"line":87,"column":12},"end":{"line":110,"column":13}},"type":"if","locations":[{"start":{"line":87,"column":12},"end":{"line":110,"column":13}},{"start":{"line":87,"column":12},"end":{"line":110,"column":13}}],"line":87},"16":{"loc":{"start":{"line":88,"column":16},"end":{"line":100,"column":17}},"type":"if","locations":[{"start":{"line":88,"column":16},"end":{"line":100,"column":17}},{"start":{"line":88,"column":16},"end":{"line":100,"column":17}}],"line":88},"17":{"loc":{"start":{"line":88,"column":47},"end":{"line":88,"column":96}},"type":"binary-expr","locations":[{"start":{"line":88,"column":47},"end":{"line":88,"column":69}},{"start":{"line":88,"column":73},"end":{"line":88,"column":96}}],"line":88},"18":{"loc":{"start":{"line":92,"column":20},"end":{"line":99,"column":21}},"type":"if","locations":[{"start":{"line":92,"column":20},"end":{"line":99,"column":21}},{"start":{"line":92,"column":20},"end":{"line":99,"column":21}}],"line":92},"19":{"loc":{"start":{"line":104,"column":16},"end":{"line":109,"column":17}},"type":"if","locations":[{"start":{"line":104,"column":16},"end":{"line":109,"column":17}},{"start":{"line":104,"column":16},"end":{"line":109,"column":17}}],"line":104},"20":{"loc":{"start":{"line":115,"column":8},"end":{"line":140,"column":9}},"type":"if","locations":[{"start":{"line":115,"column":8},"end":{"line":140,"column":9}},{"start":{"line":115,"column":8},"end":{"line":140,"column":9}}],"line":115},"21":{"loc":{"start":{"line":116,"column":12},"end":{"line":139,"column":13}},"type":"if","locations":[{"start":{"line":116,"column":12},"end":{"line":139,"column":13}},{"start":{"line":116,"column":12},"end":{"line":139,"column":13}}],"line":116},"22":{"loc":{"start":{"line":117,"column":16},"end":{"line":129,"column":17}},"type":"if","locations":[{"start":{"line":117,"column":16},"end":{"line":129,"column":17}},{"start":{"line":117,"column":16},"end":{"line":129,"column":17}}],"line":117},"23":{"loc":{"start":{"line":117,"column":48},"end":{"line":117,"column":97}},"type":"binary-expr","locations":[{"start":{"line":117,"column":48},"end":{"line":117,"column":70}},{"start":{"line":117,"column":74},"end":{"line":117,"column":97}}],"line":117},"24":{"loc":{"start":{"line":121,"column":20},"end":{"line":128,"column":21}},"type":"if","locations":[{"start":{"line":121,"column":20},"end":{"line":128,"column":21}},{"start":{"line":121,"column":20},"end":{"line":128,"column":21}}],"line":121},"25":{"loc":{"start":{"line":133,"column":16},"end":{"line":138,"column":17}},"type":"if","locations":[{"start":{"line":133,"column":16},"end":{"line":138,"column":17}},{"start":{"line":133,"column":16},"end":{"line":138,"column":17}}],"line":133},"26":{"loc":{"start":{"line":198,"column":8},"end":{"line":205,"column":9}},"type":"if","locations":[{"start":{"line":198,"column":8},"end":{"line":205,"column":9}},{"start":{"line":198,"column":8},"end":{"line":205,"column":9}}],"line":198}},"s":{"0":7,"1":7,"2":7,"3":7,"4":1,"5":5,"6":5,"7":3,"8":5,"9":5,"10":5,"11":5,"12":7,"13":2,"14":18,"15":18,"16":2,"17":18,"18":2,"19":18,"20":2,"21":18,"22":2,"23":18,"24":2,"25":18,"26":2,"27":18,"28":2,"29":18,"30":6,"31":18,"32":3,"33":18,"34":16,"35":18,"36":12,"37":18,"38":9,"39":17,"40":2,"41":6,"42":2,"43":0,"44":0,"45":0,"46":0,"47":7,"48":7,"49":5,"50":2,"51":18,"52":9,"53":14,"54":1,"55":1,"56":1,"57":1,"58":1,"59":1,"60":1,"61":8,"62":8,"63":5,"64":3,"65":18,"66":7,"67":1,"68":5,"69":5,"70":5,"71":5,"72":5,"73":7,"74":1,"75":5,"76":1,"77":5,"78":5,"79":1,"80":2,"81":2,"82":2,"83":7,"84":1,"85":5,"86":1,"87":5,"88":5,"89":1,"90":4,"91":4,"92":4,"93":7,"94":1,"95":6,"96":6,"97":3,"98":6,"99":6,"100":6,"101":7},"f":{"0":1,"1":5,"2":2,"3":18,"4":17,"5":6,"6":14,"7":1,"8":1,"9":5,"10":1,"11":5,"12":5,"13":2,"14":1,"15":5,"16":5,"17":4,"18":1,"19":6},"b":{"0":[3,2],"1":[2,16],"2":[2,16],"3":[2,16],"4":[2,16],"5":[18,2],"6":[2,16],"7":[18,11],"8":[2,16],"9":[2,16],"10":[6,12],"11":[3,15],"12":[16,2],"13":[12,6],"14":[9,9],"15":[2,7],"16":[0,2],"17":[6,2],"18":[0,2],"19":[5,2],"20":[9,9],"21":[1,8],"22":[0,1],"23":[1,1],"24":[1,0],"25":[5,3],"26":[3,3]},"_coverageSchema":"1a1c01bbd47fc00a2c39e90264f33305004495a9","hash":"8ed3bcc19aec8c0518d17b625428fb7438cd9e1a"}
,"C:\\Users\\user\\Desktop\\Final SEP\\Covid-Patient-tracker--Backend\\utils\\mailer.js": {"path":"C:\\Users\\user\\Desktop\\Final SEP\\Covid-Patient-tracker--Backend\\utils\\mailer.js","statementMap":{"0":{"start":{"line":1,"column":19},"end":{"line":1,"column":40}},"1":{"start":{"line":2,"column":26},"end":{"line":2,"column":66}},"2":{"start":{"line":5,"column":20},"end":{"line":9,"column":3}},"3":{"start":{"line":12,"column":25},"end":{"line":77,"column":1}},"4":{"start":{"line":13,"column":21},"end":{"line":13,"column":72}},"5":{"start":{"line":15,"column":4},"end":{"line":76,"column":5}},"6":{"start":{"line":82,"column":31},"end":{"line":96,"column":1}},"7":{"start":{"line":83,"column":4},"end":{"line":95,"column":7}},"8":{"start":{"line":89,"column":8},"end":{"line":94,"column":9}},"9":{"start":{"line":90,"column":12},"end":{"line":90,"column":28}},"10":{"start":{"line":93,"column":12},"end":{"line":93,"column":51}},"11":{"start":{"line":101,"column":0},"end":{"line":103,"column":2}}},"fnMap":{"0":{"name":"(anonymous_0)","decl":{"start":{"line":12,"column":25},"end":{"line":12,"column":26}},"loc":{"start":{"line":12,"column":36},"end":{"line":77,"column":1}},"line":12},"1":{"name":"(anonymous_1)","decl":{"start":{"line":82,"column":31},"end":{"line":82,"column":32}},"loc":{"start":{"line":82,"column":50},"end":{"line":96,"column":1}},"line":82},"2":{"name":"(anonymous_2)","decl":{"start":{"line":88,"column":6},"end":{"line":88,"column":7}},"loc":{"start":{"line":88,"column":25},"end":{"line":95,"column":5}},"line":88}},"branchMap":{"0":{"loc":{"start":{"line":89,"column":8},"end":{"line":94,"column":9}},"type":"if","locations":[{"start":{"line":89,"column":8},"end":{"line":94,"column":9}},{"start":{"line":89,"column":8},"end":{"line":94,"column":9}}],"line":89}},"s":{"0":6,"1":6,"2":6,"3":6,"4":0,"5":0,"6":6,"7":0,"8":0,"9":0,"10":0,"11":6},"f":{"0":0,"1":0,"2":0},"b":{"0":[0,0]},"_coverageSchema":"1a1c01bbd47fc00a2c39e90264f33305004495a9","hash":"69576df532e0be1e3ecadbb696b6f089dff3cb83"}
,"C:\\Users\\user\\Desktop\\Final SEP\\Covid-Patient-tracker--Backend\\utils\\message-template.js": {"path":"C:\\Users\\user\\Desktop\\Final SEP\\Covid-Patient-tracker--Backend\\utils\\message-template.js","statementMap":{"0":{"start":{"line":9,"column":23},"end":{"line":12,"column":1}},"1":{"start":{"line":10,"column":4},"end":{"line":10,"column":53}},"2":{"start":{"line":11,"column":4},"end":{"line":11,"column":48}},"3":{"start":{"line":21,"column":21},"end":{"line":24,"column":1}},"4":{"start":{"line":22,"column":4},"end":{"line":22,"column":48}},"5":{"start":{"line":23,"column":4},"end":{"line":23,"column":48}},"6":{"start":{"line":26,"column":0},"end":{"line":29,"column":1}}},"fnMap":{"0":{"name":"(anonymous_0)","decl":{"start":{"line":9,"column":23},"end":{"line":9,"column":24}},"loc":{"start":{"line":9,"column":74},"end":{"line":12,"column":1}},"line":9},"1":{"name":"(anonymous_1)","decl":{"start":{"line":21,"column":21},"end":{"line":21,"column":22}},"loc":{"start":{"line":21,"column":58},"end":{"line":24,"column":1}},"line":21}},"branchMap":{"0":{"loc":{"start":{"line":9,"column":43},"end":{"line":9,"column":55}},"type":"default-arg","locations":[{"start":{"line":9,"column":53},"end":{"line":9,"column":55}}],"line":9},"1":{"loc":{"start":{"line":9,"column":57},"end":{"line":9,"column":69}},"type":"default-arg","locations":[{"start":{"line":9,"column":66},"end":{"line":9,"column":69}}],"line":9},"2":{"loc":{"start":{"line":21,"column":41},"end":{"line":21,"column":53}},"type":"default-arg","locations":[{"start":{"line":21,"column":50},"end":{"line":21,"column":53}}],"line":21}},"s":{"0":8,"1":7,"2":7,"3":8,"4":42,"5":42,"6":8},"f":{"0":7,"1":42},"b":{"0":[0],"1":[3],"2":[1]},"_coverageSchema":"1a1c01bbd47fc00a2c39e90264f33305004495a9","hash":"ee6a6e5bd424ffd0d646f24471d83ec46f2813a0"}
}
