{"C:\\Users\\user\\Desktop\\Final SEP\\Covid-Patient-tracker--Backend\\index.js": {"path":"C:\\Users\\user\\Desktop\\Final SEP\\Covid-Patient-tracker--Backend\\index.js","statementMap":{"0":{"start":{"line":1,"column":16},"end":{"line":1,"column":34}},"1":{"start":{"line":2,"column":15},"end":{"line":2,"column":32}},"2":{"start":{"line":4,"column":0},"end":{"line":4,"column":16}},"3":{"start":{"line":6,"column":12},"end":{"line":6,"column":21}},"4":{"start":{"line":8,"column":11},"end":{"line":8,"column":26}},"5":{"start":{"line":10,"column":0},"end":{"line":10,"column":24}},"6":{"start":{"line":11,"column":0},"end":{"line":11,"column":16}},"7":{"start":{"line":12,"column":0},"end":{"line":12,"column":48}},"8":{"start":{"line":16,"column":19},"end":{"line":16,"column":43}},"9":{"start":{"line":17,"column":18},"end":{"line":17,"column":41}},"10":{"start":{"line":18,"column":18},"end":{"line":18,"column":41}},"11":{"start":{"line":19,"column":22},"end":{"line":19,"column":49}},"12":{"start":{"line":20,"column":21},"end":{"line":20,"column":47}},"13":{"start":{"line":21,"column":20},"end":{"line":21,"column":45}},"14":{"start":{"line":22,"column":25},"end":{"line":22,"column":53}},"15":{"start":{"line":23,"column":21},"end":{"line":23,"column":45}},"16":{"start":{"line":27,"column":0},"end":{"line":30,"column":3}},"17":{"start":{"line":29,"column":2},"end":{"line":29,"column":32}},"18":{"start":{"line":32,"column":0},"end":{"line":32,"column":29}},"19":{"start":{"line":33,"column":0},"end":{"line":33,"column":27}},"20":{"start":{"line":34,"column":0},"end":{"line":34,"column":27}},"21":{"start":{"line":35,"column":0},"end":{"line":35,"column":35}},"22":{"start":{"line":36,"column":0},"end":{"line":36,"column":33}},"23":{"start":{"line":37,"column":0},"end":{"line":37,"column":29}},"24":{"start":{"line":38,"column":0},"end":{"line":38,"column":37}},"25":{"start":{"line":39,"column":0},"end":{"line":39,"column":29}},"26":{"start":{"line":41,"column":0},"end":{"line":46,"column":3}},"27":{"start":{"line":42,"column":2},"end":{"line":45,"column":5}},"28":{"start":{"line":48,"column":13},"end":{"line":48,"column":37}},"29":{"start":{"line":49,"column":15},"end":{"line":49,"column":116}},"30":{"start":{"line":49,"column":38},"end":{"line":49,"column":115}},"31":{"start":{"line":52,"column":0},"end":{"line":52,"column":24}}},"fnMap":{"0":{"name":"(anonymous_0)","decl":{"start":{"line":27,"column":13},"end":{"line":27,"column":14}},"loc":{"start":{"line":27,"column":27},"end":{"line":30,"column":1}},"line":27},"1":{"name":"(anonymous_1)","decl":{"start":{"line":41,"column":14},"end":{"line":41,"column":15}},"loc":{"start":{"line":41,"column":28},"end":{"line":46,"column":1}},"line":41},"2":{"name":"(anonymous_2)","decl":{"start":{"line":49,"column":32},"end":{"line":49,"column":33}},"loc":{"start":{"line":49,"column":38},"end":{"line":49,"column":115}},"line":49}},"branchMap":{"0":{"loc":{"start":{"line":48,"column":13},"end":{"line":48,"column":37}},"type":"binary-expr","locations":[{"start":{"line":48,"column":13},"end":{"line":48,"column":29}},{"start":{"line":48,"column":33},"end":{"line":48,"column":37}}],"line":48}},"s":{"0":6,"1":6,"2":6,"3":6,"4":6,"5":6,"6":6,"7":6,"8":6,"9":6,"10":6,"11":6,"12":6,"13":6,"14":6,"15":6,"16":6,"17":0,"18":6,"19":6,"20":6,"21":6,"22":6,"23":6,"24":6,"25":6,"26":6,"27":0,"28":6,"29":6,"30":6,"31":6},"f":{"0":0,"1":0,"2":6},"b":{"0":[6,6]},"_coverageSchema":"1a1c01bbd47fc00a2c39e90264f33305004495a9","hash":"2197385513be408811e0265d712b05ac8ca78e56"}
,"C:\\Users\\user\\Desktop\\Final SEP\\Covid-Patient-tracker--Backend\\config\\config.js": {"path":"C:\\Users\\user\\Desktop\\Final SEP\\Covid-Patient-tracker--Backend\\config\\config.js","statementMap":{"0":{"start":{"line":1,"column":0},"end":{"line":1,"column":27}},"1":{"start":{"line":2,"column":0},"end":{"line":21,"column":2}}},"fnMap":{},"branchMap":{},"s":{"0":6,"1":6},"f":{},"b":{},"_coverageSchema":"1a1c01bbd47fc00a2c39e90264f33305004495a9","hash":"5470ee05c62a81c639d062b780f1b8a061599b52"}
,"C:\\Users\\user\\Desktop\\Final SEP\\Covid-Patient-tracker--Backend\\controllers\\auth.js": {"path":"C:\\Users\\user\\Desktop\\Final SEP\\Covid-Patient-tracker--Backend\\controllers\\auth.js","statementMap":{"0":{"start":{"line":1,"column":12},"end":{"line":1,"column":35}},"1":{"start":{"line":2,"column":12},"end":{"line":2,"column":26}},"2":{"start":{"line":3,"column":15},"end":{"line":3,"column":34}},"3":{"start":{"line":4,"column":41},"end":{"line":4,"column":77}},"4":{"start":{"line":5,"column":35},"end":{"line":5,"column":61}},"5":{"start":{"line":7,"column":53},"end":{"line":7,"column":81}},"6":{"start":{"line":10,"column":19},"end":{"line":13,"column":6}},"7":{"start":{"line":14,"column":4},"end":{"line":14,"column":64}},"8":{"start":{"line":18,"column":19},"end":{"line":20,"column":6}},"9":{"start":{"line":21,"column":4},"end":{"line":21,"column":43}},"10":{"start":{"line":25,"column":19},"end":{"line":27,"column":6}},"11":{"start":{"line":28,"column":4},"end":{"line":28,"column":50}},"12":{"start":{"line":32,"column":14},"end":{"line":86,"column":1}},"13":{"start":{"line":34,"column":30},"end":{"line":34,"column":38}},"14":{"start":{"line":35,"column":29},"end":{"line":35,"column":58}},"15":{"start":{"line":36,"column":4},"end":{"line":38,"column":5}},"16":{"start":{"line":37,"column":8},"end":{"line":37,"column":64}},"17":{"start":{"line":40,"column":4},"end":{"line":85,"column":5}},"18":{"start":{"line":41,"column":23},"end":{"line":50,"column":10}},"19":{"start":{"line":53,"column":8},"end":{"line":55,"column":9}},"20":{"start":{"line":54,"column":12},"end":{"line":54,"column":73}},"21":{"start":{"line":56,"column":8},"end":{"line":56,"column":42}},"22":{"start":{"line":58,"column":24},"end":{"line":58,"column":74}},"23":{"start":{"line":59,"column":8},"end":{"line":61,"column":9}},"24":{"start":{"line":60,"column":12},"end":{"line":60,"column":73}},"25":{"start":{"line":62,"column":24},"end":{"line":66,"column":9}},"26":{"start":{"line":67,"column":8},"end":{"line":69,"column":9}},"27":{"start":{"line":68,"column":12},"end":{"line":68,"column":89}},"28":{"start":{"line":71,"column":22},"end":{"line":74,"column":9}},"29":{"start":{"line":75,"column":8},"end":{"line":80,"column":36}},"30":{"start":{"line":84,"column":8},"end":{"line":84,"column":63}},"31":{"start":{"line":88,"column":23},"end":{"line":132,"column":1}},"32":{"start":{"line":89,"column":20},"end":{"line":89,"column":28}},"33":{"start":{"line":90,"column":29},"end":{"line":90,"column":58}},"34":{"start":{"line":91,"column":4},"end":{"line":93,"column":5}},"35":{"start":{"line":92,"column":8},"end":{"line":92,"column":64}},"36":{"start":{"line":95,"column":4},"end":{"line":130,"column":5}},"37":{"start":{"line":96,"column":21},"end":{"line":101,"column":10}},"38":{"start":{"line":103,"column":8},"end":{"line":105,"column":9}},"39":{"start":{"line":104,"column":12},"end":{"line":104,"column":85}},"40":{"start":{"line":106,"column":8},"end":{"line":106,"column":40}},"41":{"start":{"line":108,"column":26},"end":{"line":110,"column":9}},"42":{"start":{"line":112,"column":22},"end":{"line":115,"column":9}},"43":{"start":{"line":117,"column":23},"end":{"line":120,"column":10}},"44":{"start":{"line":122,"column":8},"end":{"line":125,"column":9}},"45":{"start":{"line":123,"column":12},"end":{"line":123,"column":54}},"46":{"start":{"line":124,"column":12},"end":{"line":124,"column":78}},"47":{"start":{"line":129,"column":8},"end":{"line":129,"column":63}},"48":{"start":{"line":134,"column":22},"end":{"line":180,"column":1}},"49":{"start":{"line":135,"column":29},"end":{"line":135,"column":37}},"50":{"start":{"line":136,"column":29},"end":{"line":136,"column":60}},"51":{"start":{"line":137,"column":4},"end":{"line":139,"column":5}},"52":{"start":{"line":138,"column":8},"end":{"line":138,"column":64}},"53":{"start":{"line":141,"column":4},"end":{"line":178,"column":5}},"54":{"start":{"line":142,"column":32},"end":{"line":142,"column":66}},"55":{"start":{"line":143,"column":31},"end":{"line":148,"column":10}},"56":{"start":{"line":149,"column":8},"end":{"line":151,"column":9}},"57":{"start":{"line":150,"column":12},"end":{"line":150,"column":67}},"58":{"start":{"line":153,"column":8},"end":{"line":155,"column":9}},"59":{"start":{"line":154,"column":12},"end":{"line":154,"column":58}},"60":{"start":{"line":157,"column":25},"end":{"line":157,"column":62}},"61":{"start":{"line":159,"column":8},"end":{"line":159,"column":43}},"62":{"start":{"line":161,"column":24},"end":{"line":161,"column":106}},"63":{"start":{"line":162,"column":32},"end":{"line":162,"column":118}},"64":{"start":{"line":164,"column":8},"end":{"line":164,"column":25}},"65":{"start":{"line":165,"column":8},"end":{"line":170,"column":9}},"66":{"start":{"line":166,"column":12},"end":{"line":166,"column":75}},"67":{"start":{"line":169,"column":12},"end":{"line":169,"column":67}},"68":{"start":{"line":174,"column":8},"end":{"line":176,"column":9}},"69":{"start":{"line":175,"column":12},"end":{"line":175,"column":31}},"70":{"start":{"line":177,"column":8},"end":{"line":177,"column":65}},"71":{"start":{"line":183,"column":0},"end":{"line":185,"column":2}}},"fnMap":{"0":{"name":"validateLogin","decl":{"start":{"line":9,"column":9},"end":{"line":9,"column":22}},"loc":{"start":{"line":9,"column":39},"end":{"line":15,"column":1}},"line":9},"1":{"name":"validateForgotPassword","decl":{"start":{"line":17,"column":9},"end":{"line":17,"column":31}},"loc":{"start":{"line":17,"column":38},"end":{"line":22,"column":1}},"line":17},"2":{"name":"validateResetPassword","decl":{"start":{"line":24,"column":9},"end":{"line":24,"column":30}},"loc":{"start":{"line":24,"column":40},"end":{"line":29,"column":1}},"line":24},"3":{"name":"(anonymous_3)","decl":{"start":{"line":32,"column":14},"end":{"line":32,"column":15}},"loc":{"start":{"line":32,"column":40},"end":{"line":86,"column":1}},"line":32},"4":{"name":"(anonymous_4)","decl":{"start":{"line":88,"column":23},"end":{"line":88,"column":24}},"loc":{"start":{"line":88,"column":47},"end":{"line":132,"column":1}},"line":88},"5":{"name":"(anonymous_5)","decl":{"start":{"line":134,"column":22},"end":{"line":134,"column":23}},"loc":{"start":{"line":134,"column":46},"end":{"line":180,"column":1}},"line":134}},"branchMap":{"0":{"loc":{"start":{"line":36,"column":4},"end":{"line":38,"column":5}},"type":"if","locations":[{"start":{"line":36,"column":4},"end":{"line":38,"column":5}},{"start":{"line":36,"column":4},"end":{"line":38,"column":5}}],"line":36},"1":{"loc":{"start":{"line":53,"column":8},"end":{"line":55,"column":9}},"type":"if","locations":[{"start":{"line":53,"column":8},"end":{"line":55,"column":9}},{"start":{"line":53,"column":8},"end":{"line":55,"column":9}}],"line":53},"2":{"loc":{"start":{"line":59,"column":8},"end":{"line":61,"column":9}},"type":"if","locations":[{"start":{"line":59,"column":8},"end":{"line":61,"column":9}},{"start":{"line":59,"column":8},"end":{"line":61,"column":9}}],"line":59},"3":{"loc":{"start":{"line":67,"column":8},"end":{"line":69,"column":9}},"type":"if","locations":[{"start":{"line":67,"column":8},"end":{"line":69,"column":9}},{"start":{"line":67,"column":8},"end":{"line":69,"column":9}}],"line":67},"4":{"loc":{"start":{"line":91,"column":4},"end":{"line":93,"column":5}},"type":"if","locations":[{"start":{"line":91,"column":4},"end":{"line":93,"column":5}},{"start":{"line":91,"column":4},"end":{"line":93,"column":5}}],"line":91},"5":{"loc":{"start":{"line":103,"column":8},"end":{"line":105,"column":9}},"type":"if","locations":[{"start":{"line":103,"column":8},"end":{"line":105,"column":9}},{"start":{"line":103,"column":8},"end":{"line":105,"column":9}}],"line":103},"6":{"loc":{"start":{"line":122,"column":8},"end":{"line":125,"column":9}},"type":"if","locations":[{"start":{"line":122,"column":8},"end":{"line":125,"column":9}},{"start":{"line":122,"column":8},"end":{"line":125,"column":9}}],"line":122},"7":{"loc":{"start":{"line":137,"column":4},"end":{"line":139,"column":5}},"type":"if","locations":[{"start":{"line":137,"column":4},"end":{"line":139,"column":5}},{"start":{"line":137,"column":4},"end":{"line":139,"column":5}}],"line":137},"8":{"loc":{"start":{"line":149,"column":8},"end":{"line":151,"column":9}},"type":"if","locations":[{"start":{"line":149,"column":8},"end":{"line":151,"column":9}},{"start":{"line":149,"column":8},"end":{"line":151,"column":9}}],"line":149},"9":{"loc":{"start":{"line":153,"column":8},"end":{"line":155,"column":9}},"type":"if","locations":[{"start":{"line":153,"column":8},"end":{"line":155,"column":9}},{"start":{"line":153,"column":8},"end":{"line":155,"column":9}}],"line":153},"10":{"loc":{"start":{"line":165,"column":8},"end":{"line":170,"column":9}},"type":"if","locations":[{"start":{"line":165,"column":8},"end":{"line":170,"column":9}},{"start":{"line":165,"column":8},"end":{"line":170,"column":9}}],"line":165},"11":{"loc":{"start":{"line":165,"column":12},"end":{"line":165,"column":38}},"type":"binary-expr","locations":[{"start":{"line":165,"column":12},"end":{"line":165,"column":19}},{"start":{"line":165,"column":23},"end":{"line":165,"column":38}}],"line":165},"12":{"loc":{"start":{"line":174,"column":8},"end":{"line":176,"column":9}},"type":"if","locations":[{"start":{"line":174,"column":8},"end":{"line":176,"column":9}},{"start":{"line":174,"column":8},"end":{"line":176,"column":9}}],"line":174}},"s":{"0":6,"1":6,"2":6,"3":6,"4":6,"5":6,"6":0,"7":0,"8":0,"9":0,"10":0,"11":0,"12":6,"13":0,"14":0,"15":0,"16":0,"17":0,"18":0,"19":0,"20":0,"21":0,"22":0,"23":0,"24":0,"25":0,"26":0,"27":0,"28":0,"29":0,"30":0,"31":6,"32":0,"33":0,"34":0,"35":0,"36":0,"37":0,"38":0,"39":0,"40":0,"41":0,"42":0,"43":0,"44":0,"45":0,"46":0,"47":0,"48":6,"49":0,"50":0,"51":0,"52":0,"53":0,"54":0,"55":0,"56":0,"57":0,"58":0,"59":0,"60":0,"61":0,"62":0,"63":0,"64":0,"65":0,"66":0,"67":0,"68":0,"69":0,"70":0,"71":6},"f":{"0":0,"1":0,"2":0,"3":0,"4":0,"5":0},"b":{"0":[0,0],"1":[0,0],"2":[0,0],"3":[0,0],"4":[0,0],"5":[0,0],"6":[0,0],"7":[0,0],"8":[0,0],"9":[0,0],"10":[0,0],"11":[0,0],"12":[0,0]},"_coverageSchema":"1a1c01bbd47fc00a2c39e90264f33305004495a9","hash":"dc0e14067befe8b3184327985159ffba0b0a0563"}
,"C:\\Users\\user\\Desktop\\Final SEP\\Covid-Patient-tracker--Backend\\controllers\\bed.js": {"path":"C:\\Users\\user\\Desktop\\Final SEP\\Covid-Patient-tracker--Backend\\controllers\\bed.js","statementMap":{"0":{"start":{"line":1,"column":41},"end":{"line":1,"column":77}},"1":{"start":{"line":2,"column":25},"end":{"line":2,"column":59}},"2":{"start":{"line":3,"column":35},"end":{"line":3,"column":63}},"3":{"start":{"line":5,"column":18},"end":{"line":28,"column":1}},"4":{"start":{"line":6,"column":23},"end":{"line":6,"column":96}},"5":{"start":{"line":9,"column":4},"end":{"line":26,"column":5}},"6":{"start":{"line":11,"column":26},"end":{"line":13,"column":10}},"7":{"start":{"line":16,"column":8},"end":{"line":21,"column":9}},"8":{"start":{"line":17,"column":12},"end":{"line":17,"column":88}},"9":{"start":{"line":20,"column":12},"end":{"line":20,"column":65}},"10":{"start":{"line":25,"column":8},"end":{"line":25,"column":63}},"11":{"start":{"line":30,"column":0},"end":{"line":32,"column":2}}},"fnMap":{"0":{"name":"(anonymous_0)","decl":{"start":{"line":5,"column":18},"end":{"line":5,"column":19}},"loc":{"start":{"line":5,"column":44},"end":{"line":28,"column":1}},"line":5}},"branchMap":{"0":{"loc":{"start":{"line":6,"column":23},"end":{"line":6,"column":96}},"type":"cond-expr","locations":[{"start":{"line":6,"column":55},"end":{"line":6,"column":69}},{"start":{"line":6,"column":74},"end":{"line":6,"column":95}}],"line":6},"1":{"loc":{"start":{"line":16,"column":8},"end":{"line":21,"column":9}},"type":"if","locations":[{"start":{"line":16,"column":8},"end":{"line":21,"column":9}},{"start":{"line":16,"column":8},"end":{"line":21,"column":9}}],"line":16},"2":{"loc":{"start":{"line":16,"column":12},"end":{"line":16,"column":47}},"type":"binary-expr","locations":[{"start":{"line":16,"column":12},"end":{"line":16,"column":21}},{"start":{"line":16,"column":25},"end":{"line":16,"column":47}}],"line":16}},"s":{"0":6,"1":6,"2":6,"3":6,"4":3,"5":3,"6":3,"7":2,"8":1,"9":1,"10":1,"11":6},"f":{"0":3},"b":{"0":[0,3],"1":[1,1],"2":[2,2]},"_coverageSchema":"1a1c01bbd47fc00a2c39e90264f33305004495a9","hash":"00897afe3d6dc215ebbfde5c5297ae456ff5004b"}
,"C:\\Users\\user\\Desktop\\Final SEP\\Covid-Patient-tracker--Backend\\controllers\\facility.js": {"path":"C:\\Users\\user\\Desktop\\Final SEP\\Covid-Patient-tracker--Backend\\controllers\\facility.js","statementMap":{"0":{"start":{"line":1,"column":41},"end":{"line":1,"column":77}},"1":{"start":{"line":3,"column":19},"end":{"line":3,"column":47}},"2":{"start":{"line":6,"column":23},"end":{"line":21,"column":1}},"3":{"start":{"line":7,"column":4},"end":{"line":19,"column":5}},"4":{"start":{"line":8,"column":31},"end":{"line":8,"column":55}},"5":{"start":{"line":10,"column":8},"end":{"line":15,"column":9}},"6":{"start":{"line":11,"column":12},"end":{"line":11,"column":82}},"7":{"start":{"line":14,"column":12},"end":{"line":14,"column":69}},"8":{"start":{"line":18,"column":8},"end":{"line":18,"column":63}},"9":{"start":{"line":23,"column":0},"end":{"line":25,"column":2}}},"fnMap":{"0":{"name":"(anonymous_0)","decl":{"start":{"line":6,"column":23},"end":{"line":6,"column":24}},"loc":{"start":{"line":6,"column":47},"end":{"line":21,"column":1}},"line":6}},"branchMap":{"0":{"loc":{"start":{"line":10,"column":8},"end":{"line":15,"column":9}},"type":"if","locations":[{"start":{"line":10,"column":8},"end":{"line":15,"column":9}},{"start":{"line":10,"column":8},"end":{"line":15,"column":9}}],"line":10},"1":{"loc":{"start":{"line":10,"column":12},"end":{"line":10,"column":55}},"type":"binary-expr","locations":[{"start":{"line":10,"column":12},"end":{"line":10,"column":26}},{"start":{"line":10,"column":30},"end":{"line":10,"column":55}}],"line":10}},"s":{"0":6,"1":6,"2":6,"3":2,"4":2,"5":1,"6":1,"7":0,"8":1,"9":6},"f":{"0":2},"b":{"0":[1,0],"1":[1,1]},"_coverageSchema":"1a1c01bbd47fc00a2c39e90264f33305004495a9","hash":"c8dc3fe4493f0d1ec33c5668e35a6ab4d6ef9333"}
,"C:\\Users\\user\\Desktop\\Final SEP\\Covid-Patient-tracker--Backend\\controllers\\moh.js": {"path":"C:\\Users\\user\\Desktop\\Final SEP\\Covid-Patient-tracker--Backend\\controllers\\moh.js","statementMap":{"0":{"start":{"line":1,"column":15},"end":{"line":1,"column":35}},"1":{"start":{"line":2,"column":15},"end":{"line":2,"column":32}},"2":{"start":{"line":3,"column":12},"end":{"line":3,"column":26}},"3":{"start":{"line":4,"column":15},"end":{"line":4,"column":34}},"4":{"start":{"line":5,"column":41},"end":{"line":5,"column":77}},"5":{"start":{"line":6,"column":112},"end":{"line":6,"column":146}},"6":{"start":{"line":7,"column":9},"end":{"line":7,"column":22}},"7":{"start":{"line":9,"column":94},"end":{"line":9,"column":122}},"8":{"start":{"line":12,"column":19},"end":{"line":20,"column":6}},"9":{"start":{"line":21,"column":4},"end":{"line":21,"column":152}},"10":{"start":{"line":24,"column":17},"end":{"line":72,"column":1}},"11":{"start":{"line":25,"column":68},"end":{"line":25,"column":76}},"12":{"start":{"line":26,"column":29},"end":{"line":26,"column":105}},"13":{"start":{"line":27,"column":4},"end":{"line":29,"column":5}},"14":{"start":{"line":28,"column":8},"end":{"line":28,"column":63}},"15":{"start":{"line":30,"column":4},"end":{"line":32,"column":5}},"16":{"start":{"line":31,"column":8},"end":{"line":31,"column":62}},"17":{"start":{"line":33,"column":4},"end":{"line":35,"column":5}},"18":{"start":{"line":34,"column":8},"end":{"line":34,"column":65}},"19":{"start":{"line":36,"column":4},"end":{"line":71,"column":5}},"20":{"start":{"line":37,"column":25},"end":{"line":37,"column":62}},"21":{"start":{"line":38,"column":28},"end":{"line":45,"column":9}},"22":{"start":{"line":47,"column":8},"end":{"line":61,"column":9}},"23":{"start":{"line":48,"column":12},"end":{"line":51,"column":14}},"24":{"start":{"line":52,"column":12},"end":{"line":57,"column":15}},"25":{"start":{"line":59,"column":13},"end":{"line":61,"column":9}},"26":{"start":{"line":60,"column":12},"end":{"line":60,"column":59}},"27":{"start":{"line":62,"column":8},"end":{"line":67,"column":9}},"28":{"start":{"line":63,"column":12},"end":{"line":63,"column":75}},"29":{"start":{"line":66,"column":12},"end":{"line":66,"column":69}},"30":{"start":{"line":70,"column":8},"end":{"line":70,"column":63}},"31":{"start":{"line":74,"column":30},"end":{"line":89,"column":1}},"32":{"start":{"line":75,"column":25},"end":{"line":75,"column":83}},"33":{"start":{"line":76,"column":4},"end":{"line":87,"column":5}},"34":{"start":{"line":77,"column":39},"end":{"line":77,"column":69}},"35":{"start":{"line":78,"column":8},"end":{"line":83,"column":9}},"36":{"start":{"line":79,"column":12},"end":{"line":79,"column":122}},"37":{"start":{"line":82,"column":12},"end":{"line":82,"column":70}},"38":{"start":{"line":86,"column":8},"end":{"line":86,"column":63}},"39":{"start":{"line":91,"column":29},"end":{"line":109,"column":1}},"40":{"start":{"line":92,"column":21},"end":{"line":92,"column":40}},"41":{"start":{"line":93,"column":25},"end":{"line":93,"column":83}},"42":{"start":{"line":94,"column":4},"end":{"line":107,"column":5}},"43":{"start":{"line":95,"column":38},"end":{"line":97,"column":10}},"44":{"start":{"line":98,"column":8},"end":{"line":103,"column":9}},"45":{"start":{"line":99,"column":12},"end":{"line":99,"column":120}},"46":{"start":{"line":102,"column":12},"end":{"line":102,"column":69}},"47":{"start":{"line":106,"column":8},"end":{"line":106,"column":63}},"48":{"start":{"line":111,"column":28},"end":{"line":125,"column":1}},"49":{"start":{"line":112,"column":4},"end":{"line":123,"column":5}},"50":{"start":{"line":113,"column":37},"end":{"line":113,"column":67}},"51":{"start":{"line":114,"column":8},"end":{"line":119,"column":9}},"52":{"start":{"line":115,"column":12},"end":{"line":115,"column":103}},"53":{"start":{"line":118,"column":12},"end":{"line":118,"column":68}},"54":{"start":{"line":122,"column":8},"end":{"line":122,"column":63}},"55":{"start":{"line":127,"column":24},"end":{"line":149,"column":1}},"56":{"start":{"line":128,"column":21},"end":{"line":128,"column":54}},"57":{"start":{"line":129,"column":4},"end":{"line":148,"column":5}},"58":{"start":{"line":130,"column":32},"end":{"line":138,"column":10}},"59":{"start":{"line":139,"column":8},"end":{"line":144,"column":9}},"60":{"start":{"line":140,"column":12},"end":{"line":140,"column":138}},"61":{"start":{"line":143,"column":12},"end":{"line":143,"column":60}},"62":{"start":{"line":147,"column":8},"end":{"line":147,"column":63}},"63":{"start":{"line":151,"column":28},"end":{"line":173,"column":1}},"64":{"start":{"line":152,"column":21},"end":{"line":152,"column":54}},"65":{"start":{"line":153,"column":4},"end":{"line":172,"column":5}},"66":{"start":{"line":154,"column":35},"end":{"line":162,"column":10}},"67":{"start":{"line":163,"column":8},"end":{"line":168,"column":9}},"68":{"start":{"line":164,"column":12},"end":{"line":164,"column":145}},"69":{"start":{"line":167,"column":12},"end":{"line":167,"column":60}},"70":{"start":{"line":171,"column":8},"end":{"line":171,"column":63}},"71":{"start":{"line":175,"column":25},"end":{"line":197,"column":1}},"72":{"start":{"line":176,"column":21},"end":{"line":176,"column":54}},"73":{"start":{"line":177,"column":4},"end":{"line":196,"column":5}},"74":{"start":{"line":178,"column":35},"end":{"line":186,"column":10}},"75":{"start":{"line":187,"column":8},"end":{"line":192,"column":9}},"76":{"start":{"line":188,"column":12},"end":{"line":188,"column":142}},"77":{"start":{"line":191,"column":12},"end":{"line":191,"column":60}},"78":{"start":{"line":195,"column":8},"end":{"line":195,"column":63}},"79":{"start":{"line":199,"column":24},"end":{"line":223,"column":1}},"80":{"start":{"line":200,"column":21},"end":{"line":200,"column":54}},"81":{"start":{"line":201,"column":4},"end":{"line":222,"column":5}},"82":{"start":{"line":202,"column":31},"end":{"line":211,"column":10}},"83":{"start":{"line":212,"column":8},"end":{"line":218,"column":9}},"84":{"start":{"line":213,"column":12},"end":{"line":213,"column":136}},"85":{"start":{"line":217,"column":12},"end":{"line":217,"column":60}},"86":{"start":{"line":221,"column":8},"end":{"line":221,"column":63}},"87":{"start":{"line":225,"column":22},"end":{"line":240,"column":1}},"88":{"start":{"line":226,"column":4},"end":{"line":239,"column":5}},"89":{"start":{"line":227,"column":27},"end":{"line":228,"column":10}},"90":{"start":{"line":229,"column":8},"end":{"line":234,"column":9}},"91":{"start":{"line":230,"column":12},"end":{"line":230,"column":68}},"92":{"start":{"line":233,"column":12},"end":{"line":233,"column":66}},"93":{"start":{"line":238,"column":8},"end":{"line":238,"column":63}},"94":{"start":{"line":242,"column":31},"end":{"line":272,"column":1}},"95":{"start":{"line":243,"column":23},"end":{"line":243,"column":59}},"96":{"start":{"line":244,"column":21},"end":{"line":253,"column":5}},"97":{"start":{"line":255,"column":4},"end":{"line":257,"column":5}},"98":{"start":{"line":256,"column":8},"end":{"line":256,"column":62}},"99":{"start":{"line":259,"column":4},"end":{"line":271,"column":5}},"100":{"start":{"line":260,"column":36},"end":{"line":260,"column":77}},"101":{"start":{"line":262,"column":8},"end":{"line":267,"column":9}},"102":{"start":{"line":263,"column":12},"end":{"line":263,"column":88}},"103":{"start":{"line":266,"column":12},"end":{"line":266,"column":77}},"104":{"start":{"line":270,"column":8},"end":{"line":270,"column":63}},"105":{"start":{"line":274,"column":28},"end":{"line":304,"column":1}},"106":{"start":{"line":275,"column":23},"end":{"line":275,"column":59}},"107":{"start":{"line":276,"column":21},"end":{"line":285,"column":5}},"108":{"start":{"line":287,"column":4},"end":{"line":289,"column":5}},"109":{"start":{"line":288,"column":8},"end":{"line":288,"column":62}},"110":{"start":{"line":291,"column":4},"end":{"line":303,"column":5}},"111":{"start":{"line":292,"column":33},"end":{"line":292,"column":74}},"112":{"start":{"line":294,"column":8},"end":{"line":299,"column":9}},"113":{"start":{"line":295,"column":12},"end":{"line":295,"column":81}},"114":{"start":{"line":298,"column":12},"end":{"line":298,"column":73}},"115":{"start":{"line":302,"column":8},"end":{"line":302,"column":63}},"116":{"start":{"line":306,"column":28},"end":{"line":336,"column":1}},"117":{"start":{"line":307,"column":23},"end":{"line":307,"column":59}},"118":{"start":{"line":308,"column":21},"end":{"line":317,"column":5}},"119":{"start":{"line":319,"column":4},"end":{"line":321,"column":5}},"120":{"start":{"line":320,"column":8},"end":{"line":320,"column":60}},"121":{"start":{"line":323,"column":4},"end":{"line":335,"column":5}},"122":{"start":{"line":324,"column":33},"end":{"line":324,"column":74}},"123":{"start":{"line":326,"column":8},"end":{"line":331,"column":9}},"124":{"start":{"line":327,"column":12},"end":{"line":327,"column":81}},"125":{"start":{"line":330,"column":12},"end":{"line":330,"column":73}},"126":{"start":{"line":334,"column":8},"end":{"line":334,"column":63}},"127":{"start":{"line":338,"column":26},"end":{"line":358,"column":1}},"128":{"start":{"line":339,"column":4},"end":{"line":356,"column":5}},"129":{"start":{"line":340,"column":29},"end":{"line":344,"column":10}},"130":{"start":{"line":346,"column":8},"end":{"line":351,"column":9}},"131":{"start":{"line":347,"column":12},"end":{"line":347,"column":100}},"132":{"start":{"line":350,"column":12},"end":{"line":350,"column":76}},"133":{"start":{"line":355,"column":8},"end":{"line":355,"column":63}},"134":{"start":{"line":360,"column":27},"end":{"line":409,"column":1}},"135":{"start":{"line":361,"column":21},"end":{"line":361,"column":54}},"136":{"start":{"line":362,"column":21},"end":{"line":362,"column":46}},"137":{"start":{"line":363,"column":23},"end":{"line":363,"column":46}},"138":{"start":{"line":367,"column":4},"end":{"line":383,"column":5}},"139":{"start":{"line":368,"column":8},"end":{"line":368,"column":31}},"140":{"start":{"line":369,"column":8},"end":{"line":369,"column":37}},"141":{"start":{"line":371,"column":9},"end":{"line":383,"column":5}},"142":{"start":{"line":372,"column":8},"end":{"line":372,"column":33}},"143":{"start":{"line":373,"column":8},"end":{"line":373,"column":39}},"144":{"start":{"line":374,"column":8},"end":{"line":374,"column":24}},"145":{"start":{"line":376,"column":9},"end":{"line":383,"column":5}},"146":{"start":{"line":377,"column":8},"end":{"line":377,"column":33}},"147":{"start":{"line":378,"column":8},"end":{"line":378,"column":39}},"148":{"start":{"line":379,"column":8},"end":{"line":379,"column":28}},"149":{"start":{"line":382,"column":8},"end":{"line":382,"column":59}},"150":{"start":{"line":384,"column":23},"end":{"line":392,"column":5}},"151":{"start":{"line":393,"column":4},"end":{"line":395,"column":5}},"152":{"start":{"line":394,"column":8},"end":{"line":394,"column":49}},"153":{"start":{"line":397,"column":4},"end":{"line":408,"column":5}},"154":{"start":{"line":398,"column":34},"end":{"line":398,"column":75}},"155":{"start":{"line":399,"column":8},"end":{"line":404,"column":9}},"156":{"start":{"line":400,"column":12},"end":{"line":400,"column":177}},"157":{"start":{"line":403,"column":12},"end":{"line":403,"column":60}},"158":{"start":{"line":407,"column":8},"end":{"line":407,"column":63}},"159":{"start":{"line":411,"column":0},"end":{"line":414,"column":2}}},"fnMap":{"0":{"name":"validateRegister","decl":{"start":{"line":11,"column":9},"end":{"line":11,"column":25}},"loc":{"start":{"line":11,"column":85},"end":{"line":22,"column":1}},"line":11},"1":{"name":"(anonymous_1)","decl":{"start":{"line":24,"column":17},"end":{"line":24,"column":18}},"loc":{"start":{"line":24,"column":43},"end":{"line":72,"column":1}},"line":24},"2":{"name":"(anonymous_2)","decl":{"start":{"line":74,"column":30},"end":{"line":74,"column":31}},"loc":{"start":{"line":74,"column":54},"end":{"line":89,"column":1}},"line":74},"3":{"name":"(anonymous_3)","decl":{"start":{"line":91,"column":29},"end":{"line":91,"column":30}},"loc":{"start":{"line":91,"column":53},"end":{"line":109,"column":1}},"line":91},"4":{"name":"(anonymous_4)","decl":{"start":{"line":111,"column":28},"end":{"line":111,"column":29}},"loc":{"start":{"line":111,"column":52},"end":{"line":125,"column":1}},"line":111},"5":{"name":"(anonymous_5)","decl":{"start":{"line":127,"column":24},"end":{"line":127,"column":25}},"loc":{"start":{"line":127,"column":48},"end":{"line":149,"column":1}},"line":127},"6":{"name":"(anonymous_6)","decl":{"start":{"line":151,"column":28},"end":{"line":151,"column":29}},"loc":{"start":{"line":151,"column":52},"end":{"line":173,"column":1}},"line":151},"7":{"name":"(anonymous_7)","decl":{"start":{"line":175,"column":25},"end":{"line":175,"column":26}},"loc":{"start":{"line":175,"column":49},"end":{"line":197,"column":1}},"line":175},"8":{"name":"(anonymous_8)","decl":{"start":{"line":199,"column":24},"end":{"line":199,"column":25}},"loc":{"start":{"line":199,"column":48},"end":{"line":223,"column":1}},"line":199},"9":{"name":"(anonymous_9)","decl":{"start":{"line":225,"column":22},"end":{"line":225,"column":23}},"loc":{"start":{"line":225,"column":46},"end":{"line":240,"column":1}},"line":225},"10":{"name":"(anonymous_10)","decl":{"start":{"line":242,"column":31},"end":{"line":242,"column":32}},"loc":{"start":{"line":242,"column":55},"end":{"line":272,"column":1}},"line":242},"11":{"name":"(anonymous_11)","decl":{"start":{"line":274,"column":28},"end":{"line":274,"column":29}},"loc":{"start":{"line":274,"column":52},"end":{"line":304,"column":1}},"line":274},"12":{"name":"(anonymous_12)","decl":{"start":{"line":306,"column":28},"end":{"line":306,"column":29}},"loc":{"start":{"line":306,"column":52},"end":{"line":336,"column":1}},"line":306},"13":{"name":"(anonymous_13)","decl":{"start":{"line":338,"column":26},"end":{"line":338,"column":27}},"loc":{"start":{"line":338,"column":50},"end":{"line":358,"column":1}},"line":338},"14":{"name":"(anonymous_14)","decl":{"start":{"line":360,"column":27},"end":{"line":360,"column":28}},"loc":{"start":{"line":360,"column":51},"end":{"line":409,"column":1}},"line":360}},"branchMap":{"0":{"loc":{"start":{"line":27,"column":4},"end":{"line":29,"column":5}},"type":"if","locations":[{"start":{"line":27,"column":4},"end":{"line":29,"column":5}},{"start":{"line":27,"column":4},"end":{"line":29,"column":5}}],"line":27},"1":{"loc":{"start":{"line":30,"column":4},"end":{"line":32,"column":5}},"type":"if","locations":[{"start":{"line":30,"column":4},"end":{"line":32,"column":5}},{"start":{"line":30,"column":4},"end":{"line":32,"column":5}}],"line":30},"2":{"loc":{"start":{"line":33,"column":4},"end":{"line":35,"column":5}},"type":"if","locations":[{"start":{"line":33,"column":4},"end":{"line":35,"column":5}},{"start":{"line":33,"column":4},"end":{"line":35,"column":5}}],"line":33},"3":{"loc":{"start":{"line":47,"column":8},"end":{"line":61,"column":9}},"type":"if","locations":[{"start":{"line":47,"column":8},"end":{"line":61,"column":9}},{"start":{"line":47,"column":8},"end":{"line":61,"column":9}}],"line":47},"4":{"loc":{"start":{"line":47,"column":12},"end":{"line":47,"column":51}},"type":"binary-expr","locations":[{"start":{"line":47,"column":12},"end":{"line":47,"column":37}},{"start":{"line":47,"column":41},"end":{"line":47,"column":51}}],"line":47},"5":{"loc":{"start":{"line":59,"column":13},"end":{"line":61,"column":9}},"type":"if","locations":[{"start":{"line":59,"column":13},"end":{"line":61,"column":9}},{"start":{"line":59,"column":13},"end":{"line":61,"column":9}}],"line":59},"6":{"loc":{"start":{"line":59,"column":16},"end":{"line":59,"column":56}},"type":"binary-expr","locations":[{"start":{"line":59,"column":16},"end":{"line":59,"column":41}},{"start":{"line":59,"column":45},"end":{"line":59,"column":56}}],"line":59},"7":{"loc":{"start":{"line":62,"column":8},"end":{"line":67,"column":9}},"type":"if","locations":[{"start":{"line":62,"column":8},"end":{"line":67,"column":9}},{"start":{"line":62,"column":8},"end":{"line":67,"column":9}}],"line":62},"8":{"loc":{"start":{"line":78,"column":8},"end":{"line":83,"column":9}},"type":"if","locations":[{"start":{"line":78,"column":8},"end":{"line":83,"column":9}},{"start":{"line":78,"column":8},"end":{"line":83,"column":9}}],"line":78},"9":{"loc":{"start":{"line":78,"column":12},"end":{"line":78,"column":71}},"type":"binary-expr","locations":[{"start":{"line":78,"column":12},"end":{"line":78,"column":34}},{"start":{"line":78,"column":38},"end":{"line":78,"column":71}}],"line":78},"10":{"loc":{"start":{"line":98,"column":8},"end":{"line":103,"column":9}},"type":"if","locations":[{"start":{"line":98,"column":8},"end":{"line":103,"column":9}},{"start":{"line":98,"column":8},"end":{"line":103,"column":9}}],"line":98},"11":{"loc":{"start":{"line":98,"column":12},"end":{"line":98,"column":69}},"type":"binary-expr","locations":[{"start":{"line":98,"column":12},"end":{"line":98,"column":33}},{"start":{"line":98,"column":37},"end":{"line":98,"column":69}}],"line":98},"12":{"loc":{"start":{"line":114,"column":8},"end":{"line":119,"column":9}},"type":"if","locations":[{"start":{"line":114,"column":8},"end":{"line":119,"column":9}},{"start":{"line":114,"column":8},"end":{"line":119,"column":9}}],"line":114},"13":{"loc":{"start":{"line":114,"column":12},"end":{"line":114,"column":67}},"type":"binary-expr","locations":[{"start":{"line":114,"column":12},"end":{"line":114,"column":32}},{"start":{"line":114,"column":36},"end":{"line":114,"column":67}}],"line":114},"14":{"loc":{"start":{"line":128,"column":21},"end":{"line":128,"column":54}},"type":"binary-expr","locations":[{"start":{"line":128,"column":21},"end":{"line":128,"column":49}},{"start":{"line":128,"column":53},"end":{"line":128,"column":54}}],"line":128},"15":{"loc":{"start":{"line":139,"column":8},"end":{"line":144,"column":9}},"type":"if","locations":[{"start":{"line":139,"column":8},"end":{"line":144,"column":9}},{"start":{"line":139,"column":8},"end":{"line":144,"column":9}}],"line":139},"16":{"loc":{"start":{"line":152,"column":21},"end":{"line":152,"column":54}},"type":"binary-expr","locations":[{"start":{"line":152,"column":21},"end":{"line":152,"column":49}},{"start":{"line":152,"column":53},"end":{"line":152,"column":54}}],"line":152},"17":{"loc":{"start":{"line":163,"column":8},"end":{"line":168,"column":9}},"type":"if","locations":[{"start":{"line":163,"column":8},"end":{"line":168,"column":9}},{"start":{"line":163,"column":8},"end":{"line":168,"column":9}}],"line":163},"18":{"loc":{"start":{"line":176,"column":21},"end":{"line":176,"column":54}},"type":"binary-expr","locations":[{"start":{"line":176,"column":21},"end":{"line":176,"column":49}},{"start":{"line":176,"column":53},"end":{"line":176,"column":54}}],"line":176},"19":{"loc":{"start":{"line":187,"column":8},"end":{"line":192,"column":9}},"type":"if","locations":[{"start":{"line":187,"column":8},"end":{"line":192,"column":9}},{"start":{"line":187,"column":8},"end":{"line":192,"column":9}}],"line":187},"20":{"loc":{"start":{"line":200,"column":21},"end":{"line":200,"column":54}},"type":"binary-expr","locations":[{"start":{"line":200,"column":21},"end":{"line":200,"column":49}},{"start":{"line":200,"column":53},"end":{"line":200,"column":54}}],"line":200},"21":{"loc":{"start":{"line":212,"column":8},"end":{"line":218,"column":9}},"type":"if","locations":[{"start":{"line":212,"column":8},"end":{"line":218,"column":9}},{"start":{"line":212,"column":8},"end":{"line":218,"column":9}}],"line":212},"22":{"loc":{"start":{"line":229,"column":8},"end":{"line":234,"column":9}},"type":"if","locations":[{"start":{"line":229,"column":8},"end":{"line":234,"column":9}},{"start":{"line":229,"column":8},"end":{"line":234,"column":9}}],"line":229},"23":{"loc":{"start":{"line":229,"column":12},"end":{"line":229,"column":45}},"type":"binary-expr","locations":[{"start":{"line":229,"column":12},"end":{"line":229,"column":22}},{"start":{"line":229,"column":26},"end":{"line":229,"column":45}}],"line":229},"24":{"loc":{"start":{"line":243,"column":23},"end":{"line":243,"column":59}},"type":"binary-expr","locations":[{"start":{"line":243,"column":23},"end":{"line":243,"column":51}},{"start":{"line":243,"column":55},"end":{"line":243,"column":59}}],"line":243},"25":{"loc":{"start":{"line":255,"column":4},"end":{"line":257,"column":5}},"type":"if","locations":[{"start":{"line":255,"column":4},"end":{"line":257,"column":5}},{"start":{"line":255,"column":4},"end":{"line":257,"column":5}}],"line":255},"26":{"loc":{"start":{"line":262,"column":8},"end":{"line":267,"column":9}},"type":"if","locations":[{"start":{"line":262,"column":8},"end":{"line":267,"column":9}},{"start":{"line":262,"column":8},"end":{"line":267,"column":9}}],"line":262},"27":{"loc":{"start":{"line":262,"column":12},"end":{"line":262,"column":63}},"type":"binary-expr","locations":[{"start":{"line":262,"column":12},"end":{"line":262,"column":31}},{"start":{"line":262,"column":35},"end":{"line":262,"column":63}}],"line":262},"28":{"loc":{"start":{"line":275,"column":23},"end":{"line":275,"column":59}},"type":"binary-expr","locations":[{"start":{"line":275,"column":23},"end":{"line":275,"column":51}},{"start":{"line":275,"column":55},"end":{"line":275,"column":59}}],"line":275},"29":{"loc":{"start":{"line":287,"column":4},"end":{"line":289,"column":5}},"type":"if","locations":[{"start":{"line":287,"column":4},"end":{"line":289,"column":5}},{"start":{"line":287,"column":4},"end":{"line":289,"column":5}}],"line":287},"30":{"loc":{"start":{"line":294,"column":8},"end":{"line":299,"column":9}},"type":"if","locations":[{"start":{"line":294,"column":8},"end":{"line":299,"column":9}},{"start":{"line":294,"column":8},"end":{"line":299,"column":9}}],"line":294},"31":{"loc":{"start":{"line":294,"column":12},"end":{"line":294,"column":57}},"type":"binary-expr","locations":[{"start":{"line":294,"column":12},"end":{"line":294,"column":28}},{"start":{"line":294,"column":32},"end":{"line":294,"column":57}}],"line":294},"32":{"loc":{"start":{"line":307,"column":23},"end":{"line":307,"column":59}},"type":"binary-expr","locations":[{"start":{"line":307,"column":23},"end":{"line":307,"column":51}},{"start":{"line":307,"column":55},"end":{"line":307,"column":59}}],"line":307},"33":{"loc":{"start":{"line":319,"column":4},"end":{"line":321,"column":5}},"type":"if","locations":[{"start":{"line":319,"column":4},"end":{"line":321,"column":5}},{"start":{"line":319,"column":4},"end":{"line":321,"column":5}}],"line":319},"34":{"loc":{"start":{"line":326,"column":8},"end":{"line":331,"column":9}},"type":"if","locations":[{"start":{"line":326,"column":8},"end":{"line":331,"column":9}},{"start":{"line":326,"column":8},"end":{"line":331,"column":9}}],"line":326},"35":{"loc":{"start":{"line":326,"column":12},"end":{"line":326,"column":57}},"type":"binary-expr","locations":[{"start":{"line":326,"column":12},"end":{"line":326,"column":28}},{"start":{"line":326,"column":32},"end":{"line":326,"column":57}}],"line":326},"36":{"loc":{"start":{"line":346,"column":8},"end":{"line":351,"column":9}},"type":"if","locations":[{"start":{"line":346,"column":8},"end":{"line":351,"column":9}},{"start":{"line":346,"column":8},"end":{"line":351,"column":9}}],"line":346},"37":{"loc":{"start":{"line":346,"column":12},"end":{"line":346,"column":49}},"type":"binary-expr","locations":[{"start":{"line":346,"column":12},"end":{"line":346,"column":24}},{"start":{"line":346,"column":28},"end":{"line":346,"column":49}}],"line":346},"38":{"loc":{"start":{"line":361,"column":21},"end":{"line":361,"column":54}},"type":"binary-expr","locations":[{"start":{"line":361,"column":21},"end":{"line":361,"column":49}},{"start":{"line":361,"column":53},"end":{"line":361,"column":54}}],"line":361},"39":{"loc":{"start":{"line":362,"column":21},"end":{"line":362,"column":46}},"type":"binary-expr","locations":[{"start":{"line":362,"column":21},"end":{"line":362,"column":35}},{"start":{"line":362,"column":39},"end":{"line":362,"column":46}}],"line":362},"40":{"loc":{"start":{"line":363,"column":23},"end":{"line":363,"column":46}},"type":"binary-expr","locations":[{"start":{"line":363,"column":23},"end":{"line":363,"column":41}},{"start":{"line":363,"column":45},"end":{"line":363,"column":46}}],"line":363},"41":{"loc":{"start":{"line":367,"column":4},"end":{"line":383,"column":5}},"type":"if","locations":[{"start":{"line":367,"column":4},"end":{"line":383,"column":5}},{"start":{"line":367,"column":4},"end":{"line":383,"column":5}}],"line":367},"42":{"loc":{"start":{"line":371,"column":9},"end":{"line":383,"column":5}},"type":"if","locations":[{"start":{"line":371,"column":9},"end":{"line":383,"column":5}},{"start":{"line":371,"column":9},"end":{"line":383,"column":5}}],"line":371},"43":{"loc":{"start":{"line":376,"column":9},"end":{"line":383,"column":5}},"type":"if","locations":[{"start":{"line":376,"column":9},"end":{"line":383,"column":5}},{"start":{"line":376,"column":9},"end":{"line":383,"column":5}}],"line":376},"44":{"loc":{"start":{"line":393,"column":4},"end":{"line":395,"column":5}},"type":"if","locations":[{"start":{"line":393,"column":4},"end":{"line":395,"column":5}},{"start":{"line":393,"column":4},"end":{"line":395,"column":5}}],"line":393},"45":{"loc":{"start":{"line":393,"column":8},"end":{"line":393,"column":47}},"type":"binary-expr","locations":[{"start":{"line":393,"column":8},"end":{"line":393,"column":28}},{"start":{"line":393,"column":32},"end":{"line":393,"column":47}}],"line":393},"46":{"loc":{"start":{"line":399,"column":8},"end":{"line":404,"column":9}},"type":"if","locations":[{"start":{"line":399,"column":8},"end":{"line":404,"column":9}},{"start":{"line":399,"column":8},"end":{"line":404,"column":9}}],"line":399}},"s":{"0":6,"1":6,"2":6,"3":6,"4":6,"5":6,"6":6,"7":6,"8":0,"9":0,"10":6,"11":0,"12":0,"13":0,"14":0,"15":0,"16":0,"17":0,"18":0,"19":0,"20":0,"21":0,"22":0,"23":0,"24":0,"25":0,"26":0,"27":0,"28":0,"29":0,"30":0,"31":6,"32":0,"33":0,"34":0,"35":0,"36":0,"37":0,"38":0,"39":6,"40":0,"41":0,"42":0,"43":0,"44":0,"45":0,"46":0,"47":0,"48":6,"49":0,"50":0,"51":0,"52":0,"53":0,"54":0,"55":6,"56":0,"57":0,"58":0,"59":0,"60":0,"61":0,"62":0,"63":6,"64":0,"65":0,"66":0,"67":0,"68":0,"69":0,"70":0,"71":6,"72":0,"73":0,"74":0,"75":0,"76":0,"77":0,"78":0,"79":6,"80":0,"81":0,"82":0,"83":0,"84":0,"85":0,"86":0,"87":6,"88":0,"89":0,"90":0,"91":0,"92":0,"93":0,"94":6,"95":0,"96":0,"97":0,"98":0,"99":0,"100":0,"101":0,"102":0,"103":0,"104":0,"105":6,"106":0,"107":0,"108":0,"109":0,"110":0,"111":0,"112":0,"113":0,"114":0,"115":0,"116":6,"117":0,"118":0,"119":0,"120":0,"121":0,"122":0,"123":0,"124":0,"125":0,"126":0,"127":6,"128":0,"129":0,"130":0,"131":0,"132":0,"133":0,"134":6,"135":0,"136":0,"137":0,"138":0,"139":0,"140":0,"141":0,"142":0,"143":0,"144":0,"145":0,"146":0,"147":0,"148":0,"149":0,"150":0,"151":0,"152":0,"153":0,"154":0,"155":0,"156":0,"157":0,"158":0,"159":6},"f":{"0":0,"1":0,"2":0,"3":0,"4":0,"5":0,"6":0,"7":0,"8":0,"9":0,"10":0,"11":0,"12":0,"13":0,"14":0},"b":{"0":[0,0],"1":[0,0],"2":[0,0],"3":[0,0],"4":[0,0],"5":[0,0],"6":[0,0],"7":[0,0],"8":[0,0],"9":[0,0],"10":[0,0],"11":[0,0],"12":[0,0],"13":[0,0],"14":[0,0],"15":[0,0],"16":[0,0],"17":[0,0],"18":[0,0],"19":[0,0],"20":[0,0],"21":[0,0],"22":[0,0],"23":[0,0],"24":[0,0],"25":[0,0],"26":[0,0],"27":[0,0],"28":[0,0],"29":[0,0],"30":[0,0],"31":[0,0],"32":[0,0],"33":[0,0],"34":[0,0],"35":[0,0],"36":[0,0],"37":[0,0],"38":[0,0],"39":[0,0],"40":[0,0],"41":[0,0],"42":[0,0],"43":[0,0],"44":[0,0],"45":[0,0],"46":[0,0]},"_coverageSchema":"1a1c01bbd47fc00a2c39e90264f33305004495a9","hash":"e91170f20708c6183cc1b5ca70e64094309a27e7"}
,"C:\\Users\\user\\Desktop\\Final SEP\\Covid-Patient-tracker--Backend\\controllers\\patient.js": {"path":"C:\\Users\\user\\Desktop\\Final SEP\\Covid-Patient-tracker--Backend\\controllers\\patient.js","statementMap":{"0":{"start":{"line":1,"column":15},"end":{"line":1,"column":35}},"1":{"start":{"line":2,"column":41},"end":{"line":2,"column":77}},"2":{"start":{"line":3,"column":12},"end":{"line":3,"column":26}},"3":{"start":{"line":4,"column":80},"end":{"line":4,"column":142}},"4":{"start":{"line":6,"column":51},"end":{"line":6,"column":79}},"5":{"start":{"line":8,"column":21},"end":{"line":96,"column":1}},"6":{"start":{"line":31,"column":4},"end":{"line":31,"column":12}},"7":{"start":{"line":34,"column":26},"end":{"line":34,"column":40}},"8":{"start":{"line":37,"column":0},"end":{"line":39,"column":1}},"9":{"start":{"line":38,"column":2},"end":{"line":38,"column":72}},"10":{"start":{"line":42,"column":25},"end":{"line":42,"column":94}},"11":{"start":{"line":43,"column":10},"end":{"line":43,"column":20}},"12":{"start":{"line":45,"column":0},"end":{"line":47,"column":1}},"13":{"start":{"line":46,"column":2},"end":{"line":46,"column":57}},"14":{"start":{"line":49,"column":0},"end":{"line":51,"column":1}},"15":{"start":{"line":50,"column":2},"end":{"line":50,"column":48}},"16":{"start":{"line":54,"column":0},"end":{"line":56,"column":1}},"17":{"start":{"line":55,"column":2},"end":{"line":55,"column":59}},"18":{"start":{"line":57,"column":2},"end":{"line":95,"column":1}},"19":{"start":{"line":58,"column":17},"end":{"line":84,"column":3}},"20":{"start":{"line":88,"column":2},"end":{"line":92,"column":3}},"21":{"start":{"line":89,"column":4},"end":{"line":89,"column":78}},"22":{"start":{"line":91,"column":4},"end":{"line":91,"column":86}},"23":{"start":{"line":94,"column":2},"end":{"line":94,"column":58}},"24":{"start":{"line":101,"column":25},"end":{"line":131,"column":1}},"25":{"start":{"line":105,"column":6},"end":{"line":105,"column":14}},"26":{"start":{"line":107,"column":30},"end":{"line":107,"column":44}},"27":{"start":{"line":108,"column":20},"end":{"line":108,"column":77}},"28":{"start":{"line":110,"column":2},"end":{"line":112,"column":1}},"29":{"start":{"line":111,"column":4},"end":{"line":111,"column":59}},"30":{"start":{"line":113,"column":4},"end":{"line":130,"column":3}},"31":{"start":{"line":114,"column":19},"end":{"line":121,"column":5}},"32":{"start":{"line":123,"column":4},"end":{"line":127,"column":5}},"33":{"start":{"line":124,"column":6},"end":{"line":124,"column":83}},"34":{"start":{"line":126,"column":6},"end":{"line":126,"column":64}},"35":{"start":{"line":129,"column":4},"end":{"line":129,"column":60}},"36":{"start":{"line":136,"column":24},"end":{"line":167,"column":1}},"37":{"start":{"line":139,"column":4},"end":{"line":139,"column":12}},"38":{"start":{"line":142,"column":19},"end":{"line":142,"column":83}},"39":{"start":{"line":144,"column":0},"end":{"line":146,"column":1}},"40":{"start":{"line":145,"column":2},"end":{"line":145,"column":57}},"41":{"start":{"line":148,"column":2},"end":{"line":166,"column":1}},"42":{"start":{"line":149,"column":17},"end":{"line":156,"column":3}},"43":{"start":{"line":159,"column":2},"end":{"line":163,"column":3}},"44":{"start":{"line":160,"column":4},"end":{"line":160,"column":81}},"45":{"start":{"line":162,"column":4},"end":{"line":162,"column":62}},"46":{"start":{"line":165,"column":2},"end":{"line":165,"column":58}},"47":{"start":{"line":169,"column":20},"end":{"line":191,"column":1}},"48":{"start":{"line":172,"column":2},"end":{"line":190,"column":3}},"49":{"start":{"line":173,"column":23},"end":{"line":173,"column":37}},"50":{"start":{"line":174,"column":17},"end":{"line":174,"column":77}},"51":{"start":{"line":176,"column":20},"end":{"line":176,"column":22}},"52":{"start":{"line":177,"column":4},"end":{"line":185,"column":5}},"53":{"start":{"line":177,"column":17},"end":{"line":177,"column":18}},"54":{"start":{"line":178,"column":20},"end":{"line":178,"column":33}},"55":{"start":{"line":179,"column":25},"end":{"line":179,"column":74}},"56":{"start":{"line":181,"column":6},"end":{"line":184,"column":7}},"57":{"start":{"line":182,"column":24},"end":{"line":182,"column":90}},"58":{"start":{"line":183,"column":8},"end":{"line":183,"column":31}},"59":{"start":{"line":187,"column":4},"end":{"line":187,"column":23}},"60":{"start":{"line":189,"column":4},"end":{"line":189,"column":60}},"61":{"start":{"line":193,"column":23},"end":{"line":205,"column":1}},"62":{"start":{"line":194,"column":2},"end":{"line":204,"column":3}},"63":{"start":{"line":195,"column":20},"end":{"line":195,"column":57}},"64":{"start":{"line":196,"column":4},"end":{"line":200,"column":5}},"65":{"start":{"line":197,"column":6},"end":{"line":197,"column":40}},"66":{"start":{"line":199,"column":6},"end":{"line":199,"column":44}},"67":{"start":{"line":201,"column":4},"end":{"line":201,"column":21}},"68":{"start":{"line":203,"column":4},"end":{"line":203,"column":60}},"69":{"start":{"line":208,"column":22},"end":{"line":254,"column":1}},"70":{"start":{"line":210,"column":1},"end":{"line":214,"column":2}},"71":{"start":{"line":211,"column":3},"end":{"line":211,"column":32}},"72":{"start":{"line":213,"column":2},"end":{"line":213,"column":32}},"73":{"start":{"line":216,"column":1},"end":{"line":218,"column":1}},"74":{"start":{"line":217,"column":2},"end":{"line":217,"column":70}},"75":{"start":{"line":219,"column":1},"end":{"line":253,"column":5}},"76":{"start":{"line":220,"column":18},"end":{"line":220,"column":55}},"77":{"start":{"line":221,"column":6},"end":{"line":221,"column":50}},"78":{"start":{"line":222,"column":6},"end":{"line":222,"column":47}},"79":{"start":{"line":223,"column":6},"end":{"line":223,"column":56}},"80":{"start":{"line":224,"column":6},"end":{"line":224,"column":68}},"81":{"start":{"line":225,"column":6},"end":{"line":225,"column":59}},"82":{"start":{"line":226,"column":6},"end":{"line":226,"column":68}},"83":{"start":{"line":227,"column":6},"end":{"line":227,"column":62}},"84":{"start":{"line":228,"column":6},"end":{"line":228,"column":50}},"85":{"start":{"line":229,"column":6},"end":{"line":229,"column":77}},"86":{"start":{"line":231,"column":29},"end":{"line":231,"column":49}},"87":{"start":{"line":233,"column":6},"end":{"line":237,"column":7}},"88":{"start":{"line":234,"column":8},"end":{"line":234,"column":49}},"89":{"start":{"line":236,"column":8},"end":{"line":236,"column":53}},"90":{"start":{"line":239,"column":6},"end":{"line":249,"column":8}},"91":{"start":{"line":252,"column":6},"end":{"line":252,"column":62}},"92":{"start":{"line":256,"column":0},"end":{"line":258,"column":2}}},"fnMap":{"0":{"name":"(anonymous_0)","decl":{"start":{"line":8,"column":21},"end":{"line":8,"column":22}},"loc":{"start":{"line":8,"column":47},"end":{"line":96,"column":1}},"line":8},"1":{"name":"(anonymous_1)","decl":{"start":{"line":101,"column":25},"end":{"line":101,"column":26}},"loc":{"start":{"line":101,"column":51},"end":{"line":131,"column":1}},"line":101},"2":{"name":"(anonymous_2)","decl":{"start":{"line":136,"column":24},"end":{"line":136,"column":25}},"loc":{"start":{"line":136,"column":50},"end":{"line":167,"column":1}},"line":136},"3":{"name":"(anonymous_3)","decl":{"start":{"line":169,"column":20},"end":{"line":169,"column":21}},"loc":{"start":{"line":169,"column":46},"end":{"line":191,"column":1}},"line":169},"4":{"name":"(anonymous_4)","decl":{"start":{"line":193,"column":23},"end":{"line":193,"column":24}},"loc":{"start":{"line":193,"column":49},"end":{"line":205,"column":1}},"line":193},"5":{"name":"(anonymous_5)","decl":{"start":{"line":208,"column":22},"end":{"line":208,"column":23}},"loc":{"start":{"line":208,"column":48},"end":{"line":254,"column":1}},"line":208}},"branchMap":{"0":{"loc":{"start":{"line":37,"column":0},"end":{"line":39,"column":1}},"type":"if","locations":[{"start":{"line":37,"column":0},"end":{"line":39,"column":1}},{"start":{"line":37,"column":0},"end":{"line":39,"column":1}}],"line":37},"1":{"loc":{"start":{"line":45,"column":0},"end":{"line":47,"column":1}},"type":"if","locations":[{"start":{"line":45,"column":0},"end":{"line":47,"column":1}},{"start":{"line":45,"column":0},"end":{"line":47,"column":1}}],"line":45},"2":{"loc":{"start":{"line":49,"column":0},"end":{"line":51,"column":1}},"type":"if","locations":[{"start":{"line":49,"column":0},"end":{"line":51,"column":1}},{"start":{"line":49,"column":0},"end":{"line":51,"column":1}}],"line":49},"3":{"loc":{"start":{"line":54,"column":0},"end":{"line":56,"column":1}},"type":"if","locations":[{"start":{"line":54,"column":0},"end":{"line":56,"column":1}},{"start":{"line":54,"column":0},"end":{"line":56,"column":1}}],"line":54},"4":{"loc":{"start":{"line":88,"column":2},"end":{"line":92,"column":3}},"type":"if","locations":[{"start":{"line":88,"column":2},"end":{"line":92,"column":3}},{"start":{"line":88,"column":2},"end":{"line":92,"column":3}}],"line":88},"5":{"loc":{"start":{"line":110,"column":2},"end":{"line":112,"column":1}},"type":"if","locations":[{"start":{"line":110,"column":2},"end":{"line":112,"column":1}},{"start":{"line":110,"column":2},"end":{"line":112,"column":1}}],"line":110},"6":{"loc":{"start":{"line":123,"column":4},"end":{"line":127,"column":5}},"type":"if","locations":[{"start":{"line":123,"column":4},"end":{"line":127,"column":5}},{"start":{"line":123,"column":4},"end":{"line":127,"column":5}}],"line":123},"7":{"loc":{"start":{"line":144,"column":0},"end":{"line":146,"column":1}},"type":"if","locations":[{"start":{"line":144,"column":0},"end":{"line":146,"column":1}},{"start":{"line":144,"column":0},"end":{"line":146,"column":1}}],"line":144},"8":{"loc":{"start":{"line":159,"column":2},"end":{"line":163,"column":3}},"type":"if","locations":[{"start":{"line":159,"column":2},"end":{"line":163,"column":3}},{"start":{"line":159,"column":2},"end":{"line":163,"column":3}}],"line":159},"9":{"loc":{"start":{"line":181,"column":6},"end":{"line":184,"column":7}},"type":"if","locations":[{"start":{"line":181,"column":6},"end":{"line":184,"column":7}},{"start":{"line":181,"column":6},"end":{"line":184,"column":7}}],"line":181},"10":{"loc":{"start":{"line":196,"column":4},"end":{"line":200,"column":5}},"type":"if","locations":[{"start":{"line":196,"column":4},"end":{"line":200,"column":5}},{"start":{"line":196,"column":4},"end":{"line":200,"column":5}}],"line":196},"11":{"loc":{"start":{"line":210,"column":1},"end":{"line":214,"column":2}},"type":"if","locations":[{"start":{"line":210,"column":1},"end":{"line":214,"column":2}},{"start":{"line":210,"column":1},"end":{"line":214,"column":2}}],"line":210},"12":{"loc":{"start":{"line":216,"column":1},"end":{"line":218,"column":1}},"type":"if","locations":[{"start":{"line":216,"column":1},"end":{"line":218,"column":1}},{"start":{"line":216,"column":1},"end":{"line":218,"column":1}}],"line":216},"13":{"loc":{"start":{"line":221,"column":21},"end":{"line":221,"column":50}},"type":"binary-expr","locations":[{"start":{"line":221,"column":21},"end":{"line":221,"column":34}},{"start":{"line":221,"column":38},"end":{"line":221,"column":50}}],"line":221},"14":{"loc":{"start":{"line":222,"column":20},"end":{"line":222,"column":47}},"type":"binary-expr","locations":[{"start":{"line":222,"column":20},"end":{"line":222,"column":32}},{"start":{"line":222,"column":36},"end":{"line":222,"column":47}}],"line":222},"15":{"loc":{"start":{"line":223,"column":23},"end":{"line":223,"column":56}},"type":"binary-expr","locations":[{"start":{"line":223,"column":23},"end":{"line":223,"column":38}},{"start":{"line":223,"column":42},"end":{"line":223,"column":56}}],"line":223},"16":{"loc":{"start":{"line":224,"column":27},"end":{"line":224,"column":68}},"type":"binary-expr","locations":[{"start":{"line":224,"column":27},"end":{"line":224,"column":46}},{"start":{"line":224,"column":50},"end":{"line":224,"column":68}}],"line":224},"17":{"loc":{"start":{"line":225,"column":24},"end":{"line":225,"column":59}},"type":"binary-expr","locations":[{"start":{"line":225,"column":24},"end":{"line":225,"column":40}},{"start":{"line":225,"column":44},"end":{"line":225,"column":59}}],"line":225},"18":{"loc":{"start":{"line":226,"column":27},"end":{"line":226,"column":68}},"type":"binary-expr","locations":[{"start":{"line":226,"column":27},"end":{"line":226,"column":46}},{"start":{"line":226,"column":50},"end":{"line":226,"column":68}}],"line":226},"19":{"loc":{"start":{"line":227,"column":25},"end":{"line":227,"column":62}},"type":"binary-expr","locations":[{"start":{"line":227,"column":25},"end":{"line":227,"column":42}},{"start":{"line":227,"column":46},"end":{"line":227,"column":62}}],"line":227},"20":{"loc":{"start":{"line":228,"column":21},"end":{"line":228,"column":50}},"type":"binary-expr","locations":[{"start":{"line":228,"column":21},"end":{"line":228,"column":34}},{"start":{"line":228,"column":38},"end":{"line":228,"column":50}}],"line":228},"21":{"loc":{"start":{"line":229,"column":30},"end":{"line":229,"column":77}},"type":"binary-expr","locations":[{"start":{"line":229,"column":30},"end":{"line":229,"column":52}},{"start":{"line":229,"column":56},"end":{"line":229,"column":77}}],"line":229},"22":{"loc":{"start":{"line":233,"column":6},"end":{"line":237,"column":7}},"type":"if","locations":[{"start":{"line":233,"column":6},"end":{"line":237,"column":7}},{"start":{"line":233,"column":6},"end":{"line":237,"column":7}}],"line":233}},"s":{"0":6,"1":6,"2":6,"3":6,"4":6,"5":6,"6":7,"7":7,"8":7,"9":0,"10":7,"11":7,"12":7,"13":4,"14":3,"15":0,"16":3,"17":1,"18":2,"19":2,"20":2,"21":1,"22":1,"23":0,"24":6,"25":5,"26":5,"27":5,"28":5,"29":3,"30":2,"31":2,"32":2,"33":1,"34":1,"35":0,"36":6,"37":5,"38":5,"39":5,"40":3,"41":2,"42":2,"43":2,"44":1,"45":1,"46":0,"47":6,"48":0,"49":0,"50":0,"51":0,"52":0,"53":0,"54":0,"55":0,"56":0,"57":0,"58":0,"59":0,"60":0,"61":6,"62":0,"63":0,"64":0,"65":0,"66":0,"67":0,"68":0,"69":6,"70":0,"71":0,"72":0,"73":0,"74":0,"75":0,"76":0,"77":0,"78":0,"79":0,"80":0,"81":0,"82":0,"83":0,"84":0,"85":0,"86":0,"87":0,"88":0,"89":0,"90":0,"91":0,"92":6},"f":{"0":7,"1":5,"2":5,"3":0,"4":0,"5":0},"b":{"0":[0,7],"1":[4,3],"2":[0,3],"3":[1,2],"4":[1,1],"5":[3,2],"6":[1,1],"7":[3,2],"8":[1,1],"9":[0,0],"10":[0,0],"11":[0,0],"12":[0,0],"13":[0,0],"14":[0,0],"15":[0,0],"16":[0,0],"17":[0,0],"18":[0,0],"19":[0,0],"20":[0,0],"21":[0,0],"22":[0,0]},"_coverageSchema":"1a1c01bbd47fc00a2c39e90264f33305004495a9","hash":"c2be534923b3914f6103c2dbdc415ffdb19bf81b"}
,"C:\\Users\\user\\Desktop\\Final SEP\\Covid-Patient-tracker--Backend\\controllers\\report.js": {"path":"C:\\Users\\user\\Desktop\\Final SEP\\Covid-Patient-tracker--Backend\\controllers\\report.js","statementMap":{"0":{"start":{"line":1,"column":41},"end":{"line":1,"column":77}},"1":{"start":{"line":3,"column":57},"end":{"line":3,"column":85}},"2":{"start":{"line":4,"column":31},"end":{"line":4,"column":92}},"3":{"start":{"line":7,"column":21},"end":{"line":76,"column":1}},"4":{"start":{"line":19,"column":8},"end":{"line":19,"column":16}},"5":{"start":{"line":22,"column":30},"end":{"line":22,"column":44}},"6":{"start":{"line":24,"column":4},"end":{"line":26,"column":5}},"7":{"start":{"line":25,"column":8},"end":{"line":25,"column":78}},"8":{"start":{"line":28,"column":29},"end":{"line":28,"column":86}},"9":{"start":{"line":30,"column":4},"end":{"line":32,"column":7}},"10":{"start":{"line":31,"column":8},"end":{"line":31,"column":54}},"11":{"start":{"line":35,"column":4},"end":{"line":37,"column":5}},"12":{"start":{"line":36,"column":8},"end":{"line":36,"column":63}},"13":{"start":{"line":40,"column":4},"end":{"line":75,"column":5}},"14":{"start":{"line":41,"column":8},"end":{"line":50,"column":9}},"15":{"start":{"line":42,"column":12},"end":{"line":42,"column":69}},"16":{"start":{"line":45,"column":13},"end":{"line":50,"column":9}},"17":{"start":{"line":46,"column":12},"end":{"line":46,"column":70}},"18":{"start":{"line":48,"column":13},"end":{"line":50,"column":9}},"19":{"start":{"line":49,"column":12},"end":{"line":49,"column":99}},"20":{"start":{"line":51,"column":23},"end":{"line":66,"column":9}},"21":{"start":{"line":68,"column":8},"end":{"line":72,"column":9}},"22":{"start":{"line":69,"column":12},"end":{"line":69,"column":85}},"23":{"start":{"line":71,"column":12},"end":{"line":71,"column":107}},"24":{"start":{"line":74,"column":8},"end":{"line":74,"column":64}},"25":{"start":{"line":78,"column":29},"end":{"line":102,"column":1}},"26":{"start":{"line":81,"column":19},"end":{"line":81,"column":84}},"27":{"start":{"line":83,"column":23},"end":{"line":83,"column":85}},"28":{"start":{"line":84,"column":16},"end":{"line":84,"column":63}},"29":{"start":{"line":86,"column":4},"end":{"line":100,"column":1}},"30":{"start":{"line":87,"column":4},"end":{"line":97,"column":6}},"31":{"start":{"line":99,"column":4},"end":{"line":99,"column":60}},"32":{"start":{"line":104,"column":21},"end":{"line":129,"column":1}},"33":{"start":{"line":106,"column":19},"end":{"line":106,"column":84}},"34":{"start":{"line":108,"column":4},"end":{"line":108,"column":58}},"35":{"start":{"line":109,"column":4},"end":{"line":109,"column":67}},"36":{"start":{"line":110,"column":4},"end":{"line":110,"column":73}},"37":{"start":{"line":111,"column":4},"end":{"line":111,"column":67}},"38":{"start":{"line":112,"column":4},"end":{"line":112,"column":52}},"39":{"start":{"line":115,"column":4},"end":{"line":128,"column":5}},"40":{"start":{"line":116,"column":26},"end":{"line":116,"column":45}},"41":{"start":{"line":118,"column":4},"end":{"line":124,"column":6}},"42":{"start":{"line":127,"column":8},"end":{"line":127,"column":64}},"43":{"start":{"line":132,"column":0},"end":{"line":134,"column":2}}},"fnMap":{"0":{"name":"(anonymous_0)","decl":{"start":{"line":7,"column":21},"end":{"line":7,"column":22}},"loc":{"start":{"line":7,"column":47},"end":{"line":76,"column":1}},"line":7},"1":{"name":"(anonymous_1)","decl":{"start":{"line":78,"column":29},"end":{"line":78,"column":30}},"loc":{"start":{"line":78,"column":55},"end":{"line":102,"column":1}},"line":78},"2":{"name":"(anonymous_2)","decl":{"start":{"line":104,"column":21},"end":{"line":104,"column":22}},"loc":{"start":{"line":104,"column":47},"end":{"line":129,"column":1}},"line":104}},"branchMap":{"0":{"loc":{"start":{"line":24,"column":4},"end":{"line":26,"column":5}},"type":"if","locations":[{"start":{"line":24,"column":4},"end":{"line":26,"column":5}},{"start":{"line":24,"column":4},"end":{"line":26,"column":5}}],"line":24},"1":{"loc":{"start":{"line":30,"column":4},"end":{"line":32,"column":7}},"type":"if","locations":[{"start":{"line":30,"column":4},"end":{"line":32,"column":7}},{"start":{"line":30,"column":4},"end":{"line":32,"column":7}}],"line":30},"2":{"loc":{"start":{"line":35,"column":4},"end":{"line":37,"column":5}},"type":"if","locations":[{"start":{"line":35,"column":4},"end":{"line":37,"column":5}},{"start":{"line":35,"column":4},"end":{"line":37,"column":5}}],"line":35},"3":{"loc":{"start":{"line":41,"column":8},"end":{"line":50,"column":9}},"type":"if","locations":[{"start":{"line":41,"column":8},"end":{"line":50,"column":9}},{"start":{"line":41,"column":8},"end":{"line":50,"column":9}}],"line":41},"4":{"loc":{"start":{"line":45,"column":13},"end":{"line":50,"column":9}},"type":"if","locations":[{"start":{"line":45,"column":13},"end":{"line":50,"column":9}},{"start":{"line":45,"column":13},"end":{"line":50,"column":9}}],"line":45},"5":{"loc":{"start":{"line":48,"column":13},"end":{"line":50,"column":9}},"type":"if","locations":[{"start":{"line":48,"column":13},"end":{"line":50,"column":9}},{"start":{"line":48,"column":13},"end":{"line":50,"column":9}}],"line":48},"6":{"loc":{"start":{"line":68,"column":8},"end":{"line":72,"column":9}},"type":"if","locations":[{"start":{"line":68,"column":8},"end":{"line":72,"column":9}},{"start":{"line":68,"column":8},"end":{"line":72,"column":9}}],"line":68},"7":{"loc":{"start":{"line":108,"column":22},"end":{"line":108,"column":58}},"type":"binary-expr","locations":[{"start":{"line":108,"column":22},"end":{"line":108,"column":39}},{"start":{"line":108,"column":43},"end":{"line":108,"column":58}}],"line":108},"8":{"loc":{"start":{"line":109,"column":25},"end":{"line":109,"column":67}},"type":"binary-expr","locations":[{"start":{"line":109,"column":25},"end":{"line":109,"column":45}},{"start":{"line":109,"column":49},"end":{"line":109,"column":67}}],"line":109},"9":{"loc":{"start":{"line":110,"column":27},"end":{"line":110,"column":73}},"type":"binary-expr","locations":[{"start":{"line":110,"column":27},"end":{"line":110,"column":49}},{"start":{"line":110,"column":53},"end":{"line":110,"column":73}}],"line":110},"10":{"loc":{"start":{"line":111,"column":25},"end":{"line":111,"column":67}},"type":"binary-expr","locations":[{"start":{"line":111,"column":25},"end":{"line":111,"column":45}},{"start":{"line":111,"column":49},"end":{"line":111,"column":67}}],"line":111},"11":{"loc":{"start":{"line":112,"column":20},"end":{"line":112,"column":52}},"type":"binary-expr","locations":[{"start":{"line":112,"column":20},"end":{"line":112,"column":35}},{"start":{"line":112,"column":39},"end":{"line":112,"column":52}}],"line":112}},"s":{"0":6,"1":6,"2":6,"3":6,"4":6,"5":6,"6":6,"7":0,"8":6,"9":6,"10":0,"11":6,"12":3,"13":3,"14":3,"15":1,"16":2,"17":1,"18":1,"19":0,"20":1,"21":1,"22":1,"23":0,"24":0,"25":6,"26":0,"27":0,"28":0,"29":0,"30":0,"31":0,"32":6,"33":0,"34":0,"35":0,"36":0,"37":0,"38":0,"39":0,"40":0,"41":0,"42":0,"43":6},"f":{"0":6,"1":0,"2":0},"b":{"0":[0,6],"1":[0,6],"2":[3,3],"3":[1,2],"4":[1,1],"5":[0,1],"6":[1,0],"7":[0,0],"8":[0,0],"9":[0,0],"10":[0,0],"11":[0,0]},"_coverageSchema":"1a1c01bbd47fc00a2c39e90264f33305004495a9","hash":"23b375186ec0dfb309d001528bab6aae83b75bf4"}
,"C:\\Users\\user\\Desktop\\Final SEP\\Covid-Patient-tracker--Backend\\controllers\\tests.js": {"path":"C:\\Users\\user\\Desktop\\Final SEP\\Covid-Patient-tracker--Backend\\controllers\\tests.js","statementMap":{"0":{"start":{"line":2,"column":41},"end":{"line":2,"column":77}},"1":{"start":{"line":3,"column":20},"end":{"line":3,"column":43}},"2":{"start":{"line":5,"column":47},"end":{"line":5,"column":75}},"3":{"start":{"line":6,"column":30},"end":{"line":6,"column":90}},"4":{"start":{"line":8,"column":20},"end":{"line":61,"column":1}},"5":{"start":{"line":16,"column":8},"end":{"line":16,"column":16}},"6":{"start":{"line":18,"column":29},"end":{"line":18,"column":79}},"7":{"start":{"line":20,"column":4},"end":{"line":22,"column":5}},"8":{"start":{"line":21,"column":8},"end":{"line":21,"column":63}},"9":{"start":{"line":24,"column":4},"end":{"line":60,"column":6}},"10":{"start":{"line":25,"column":8},"end":{"line":25,"column":88}},"11":{"start":{"line":28,"column":22},"end":{"line":28,"column":102}},"12":{"start":{"line":29,"column":8},"end":{"line":29,"column":45}},"13":{"start":{"line":31,"column":4},"end":{"line":60,"column":5}},"14":{"start":{"line":32,"column":23},"end":{"line":45,"column":9}},"15":{"start":{"line":47,"column":29},"end":{"line":47,"column":77}},"16":{"start":{"line":48,"column":28},"end":{"line":48,"column":62}},"17":{"start":{"line":51,"column":8},"end":{"line":57,"column":9}},"18":{"start":{"line":52,"column":12},"end":{"line":52,"column":63}},"19":{"start":{"line":53,"column":12},"end":{"line":53,"column":90}},"20":{"start":{"line":56,"column":12},"end":{"line":56,"column":99}},"21":{"start":{"line":59,"column":8},"end":{"line":59,"column":64}},"22":{"start":{"line":63,"column":27},"end":{"line":72,"column":3}},"23":{"start":{"line":64,"column":4},"end":{"line":71,"column":7}},"24":{"start":{"line":65,"column":23},"end":{"line":65,"column":88}},"25":{"start":{"line":66,"column":25},"end":{"line":66,"column":41}},"26":{"start":{"line":67,"column":21},"end":{"line":67,"column":71}},"27":{"start":{"line":68,"column":8},"end":{"line":68,"column":22}},"28":{"start":{"line":70,"column":8},"end":{"line":70,"column":64}},"29":{"start":{"line":75,"column":0},"end":{"line":77,"column":2}}},"fnMap":{"0":{"name":"(anonymous_0)","decl":{"start":{"line":8,"column":20},"end":{"line":8,"column":21}},"loc":{"start":{"line":8,"column":46},"end":{"line":61,"column":1}},"line":8},"1":{"name":"(anonymous_1)","decl":{"start":{"line":63,"column":27},"end":{"line":63,"column":28}},"loc":{"start":{"line":63,"column":53},"end":{"line":72,"column":3}},"line":63}},"branchMap":{"0":{"loc":{"start":{"line":20,"column":4},"end":{"line":22,"column":5}},"type":"if","locations":[{"start":{"line":20,"column":4},"end":{"line":22,"column":5}},{"start":{"line":20,"column":4},"end":{"line":22,"column":5}}],"line":20},"1":{"loc":{"start":{"line":24,"column":4},"end":{"line":60,"column":6}},"type":"if","locations":[{"start":{"line":24,"column":4},"end":{"line":60,"column":6}},{"start":{"line":24,"column":4},"end":{"line":60,"column":6}}],"line":24},"2":{"loc":{"start":{"line":51,"column":8},"end":{"line":57,"column":9}},"type":"if","locations":[{"start":{"line":51,"column":8},"end":{"line":57,"column":9}},{"start":{"line":51,"column":8},"end":{"line":57,"column":9}}],"line":51}},"s":{"0":6,"1":6,"2":6,"3":6,"4":6,"5":5,"6":5,"7":5,"8":3,"9":2,"10":1,"11":1,"12":1,"13":1,"14":1,"15":1,"16":1,"17":1,"18":1,"19":1,"20":0,"21":0,"22":6,"23":0,"24":0,"25":0,"26":0,"27":0,"28":0,"29":6},"f":{"0":5,"1":0},"b":{"0":[3,2],"1":[1,1],"2":[1,0]},"_coverageSchema":"1a1c01bbd47fc00a2c39e90264f33305004495a9","hash":"857b906efeaf357dfddd23f430726cda6ce6fde1"}
,"C:\\Users\\user\\Desktop\\Final SEP\\Covid-Patient-tracker--Backend\\controllers\\user.js": {"path":"C:\\Users\\user\\Desktop\\Final SEP\\Covid-Patient-tracker--Backend\\controllers\\user.js","statementMap":{"0":{"start":{"line":1,"column":12},"end":{"line":1,"column":26}},"1":{"start":{"line":2,"column":15},"end":{"line":2,"column":34}},"2":{"start":{"line":3,"column":41},"end":{"line":3,"column":77}},"3":{"start":{"line":6,"column":25},"end":{"line":6,"column":53}},"4":{"start":{"line":10,"column":19},"end":{"line":14,"column":6}},"5":{"start":{"line":15,"column":4},"end":{"line":15,"column":85}},"6":{"start":{"line":20,"column":23},"end":{"line":42,"column":1}},"7":{"start":{"line":21,"column":19},"end":{"line":21,"column":29}},"8":{"start":{"line":23,"column":4},"end":{"line":25,"column":5}},"9":{"start":{"line":24,"column":8},"end":{"line":24,"column":58}},"10":{"start":{"line":27,"column":4},"end":{"line":40,"column":5}},"11":{"start":{"line":28,"column":21},"end":{"line":30,"column":10}},"12":{"start":{"line":31,"column":8},"end":{"line":36,"column":9}},"13":{"start":{"line":32,"column":12},"end":{"line":32,"column":70}},"14":{"start":{"line":35,"column":12},"end":{"line":35,"column":60}},"15":{"start":{"line":39,"column":8},"end":{"line":39,"column":63}},"16":{"start":{"line":44,"column":24},"end":{"line":76,"column":1}},"17":{"start":{"line":45,"column":19},"end":{"line":45,"column":29}},"18":{"start":{"line":46,"column":39},"end":{"line":46,"column":47}},"19":{"start":{"line":47,"column":4},"end":{"line":49,"column":5}},"20":{"start":{"line":48,"column":8},"end":{"line":48,"column":58}},"21":{"start":{"line":50,"column":29},"end":{"line":50,"column":74}},"22":{"start":{"line":51,"column":4},"end":{"line":53,"column":5}},"23":{"start":{"line":52,"column":8},"end":{"line":52,"column":64}},"24":{"start":{"line":54,"column":23},"end":{"line":54,"column":25}},"25":{"start":{"line":55,"column":4},"end":{"line":74,"column":5}},"26":{"start":{"line":56,"column":21},"end":{"line":56,"column":48}},"27":{"start":{"line":57,"column":8},"end":{"line":70,"column":9}},"28":{"start":{"line":58,"column":12},"end":{"line":58,"column":56}},"29":{"start":{"line":59,"column":12},"end":{"line":59,"column":71}},"30":{"start":{"line":60,"column":12},"end":{"line":62,"column":13}},"31":{"start":{"line":61,"column":16},"end":{"line":61,"column":80}},"32":{"start":{"line":63,"column":32},"end":{"line":63,"column":90}},"33":{"start":{"line":64,"column":12},"end":{"line":66,"column":13}},"34":{"start":{"line":65,"column":16},"end":{"line":65,"column":84}},"35":{"start":{"line":69,"column":12},"end":{"line":69,"column":60}},"36":{"start":{"line":73,"column":8},"end":{"line":73,"column":63}},"37":{"start":{"line":78,"column":0},"end":{"line":78,"column":50}}},"fnMap":{"0":{"name":"validateEditProfile","decl":{"start":{"line":9,"column":9},"end":{"line":9,"column":28}},"loc":{"start":{"line":9,"column":56},"end":{"line":16,"column":1}},"line":9},"1":{"name":"(anonymous_1)","decl":{"start":{"line":20,"column":23},"end":{"line":20,"column":24}},"loc":{"start":{"line":20,"column":47},"end":{"line":42,"column":1}},"line":20},"2":{"name":"(anonymous_2)","decl":{"start":{"line":44,"column":24},"end":{"line":44,"column":25}},"loc":{"start":{"line":44,"column":48},"end":{"line":76,"column":1}},"line":44}},"branchMap":{"0":{"loc":{"start":{"line":23,"column":4},"end":{"line":25,"column":5}},"type":"if","locations":[{"start":{"line":23,"column":4},"end":{"line":25,"column":5}},{"start":{"line":23,"column":4},"end":{"line":25,"column":5}}],"line":23},"1":{"loc":{"start":{"line":31,"column":8},"end":{"line":36,"column":9}},"type":"if","locations":[{"start":{"line":31,"column":8},"end":{"line":36,"column":9}},{"start":{"line":31,"column":8},"end":{"line":36,"column":9}}],"line":31},"2":{"loc":{"start":{"line":47,"column":4},"end":{"line":49,"column":5}},"type":"if","locations":[{"start":{"line":47,"column":4},"end":{"line":49,"column":5}},{"start":{"line":47,"column":4},"end":{"line":49,"column":5}}],"line":47},"3":{"loc":{"start":{"line":51,"column":4},"end":{"line":53,"column":5}},"type":"if","locations":[{"start":{"line":51,"column":4},"end":{"line":53,"column":5}},{"start":{"line":51,"column":4},"end":{"line":53,"column":5}}],"line":51},"4":{"loc":{"start":{"line":57,"column":8},"end":{"line":70,"column":9}},"type":"if","locations":[{"start":{"line":57,"column":8},"end":{"line":70,"column":9}},{"start":{"line":57,"column":8},"end":{"line":70,"column":9}}],"line":57},"5":{"loc":{"start":{"line":58,"column":32},"end":{"line":58,"column":55}},"type":"binary-expr","locations":[{"start":{"line":58,"column":32},"end":{"line":58,"column":42}},{"start":{"line":58,"column":46},"end":{"line":58,"column":55}}],"line":58},"6":{"loc":{"start":{"line":59,"column":38},"end":{"line":59,"column":70}},"type":"binary-expr","locations":[{"start":{"line":59,"column":38},"end":{"line":59,"column":51}},{"start":{"line":59,"column":55},"end":{"line":59,"column":70}}],"line":59},"7":{"loc":{"start":{"line":60,"column":12},"end":{"line":62,"column":13}},"type":"if","locations":[{"start":{"line":60,"column":12},"end":{"line":62,"column":13}},{"start":{"line":60,"column":12},"end":{"line":62,"column":13}}],"line":60},"8":{"loc":{"start":{"line":64,"column":12},"end":{"line":66,"column":13}},"type":"if","locations":[{"start":{"line":64,"column":12},"end":{"line":66,"column":13}},{"start":{"line":64,"column":12},"end":{"line":66,"column":13}}],"line":64}},"s":{"0":6,"1":6,"2":6,"3":6,"4":4,"5":4,"6":6,"7":4,"8":4,"9":1,"10":3,"11":3,"12":2,"13":1,"14":1,"15":1,"16":6,"17":5,"18":5,"19":5,"20":1,"21":4,"22":4,"23":1,"24":3,"25":3,"26":3,"27":2,"28":1,"29":1,"30":1,"31":1,"32":1,"33":1,"34":1,"35":1,"36":1,"37":6},"f":{"0":4,"1":4,"2":5},"b":{"0":[1,3],"1":[1,1],"2":[1,4],"3":[1,3],"4":[1,1],"5":[1,0],"6":[1,0],"7":[1,0],"8":[1,0]},"_coverageSchema":"1a1c01bbd47fc00a2c39e90264f33305004495a9","hash":"1855b38be265d85b7e959fcced4538f183b2f7d2"}
,"C:\\Users\\user\\Desktop\\Final SEP\\Covid-Patient-tracker--Backend\\database\\db.js": {"path":"C:\\Users\\user\\Desktop\\Final SEP\\Covid-Patient-tracker--Backend\\database\\db.js","statementMap":{"0":{"start":{"line":1,"column":18},"end":{"line":1,"column":38}},"1":{"start":{"line":2,"column":15},"end":{"line":2,"column":42}},"2":{"start":{"line":4,"column":18},"end":{"line":10,"column":2}},"3":{"start":{"line":12,"column":0},"end":{"line":12,"column":27}}},"fnMap":{},"branchMap":{},"s":{"0":6,"1":6,"2":6,"3":6},"f":{},"b":{},"_coverageSchema":"1a1c01bbd47fc00a2c39e90264f33305004495a9","hash":"e395ac3a7b4a496b3777dda26a4ed664bc582a6f"}
,"C:\\Users\\user\\Desktop\\Final SEP\\Covid-Patient-tracker--Backend\\middlewares\\authorization.js": {"path":"C:\\Users\\user\\Desktop\\Final SEP\\Covid-Patient-tracker--Backend\\middlewares\\authorization.js","statementMap":{"0":{"start":{"line":1,"column":12},"end":{"line":1,"column":35}},"1":{"start":{"line":2,"column":25},"end":{"line":2,"column":61}},"2":{"start":{"line":4,"column":0},"end":{"line":31,"column":2}},"3":{"start":{"line":7,"column":2},"end":{"line":26,"column":3}},"4":{"start":{"line":8,"column":4},"end":{"line":25,"column":5}},"5":{"start":{"line":9,"column":6},"end":{"line":9,"column":54}},"6":{"start":{"line":11,"column":22},"end":{"line":11,"column":57}},"7":{"start":{"line":13,"column":6},"end":{"line":13,"column":34}},"8":{"start":{"line":14,"column":6},"end":{"line":14,"column":36}},"9":{"start":{"line":16,"column":6},"end":{"line":18,"column":7}},"10":{"start":{"line":17,"column":8},"end":{"line":17,"column":44}},"11":{"start":{"line":20,"column":6},"end":{"line":20,"column":13}},"12":{"start":{"line":24,"column":6},"end":{"line":24,"column":66}},"13":{"start":{"line":28,"column":2},"end":{"line":30,"column":3}},"14":{"start":{"line":29,"column":4},"end":{"line":29,"column":62}},"15":{"start":{"line":35,"column":0},"end":{"line":43,"column":2}},"16":{"start":{"line":36,"column":2},"end":{"line":42,"column":4}},"17":{"start":{"line":37,"column":4},"end":{"line":41,"column":5}},"18":{"start":{"line":38,"column":6},"end":{"line":38,"column":20}},"19":{"start":{"line":40,"column":6},"end":{"line":40,"column":53}}},"fnMap":{"0":{"name":"(anonymous_0)","decl":{"start":{"line":4,"column":18},"end":{"line":4,"column":19}},"loc":{"start":{"line":4,"column":36},"end":{"line":31,"column":1}},"line":4},"1":{"name":"(anonymous_1)","decl":{"start":{"line":35,"column":20},"end":{"line":35,"column":21}},"loc":{"start":{"line":35,"column":36},"end":{"line":43,"column":1}},"line":35},"2":{"name":"(anonymous_2)","decl":{"start":{"line":36,"column":9},"end":{"line":36,"column":10}},"loc":{"
[...]
":"(anonymous_4)","decl":{"start":{"line":87,"column":33},"end":{"line":87,"column":34}},"loc":{"start":{"line":87,"column":43},"end":{"line":87,"column":65}},"line":87},"5":{"name":"(anonymous_5)","decl":{"start":{"line":88,"column":37},"end":{"line":88,"column":38}},"loc":{"start":{"line":88,"column":47},"end":{"line":88,"column":96}},"line":88},"6":{"name":"(anonymous_6)","decl":{"start":{"line":116,"column":34},"end":{"line":116,"column":35}},"loc":{"start":{"line":116,"column":44},"end":{"line":116,"column":66}},"line":116},"7":{"name":"(anonymous_7)","decl":{"start":{"line":117,"column":38},"end":{"line":117,"column":39}},"loc":{"start":{"line":117,"column":48},"end":{"line":117,"column":97}},"line":117},"8":{"name":"(anonymous_8)","decl":{"start":{"line":149,"column":27},"end":{"line":149,"column":28}},"loc":{"start":{"line":149,"column":36},"end":{"line":159,"column":1}},"line":149},"9":{"name":"(anonymous_9)","decl":{"start":{"line":150,"column":22},"end":{"line":150,"column":23}},"loc":{"start":{"line":150,"column":37},"end":{"line":158,"column":5}},"line":150},"10":{"name":"(anonymous_10)","decl":{"start":{"line":162,"column":30},"end":{"line":162,"column":31}},"loc":{"start":{"line":162,"column":48},"end":{"line":176,"column":1}},"line":162},"11":{"name":"(anonymous_11)","decl":{"start":{"line":163,"column":53},"end":{"line":163,"column":54}},"loc":{"start":{"line":163,"column":65},"end":{"line":163,"column":112}},"line":163},"12":{"name":"(anonymous_12)","decl":{"start":{"line":164,"column":43},"end":{"line":164,"column":44}},"loc":{"start":{"line":164,"column":56},"end":{"line":167,"column":5}},"line":164},"13":{"name":"(anonymous_13)","decl":{"start":{"line":168,"column":22},"end":{"line":168,"column":23}},"loc":{"start":{"line":168,"column":37},"end":{"line":175,"column":5}},"line":168},"14":{"name":"(anonymous_14)","decl":{"start":{"line":179,"column":29},"end":{"line":179,"column":30}},"loc":{"start":{"line":179,"column":47},"end":{"line":192,"column":1}},"line":179},"15":{"name":"(anonymous_15)","decl":{"start":{"line":180,"column":53},"end":{"line":180,"column":54}},"loc":{"start":{"line":180,"column":65},"end":{"line":180,"column":112}},"line":180},"16":{"name":"(anonymous_16)","decl":{"start":{"line":181,"column":43},"end":{"line":181,"column":44}},"loc":{"start":{"line":181,"column":56},"end":{"line":184,"column":5}},"line":181},"17":{"name":"(anonymous_17)","decl":{"start":{"line":185,"column":22},"end":{"line":185,"column":23}},"loc":{"start":{"line":185,"column":37},"end":{"line":191,"column":5}},"line":185},"18":{"name":"(anonymous_18)","decl":{"start":{"line":194,"column":27},"end":{"line":194,"column":28}},"loc":{"start":{"line":194,"column":36},"end":{"line":212,"column":1}},"line":194},"19":{"name":"(anonymous_19)","decl":{"start":{"line":195,"column":23},"end":{"line":195,"column":24}},"loc":{"start":{"line":195,"column":38},"end":{"line":211,"column":5}},"line":195}},"branchMap":{"0":{"loc":{"start":{"line":20,"column":8},"end":{"line":31,"column":9}},"type":"if","locations":[{"start":{"line":20,"column":8},"end":{"line":31,"column":9}},{"start":{"line":20,"column":8},"end":{"line":31,"column":9}}],"line":20},"1":{"loc":{"start":{"line":45,"column":8},"end":{"line":47,"column":9}},"type":"if","locations":[{"start":{"line":45,"column":8},"end":{"line":47,"column":9}},{"start":{"line":45,"column":8},"end":{"line":47,"column":9}}],"line":45},"2":{"loc":{"start":{"line":48,"column":8},"end":{"line":50,"column":9}},"type":"if","locations":[{"start":{"line":48,"column":8},"end":{"line":50,"column":9}},{"start":{"line":48,"column":8},"end":{"line":50,"column":9}}],"line":48},"3":{"loc":{"start":{"line":51,"column":8},"end":{"line":53,"column":9}},"type":"if","locations":[{"start":{"line":51,"column":8},"end":{"line":53,"column":9}},{"start":{"line":51,"column":8},"end":{"line":53,"column":9}}],"line":51},"4":{"loc":{"start":{"line":54,"column":8},"end":{"line":56,"column":9}},"type":"if","locations":[{"start":{"line":54,"column":8},"end":{"line":56,"column":9}},{"start":{"line":54,"column":8},"end":{"line":56,"column":9}}],"line":54},"5":{"loc":{"start":{"line":54,"column":12},"end":{"line":54,"column":60}},"type":"binary-expr","locations":[{"start":{"line":54,"column":12},"end":{"line":54,"column":37}},{"start":{"line":54,"column":41},"end":{"line":54,"column":60}}],"line":54},"6":{"loc":{"start":{"line":57,"column":8},"end":{"line":59,"column":9}},"type":"if","locations":[{"start":{"line":57,"column":8},"end":{"line":59,"column":9}},{"start":{"line":57,"column":8},"end":{"line":59,"column":9}}],"line":57},"7":{"loc":{"start":{"line":57,"column":12},"end":{"line":57,"column":62}},"type":"binary-expr","locations":[{"start":{"line":57,"column":12},"end":{"line":57,"column":38}},{"start":{"line":57,"column":42},"end":{"line":57,"column":62}}],"line":57},"8":{"loc":{"start":{"line":60,"column":8},"end":{"line":62,"column":9}},"type":"if","locations":[{"start":{"line":60,"column":8},"end":{"line":62,"column":9}},{"start":{"line":60,"column":8},"end":{"line":62,"column":9}}],"line":60},"9":{"loc":{"start":{"line":64,"column":8},"end":{"line":65,"column":43}},"type":"if","locations":[{"start":{"line":64,"column":8},"end":{"line":65,"column":43}},{"start":{"line":64,"column":8},"end":{"line":65,"column":43}}],"line":64},"10":{"loc":{"start":{"line":69,"column":8},"end":{"line":71,"column":9}},"type":"if","locations":[{"start":{"line":69,"column":8},"end":{"line":71,"column":9}},{"start":{"line":69,"column":8},"end":{"line":71,"column":9}}],"line":69},"11":{"loc":{"start":{"line":72,"column":8},"end":{"line":74,"column":9}},"type":"if","locations":[{"start":{"line":72,"column":8},"end":{"line":74,"column":9}},{"start":{"line":72,"column":8},"end":{"line":74,"column":9}}],"line":72},"12":{"loc":{"start":{"line":76,"column":8},"end":{"line":78,"column":9}},"type":"if","locations":[{"start":{"line":76,"column":8},"end":{"line":78,"column":9}},{"start":{"line":76,"column":8},"end":{"line":78,"column":9}}],"line":76},"13":{"loc":{"start":{"line":80,"column":8},"end":{"line":82,"column":9}},"type":"if","locations":[{"start":{"line":80,"column":8},"end":{"line":82,"column":9}},{"start":{"line":80,"column":8},"end":{"line":82,"column":9}}],"line":80},"14":{"loc":{"start":{"line":86,"column":8},"end":{"line":111,"column":9}},"type":"if","locations":[{"start":{"line":86,"column":8},"end":{"line":111,"column":9}},{"start":{"line":86,"column":8},"end":{"line":111,"column":9}}],"line":86},"15":{"loc":{"start":{"line":87,"column":12},"end":{"line":110,"column":13}},"type":"if","locations":[{"start":{"line":87,"column":12},"end":{"line":110,"column":13}},{"start":{"line":87,"column":12},"end":{"line":110,"column":13}}],"line":87},"16":{"loc":{"start":{"line":88,"column":16},"end":{"line":100,"column":17}},"type":"if","locations":[{"start":{"line":88,"column":16},"end":{"line":100,"column":17}},{"start":{"line":88,"column":16},"end":{"line":100,"column":17}}],"line":88},"17":{"loc":{"start":{"line":88,"column":47},"end":{"line":88,"column":96}},"type":"binary-expr","locations":[{"start":{"line":88,"column":47},"end":{"line":88,"column":69}},{"start":{"line":88,"column":73},"end":{"line":88,"column":96}}],"line":88},"18":{"loc":{"start":{"line":92,"column":20},"end":{"line":99,"column":21}},"type":"if","locations":[{"start":{"line":92,"column":20},"end":{"line":99,"column":21}},{"start":{"line":92,"column":20},"end":{"line":99,"column":21}}],"line":92},"19":{"loc":{"start":{"line":104,"column":16},"end":{"line":109,"column":17}},"type":"if","locations":[{"start":{"line":104,"column":16},"end":{"line":109,"column":17}},{"start":{"line":104,"column":16},"end":{"line":109,"column":17}}],"line":104},"20":{"loc":{"start":{"line":115,"column":8},"end":{"line":140,"column":9}},"type":"if","locations":[{"start":{"line":115,"column":8},"end":{"line":140,"column":9}},{"start":{"line":115,"column":8},"end":{"line":140,"column":9}}],"line":115},"21":{"loc":{"start":{"line":116,"column":12},"end":{"line":139,"column":13}},"type":"if","locations":[{"start":{"line":116,"column":12},"end":{"line":139,"column":13}},{"start":{"line":116,"column":12},"end":{"line":139,"column":13}}],"line":116},"22":{"loc":{"start":{"line":117,"column":16},"end":{"line":129,"column":17}},"type":"if","locations":[{"start":{"line":117,"column":16},"end":{"line":129,"column":17}},{"start":{"line":117,"column":16},"end":{"line":129,"column":17}}],"line":117},"23":{"loc":{"start":{"line":117,"column":48},"end":{"line":117,"column":97}},"type":"binary-expr","locations":[{"start":{"line":117,"column":48},"end":{"line":117,"column":70}},{"start":{"line":117,"column":74},"end":{"line":117,"column":97}}],"line":117},"24":{"loc":{"start":{"line":121,"column":20},"end":{"line":128,"column":21}},"type":"if","locations":[{"start":{"line":121,"column":20},"end":{"line":128,"column":21}},{"start":{"line":121,"column":20},"end":{"line":128,"column":21}}],"line":121},"25":{"loc":{"start":{"line":133,"column":16},"end":{"line":138,"column":17}},"type":"if","locations":[{"start":{"line":133,"column":16},"end":{"line":138,"column":17}},{"start":{"line":133,"column":16},"end":{"line":138,"column":17}}],"line":133},"26":{"loc":{"start":{"line":198,"column":8},"end":{"line":205,"column":9}},"type":"if","locations":[{"start":{"line":198,"column":8},"end":{"line":205,"column":9}},{"start":{"line":198,"column":8},"end":{"line":205,"column":9}}],"line":198}},"s":{"0":7,"1":7,"2":7,"3":7,"4":1,"5":5,"6":5,"7":3,"8":5,"9":5,"10":5,"11":5,"12":7,"13":2,"14":22,"15":22,"16":2,"17":22,"18":2,"19":22,"20":2,"21":22,"22":2,"23":22,"24":2,"25":22,"26":2,"27":22,"28":2,"29":22,"30":4,"31":22,"32":4,"33":22,"34":16,"35":22,"36":15,"37":22,"38":12,"39":24,"40":5,"41":13,"42":5,"43":3,"44":3,"45":3,"46":3,"47":7,"48":7,"49":2,"50":5,"51":22,"52":10,"53":19,"54":2,"55":6,"56":2,"57":2,"58":2,"59":2,"60":2,"61":8,"62":8,"63":4,"64":4,"65":22,"66":7,"67":1,"68":5,"69":5,"70":5,"71":5,"72":5,"73":7,"74":1,"75":5,"76":1,"77":5,"78":5,"79":1,"80":2,"81":2,"82":2,"83":7,"84":1,"85":5,"86":1,"87":5,"88":5,"89":1,"90":4,"91":4,"92":4,"93":7,"94":1,"95":6,"96":6,"97":3,"98":6,"99":6,"100":6,"101":7},"f":{"0":1,"1":5,"2":2,"3":22,"4":24,"5":13,"6":19,"7":6,"8":1,"9":5,"10":1,"11":5,"12":5,"13":2,"14":1,"15":5,"16":5,"17":4,"18":1,"19":6},"b":{"0":[3,2],"1":[2,20],"2":[2,20],"3":[2,20],"4":[2,20],"5":[22,2],"6":[2,20],"7":[22,14],"8":[2,20],"9":[2,20],"10":[4,18],"11":[4,18],"12":[16,6],"13":[15,7],"14":[12,10],"15":[5,7],"16":[0,5],"17":[13,5],"18":[3,2],"19":[2,5],"20":[10,12],"21":[2,8],"22":[0,2],"23":[6,2],"24":[2,0],"25":[4,4],"26":[3,3]},"_coverageSchema":"1a1c01bbd47fc00a2c39e90264f33305004495a9","hash":"8ed3bcc19aec8c0518d17b625428fb7438cd9e1a"}
,"C:\\Users\\user\\Desktop\\Final SEP\\Covid-Patient-tracker--Backend\\utils\\mailer.js": {"path":"C:\\Users\\user\\Desktop\\Final SEP\\Covid-Patient-tracker--Backend\\utils\\mailer.js","statementMap":{"0":{"start":{"line":1,"column":19},"end":{"line":1,"column":40}},"1":{"start":{"line":2,"column":26},"end":{"line":2,"column":66}},"2":{"start":{"line":5,"column":20},"end":{"line":9,"column":3}},"3":{"start":{"line":12,"column":25},"end":{"line":77,"column":1}},"4":{"start":{"line":13,"column":21},"end":{"line":13,"column":72}},"5":{"start":{"line":15,"column":4},"end":{"line":76,"column":5}},"6":{"start":{"line":82,"column":31},"end":{"line":96,"column":1}},"7":{"start":{"line":83,"column":4},"end":{"line":95,"column":7}},"8":{"start":{"line":89,"column":8},"end":{"line":94,"column":9}},"9":{"start":{"line":90,"column":12},"end":{"line":90,"column":28}},"10":{"start":{"line":93,"column":12},"end":{"line":93,"column":51}},"11":{"start":{"line":101,"column":0},"end":{"line":103,"column":2}}},"fnMap":{"0":{"name":"(anonymous_0)","decl":{"start":{"line":12,"column":25},"end":{"line":12,"column":26}},"loc":{"start":{"line":12,"column":36},"end":{"line":77,"column":1}},"line":12},"1":{"name":"(anonymous_1)","decl":{"start":{"line":82,"column":31},"end":{"line":82,"column":32}},"loc":{"start":{"line":82,"column":50},"end":{"line":96,"column":1}},"line":82},"2":{"name":"(anonymous_2)","decl":{"start":{"line":88,"column":6},"end":{"line":88,"column":7}},"loc":{"start":{"line":88,"column":25},"end":{"line":95,"column":5}},"line":88}},"branchMap":{"0":{"loc":{"start":{"line":89,"column":8},"end":{"line":94,"column":9}},"type":"if","locations":[{"start":{"line":89,"column":8},"end":{"line":94,"column":9}},{"start":{"line":89,"column":8},"end":{"line":94,"column":9}}],"line":89}},"s":{"0":6,"1":6,"2":6,"3":6,"4":0,"5":0,"6":6,"7":0,"8":0,"9":0,"10":0,"11":6},"f":{"0":0,"1":0,"2":0},"b":{"0":[0,0]},"_coverageSchema":"1a1c01bbd47fc00a2c39e90264f33305004495a9","hash":"69576df532e0be1e3ecadbb696b6f089dff3cb83"}
,"C:\\Users\\user\\Desktop\\Final SEP\\Covid-Patient-tracker--Backend\\utils\\message-template.js": {"path":"C:\\Users\\user\\Desktop\\Final SEP\\Covid-Patient-tracker--Backend\\utils\\message-template.js","statementMap":{"0":{"start":{"line":9,"column":23},"end":{"line":12,"column":1}},"1":{"start":{"line":10,"column":4},"end":{"line":10,"column":53}},"2":{"start":{"line":11,"column":4},"end":{"line":11,"column":48}},"3":{"start":{"line":21,"column":21},"end":{"line":24,"column":1}},"4":{"start":{"line":22,"column":4},"end":{"line":22,"column":48}},"5":{"start":{"line":23,"column":4},"end":{"line":23,"column":48}},"6":{"start":{"line":26,"column":0},"end":{"line":29,"column":1}}},"fnMap":{"0":{"name":"(anonymous_0)","decl":{"start":{"line":9,"column":23},"end":{"line":9,"column":24}},"loc":{"start":{"line":9,"column":74},"end":{"line":12,"column":1}},"line":9},"1":{"name":"(anonymous_1)","decl":{"start":{"line":21,"column":21},"end":{"line":21,"column":22}},"loc":{"start":{"line":21,"column":58},"end":{"line":24,"column":1}},"line":21}},"branchMap":{"0":{"loc":{"start":{"line":9,"column":43},"end":{"line":9,"column":55}},"type":"default-arg","locations":[{"start":{"line":9,"column":53},"end":{"line":9,"column":55}}],"line":9},"1":{"loc":{"start":{"line":9,"column":57},"end":{"line":9,"column":69}},"type":"default-arg","locations":[{"start":{"line":9,"column":66},"end":{"line":9,"column":69}}],"line":9},"2":{"loc":{"start":{"line":21,"column":41},"end":{"line":21,"column":53}},"type":"default-arg","locations":[{"start":{"line":21,"column":50},"end":{"line":21,"column":53}}],"line":21}},"s":{"0":8,"1":11,"2":11,"3":8,"4":38,"5":38,"6":8},"f":{"0":11,"1":38},"b":{"0":[0],"1":[3],"2":[1]},"_coverageSchema":"1a1c01bbd47fc00a2c39e90264f33305004495a9","hash":"ee6a6e5bd424ffd0d646f24471d83ec46f2813a0"}
,"C:\\Users\\user\\Desktop\\Final SEP\\Covid-Patient-tracker--Backend\\utils\\sms.js": {"path":"C:\\Users\\user\\Desktop\\Final SEP\\Covid-Patient-tracker--Backend\\utils\\sms.js","statementMap":{"0":{"start":{"line":2,"column":0},"end":{"line":2,"column":27}},"1":{"start":{"line":3,"column":19},"end":{"line":3,"column":46}},"2":{"start":{"line":4,"column":18},"end":{"line":4,"column":44}},"3":{"start":{"line":6,"column":15},"end":{"line":6,"column":55}},"4":{"start":{"line":8,"column":16},"end":{"line":23,"column":1}},"5":{"start":{"line":10,"column":4},"end":{"line":10,"column":68}},"6":{"start":{"line":12,"column":2},"end":{"line":21,"column":57}},"7":{"start":{"line":21,"column":24},"end":{"line":21,"column":55}},"8":{"start":{"line":25,"column":0},"end":{"line":27,"column":2}}},"fnMap":{"0":{"name":"(anonymous_0)","decl":{"start":{"line":8,"column":16},"end":{"line":8,"column":17}},"loc":{"start":{"line":8,"column":74},"end":{"line":23,"column":1}},"line":8},"1":{"name":"(anonymous_1)","decl":{"start":{"line":21,"column":15},"end":{"line":21,"column":16}},"loc":{"start":{"line":21,"column":24},"end":{"line":21,"column":55}},"line":21}},"branchMap":{"0":{"loc":{"start":{"line":10,"column":4},"end":{"line":10,"column":68}},"type":"cond-expr","locations":[{"start":{"line":10,"column":22},"end":{"line":10,"column":43}},{"start":{"line":10,"column":46},"end":{"line":10,"column":67}}],"line":10}},"s":{"0":6,"1":6,"2":6,"3":6,"4":6,"5":1,"6":1,"7":0,"8":6},"f":{"0":1,"1":0},"b":{"0":[1,0]},"_coverageSchema":"1a1c01bbd47fc00a2c39e90264f33305004495a9","hash":"9695cfb945e34d44a22aca977bef7c65960c8e1a"}
,"C:\\Users\\user\\Desktop\\Final SEP\\Covid-Patient-tracker--Backend\\utils\\validationSchemas\\patientValidationSchemas.js": {"path":"C:\\Users\\user\\Desktop\\Final SEP\\Covid-Patient-tracker--Backend\\utils\\validationSchemas\\patientValidationSchemas.js","statementMap":{"0":{"start":{"line":1,"column":12},"end":{"line":1,"column":26}},"1":{"start":{"line":3,"column":29},"end":{"line":12,"column":1}},"2":{"start":{"line":4,"column":19},"end":{"line":10,"column":6}},"3":{"start":{"line":11,"column":4},"end":{"line":11,"column":136}},"4":{"start":{"line":15,"column":33},"end":{"line":22,"column":1}},"5":{"start":{"line":16,"column":19},"end":{"line":20,"column":6}},"6":{"start":{"line":21,"column":4},"end":{"line":21,"column":100}},"7":{"start":{"line":25,"column":32},"end":{"line":32,"column":1}},"8":{"start":{"line":26,"column":19},"end":{"line":30,"column":6}},"9":{"start":{"line":31,"column":4},"end":{"line":31,"column":110}},"10":{"start":{"line":36,"column":0},"end":{"line":38,"column":2}}},"fnMap":{"0":{"name":"(anonymous_0)","decl":{"start":{"line":3,"column":29},"end":{"line":3,"column":30}},"loc":{"start":{"line":3,"column":86},"end":{"line":12,"column":1}},"line":3},"1":{"name":"(anonymous_1)","decl":{"start":{"line":15,"column":33},"end":{"line":15,"column":34}},"loc":{"start":{"line":15,"column":73},"end":{"line":22,"column":1}},"line":15},"2":{"name":"(anonymous_2)","decl":{"start":{"line":25,"column":32},"end":{"line":25,"column":33}},"loc":{"start":{"line":25,"column":76},"end":{"line":32,"column":1}},"line":25}},"branchMap":{},"s":{"0":7,"1":7,"2":13,"3":13,"4":7,"5":8,"6":8,"7":7,"8":8,"9":8,"10":7},"f":{"0":13,"1":8,"2":8},"b":{},"_coverageSchema":"1a1c01bbd47fc00a2c39e90264f33305004495a9","hash":"7285c76852a02084f0a2c08d80331c97296033e1"}
,"C:\\Users\\user\\Desktop\\Final SEP\\Covid-Patient-tracker--Backend\\utils\\validationSchemas\\reportValidationSchemas.js": {"path":"C:\\Users\\user\\Desktop\\Final SEP\\Covid-Patient-tracker--Backend\\utils\\validationSchemas\\reportValidationSchemas.js","statementMap":{"0":{"start":{"line":1,"column":12},"end":{"line":1,"column":26}},"1":{"start":{"line":3,"column":29},"end":{"line":12,"column":1}},"2":{"start":{"line":4,"column":19},"end":{"line":9,"column":6}},"3":{"start":{"line":11,"column":4},"end":{"line":11,"column":100}},"4":{"start":{"line":14,"column":0},"end":{"line":16,"column":2}}},"fnMap":{"0":{"name":"(anonymous_0)","decl":{"start":{"line":3,"column":29},"end":{"line":3,"column":30}},"loc":{"start":{"line":3,"column":69},"end":{"line":12,"column":1}},"line":3}},"branchMap":{},"s":{"0":7,"1":7,"2":10,"3":10,"4":7},"f":{"0":10},"b":{},"_coverageSchema":"1a1c01bbd47fc00a2c39e90264f33305004495a9","hash":"910c92bde1252fded04fdb119d00a7e0de94b36e"}
,"C:\\Users\\user\\Desktop\\Final SEP\\Covid-Patient-tracker--Backend\\utils\\validationSchemas\\testsValidationSchemas.js": {"path":"C:\\Users\\user\\Desktop\\Final SEP\\Covid-Patient-tracker--Backend\\utils\\validationSchemas\\testsValidationSchemas.js","statementMap":{"0":{"start":{"line":1,"column":12},"end":{"line":1,"column":26}},"1":{"start":{"line":3,"column":28},"end":{"line":11,"column":89}},"2":{"start":{"line":4,"column":19},"end":{"line":9,"column":6}},"3":{"start":{"line":11,"column":4},"end":{"line":11,"column":88}},"4":{"start":{"line":14,"column":0},"end":{"line":16,"column":2}}},"fnMap":{"0":{"name":"(anonymous_0)","decl":{"start":{"line":3,"column":28},"end":{"line":3,"column":29}},"loc":{"start":{"line":3,"column":62},"end":{"line":11,"column":89}},"line":3}},"branchMap":{},"s":{"0":7,"1":7,"2":9,"3":9,"4":7},"f":{"0":9},"b":{},"_coverageSchema":"1a1c01bbd47fc00a2c39e90264f33305004495a9","hash":"e68774cd6812fb0a6ea1e20a402c4e30db2704a5"}
}
