TN:
SF:index.js
FN:27,(anonymous_0)
FN:41,(anonymous_1)
FN:49,(anonymous_2)
FNF:3
FNH:1
FNDA:0,(anonymous_0)
FNDA:0,(anonymous_1)
FNDA:6,(anonymous_2)
DA:1,6
DA:2,6
DA:4,6
DA:6,6
DA:8,6
DA:10,6
DA:11,6
DA:12,6
DA:16,6
DA:17,6
DA:18,6
DA:19,6
DA:20,6
DA:21,6
DA:22,6
DA:23,6
DA:27,6
DA:29,0
DA:32,6
DA:33,6
DA:34,6
DA:35,6
DA:36,6
DA:37,6
DA:38,6
DA:39,6
DA:41,6
DA:42,0
DA:48,6
DA:49,6
DA:52,6
LF:31
LH:29
BRDA:48,0,0,6
BRDA:48,0,1,6
BRF:2
BRH:2
end_of_record
TN:
SF:controllers\auth.js
FN:14,validateLogin
FN:22,validateForgotPassword
FN:29,validateResetPassword
FN:37,(anonymous_3)
FN:89,(anonymous_4)
FN:135,(anonymous_5)
FNF:6
FNH:0
FNDA:0,validateLogin
FNDA:0,validateForgotPassword
FNDA:0,validateResetPassword
FNDA:0,(anonymous_3)
FNDA:0,(anonymous_4)
FNDA:0,(anonymous_5)
DA:1,6
DA:2,6
DA:3,6
DA:4,6
DA:5,6
DA:6,6
DA:7,6
DA:10,6
DA:11,6
DA:12,6
DA:15,0
DA:19,0
DA:23,0
DA:26,0
DA:30,0
DA:33,0
DA:37,6
DA:38,0
DA:39,0
DA:40,0
DA:41,0
DA:44,0
DA:45,0
DA:55,0
DA:56,0
DA:58,0
DA:60,0
DA:61,0
DA:62,0
DA:64,0
DA:69,0
DA:70,0
DA:73,0
DA:77,0
DA:85,0
DA:89,6
DA:90,0
DA:91,0
DA:92,0
DA:93,0
DA:96,0
DA:97,0
DA:104,0
DA:105,0
DA:107,0
DA:109,0
DA:113,0
DA:118,0
DA:123,0
DA:124,0
DA:125,0
DA:130,0
DA:135,6
DA:136,0
DA:137,0
DA:138,0
DA:139,0
DA:142,0
DA:143,0
DA:144,0
DA:150,0
DA:151,0
DA:154,0
DA:155,0
DA:158,0
DA:160,0
DA:162,0
DA:163,0
DA:165,0
DA:166,0
DA:167,0
DA:170,0
DA:175,0
DA:176,0
DA:178,0
DA:184,6
LF:76
LH:14
BRDA:40,0,0,0
BRDA:40,0,1,0
BRDA:55,1,0,0
BRDA:55,1,1,0
BRDA:61,2,0,0
BRDA:61,2,1,0
BRDA:69,3,0,0
BRDA:69,3,1,0
BRDA:92,4,0,0
BRDA:92,4,1,0
BRDA:104,5,0,0
BRDA:104,5,1,0
BRDA:123,6,0,0
BRDA:123,6,1,0
BRDA:138,7,0,0
BRDA:138,7,1,0
BRDA:150,8,0,0
BRDA:150,8,1,0
BRDA:154,9,0,0
BRDA:154,9,1,0
BRDA:166,10,0,0
BRDA:166,10,1,0
BRDA:166,11,0,0
BRDA:166,11,1,0
BRDA:175,12,0,0
BRDA:175,12,1,0
BRF:26
BRH:0
end_of_record
TN:
SF:controllers\bed.js
FN:14,(anonymous_0)
FNF:1
FNH:1
FNDA:3,(anonymous_0)
DA:1,6
DA:2,6
DA:3,6
DA:4,6
DA:5,6
DA:6,6
DA:8,6
DA:10,6
DA:14,6
DA:15,3
DA:18,3
DA:20,3
DA:25,2
DA:26,1
DA:29,1
DA:33,1
DA:38,6
LF:17
LH:17
BRDA:15,0,0,0
BRDA:15,0,1,3
BRDA:25,1,0,1
BRDA:25,1,1,1
BRDA:25,2,0,2
BRDA:25,2,1,2
BRF:6
BRH:5
end_of_record
TN:
SF:controllers\facility.js
FN:13,(anonymous_0)
FNF:1
FNH:1
FNDA:1,(anonymous_0)
DA:1,6
DA:2,6
DA:3,6
DA:4,6
DA:5,6
DA:6,6
DA:9,6
DA:13,6
DA:16,1
DA:18,1
DA:21,1
DA:22,1
DA:25,0
DA:29,0
DA:34,6
LF:15
LH:13
BRDA:21,0,0,1
BRDA:21,0,1,0
BRDA:21,1,0,1
BRDA:21,1,1,1
BRF:4
BRH:3
end_of_record
TN:
SF:controllers\moh.js
FN:19,validateRegister
FN:32,(anonymous_1)
FN:82,(anonymous_2)
FN:99,(anonymous_3)
FN:119,(anonymous_4)
FN:135,(anonymous_5)
FN:159,(anonymous_6)
FN:183,(anonymous_7)
FN:207,(anonymous_8)
FN:233,(anonymous_9)
FN:250,(anonymous_10)
FN:282,(anonymous_11)
FN:314,(anonymous_12)
FN:346,(anonymous_13)
FN:368,(anonymous_14)
FNF:15
FNH:0
FNDA:0,validateRegister
FNDA:0,(anonymous_1)
FNDA:0,(anonymous_2)
FNDA:0,(anonymous_3)
FNDA:0,(anonymous_4)
FNDA:0,(anonymous_5)
FNDA:0,(anonymous_6)
FNDA:0,(anonymous_7)
FNDA:0,(anonymous_8)
FNDA:0,(anonymous_9)
FNDA:0,(anonymous_10)
FNDA:0,(anonymous_11)
FNDA:0,(anonymous_12)
FNDA:0,(anonymous_13)
FNDA:0,(anonymous_14)
DA:1,6
DA:2,6
DA:3,6
DA:4,6
DA:5,6
DA:6,6
DA:7,6
DA:8,6
DA:9,6
DA:11,6
DA:12,6
DA:13,6
DA:14,6
DA:15,6
DA:16,6
DA:17,6
DA:20,0
DA:29,0
DA:32,6
DA:33,0
DA:34,0
DA:35,0
DA:36,0
DA:38,0
DA:39,0
DA:41,0
DA:42,0
DA:44,0
DA:45,0
DA:46,0
DA:55,0
DA:56,0
DA:60,0
DA:67,0
DA:68,0
DA:70,0
DA:71,0
DA:74,0
DA:78,0
DA:82,6
DA:83,0
DA:84,0
DA:85,0
DA:86,0
DA:87,0
DA:90,0
DA:94,0
DA:99,6
DA:100,0
DA:101,0
DA:102,0
DA:103,0
DA:106,0
DA:107,0
DA:110,0
DA:114,0
DA:119,6
DA:120,0
DA:121,0
DA:122,0
DA:123,0
DA:126,0
DA:130,0
DA:135,6
DA:136,0
DA:137,0
DA:138,0
DA:147,0
DA:148,0
DA:151,0
DA:155,0
DA:159,6
DA:160,0
DA:161,0
DA:162,0
DA:171,0
DA:172,0
DA:175,0
DA:179,0
DA:183,6
DA:184,0
DA:185,0
DA:186,0
DA:195,0
DA:196,0
DA:199,0
DA:203,0
DA:207,6
DA:208,0
DA:209,0
DA:210,0
DA:220,0
DA:221,0
DA:225,0
DA:229,0
DA:233,6
DA:234,0
DA:235,0
DA:237,0
DA:238,0
DA:241,0
DA:246,0
DA:250,6
DA:251,0
DA:252,0
DA:263,0
DA:264,0
DA:267,0
DA:268,0
DA:270,0
DA:271,0
DA:274,0
DA:278,0
DA:282,6
DA:283,0
DA:284,0
DA:295,0
DA:296,0
DA:299,0
DA:300,0
DA:302,0
DA:303,0
DA:306,0
DA:310,0
DA:314,6
DA:315,0
DA:316,0
DA:327,0
DA:328,0
DA:331,0
DA:332,0
DA:334,0
DA:335,0
DA:338,0
DA:342,0
DA:346,6
DA:347,0
DA:348,0
DA:354,0
DA:355,0
DA:358,0
DA:363,0
DA:368,6
DA:369,0
DA:370,0
DA:371,0
DA:375,0
DA:376,0
DA:377,0
DA:379,0
DA:380,0
DA:381,0
DA:382,0
DA:384,0
DA:385,0
DA:386,0
DA:387,0
DA:390,0
DA:392,0
DA:401,0
DA:402,0
DA:405,0
DA:406,0
DA:407,0
DA:408,0
DA:411,0
DA:415,0
DA:419,6
LF:168
LH:31
BRDA:35,0,0,0
BRDA:35,0,1,0
BRDA:38,1,0,0
BRDA:38,1,1,0
BRDA:41,2,0,0
BRDA:41,2,1,0
BRDA:55,3,0,0
BRDA:55,3,1,0
BRDA:55,4,0,0
BRDA:55,4,1,0
BRDA:67,5,0,0
BRDA:67,5,1,0
BRDA:67,6,0,0
BRDA:67,6,1,0
BRDA:70,7,0,0
BRDA:70,7,1,0
BRDA:86,8,0,0
BRDA:86,8,1,0
BRDA:86,9,0,0
BRDA:86,9,1,0
BRDA:106,10,0,0
BRDA:106,10,1,0
BRDA:106,11,0,0
BRDA:106,11,1,0
BRDA:122,12,0,0
BRDA:122,12,1,0
BRDA:122,13,0,0
BRDA:122,13,1,0
BRDA:136,14,0,0
BRDA:136,14,1,0
BRDA:147,15,0,0
BRDA:147,15,1,0
BRDA:160,16,0,0
BRDA:160,16,1,0
BRDA:171,17,0,0
BRDA:171,17,1,0
BRDA:184,18,0,0
BRDA:184,18,1,0
BRDA:195,19,0,0
BRDA:195,19,1,0
BRDA:208,20,0,0
BRDA:208,20,1,0
BRDA:220,21,0,0
BRDA:220,21,1,0
BRDA:237,22,0,0
BRDA:237,22,1,0
BRDA:237,23,0,0
BRDA:237,23,1,0
BRDA:251,24,0,0
BRDA:251,24,1,0
BRDA:263,25,0,0
BRDA:263,25,1,0
BRDA:270,26,0,0
BRDA:270,26,1,0
BRDA:270,27,0,0
BRDA:270,27,1,0
BRDA:283,28,0,0
BRDA:283,28,1,0
BRDA:295,29,0,0
BRDA:295,29,1,0
BRDA:302,30,0,0
BRDA:302,30,1,0
BRDA:302,31,0,0
BRDA:302,31,1,0
BRDA:315,32,0,0
BRDA:315,32,1,0
BRDA:327,33,0,0
BRDA:327,33,1,0
BRDA:334,34,0,0
BRDA:334,34,1,0
BRDA:334,35,0,0
BRDA:334,35,1,0
BRDA:354,36,0,0
BRDA:354,36,1,0
BRDA:354,37,0,0
BRDA:354,37,1,0
BRDA:369,38,0,0
BRDA:369,38,1,0
BRDA:370,39,0,0
BRDA:370,39,1,0
BRDA:371,40,0,0
BRDA:371,40,1,0
BRDA:375,41,0,0
BRDA:375,41,1,0
BRDA:379,42,0,0
BRDA:379,42,1,0
BRDA:384,43,0,0
BRDA:384,43,1,0
BRDA:401,44,0,0
BRDA:401,44,1,0
BRDA:401,45,0,0
BRDA:401,45,1,0
BRDA:407,46,0,0
BRDA:407,46,1,0
BRF:94
BRH:0
end_of_record
TN:
SF:controllers\patient.js
FN:10,validateAdmitPatient
FN:33,validateDischargePatient
FN:48,validateTransferPatient
FN:63,(anonymous_3)
FN:147,(anonymous_4)
FN:183,(anonymous_5)
FN:220,(anonymous_6)
FN:229,(anonymous_7)
FN:244,(anonymous_8)
FNF:9
FNH:6
FNDA:7,validateAdmitPatient
FNDA:4,validateDischargePatient
FNDA:6,validateTransferPatient
FNDA:7,(anonymous_3)
FNDA:4,(anonymous_4)
FNDA:6,(anonymous_5)
FNDA:0,(anonymous_6)
FNDA:0,(anonymous_7)
FNDA:0,(anonymous_8)
DA:1,6
DA:2,6
DA:3,6
DA:4,6
DA:5,6
DA:7,6
DA:8,6
DA:13,7
DA:27,7
DA:36,4
DA:44,4
DA:51,6
DA:60,6
DA:63,6
DA:83,7
DA:86,7
DA:89,7
DA:90,0
DA:93,7
DA:94,7
DA:96,7
DA:97,4
DA:102,3
DA:103,1
DA:105,2
DA:106,2
DA:134,2
DA:135,1
DA:137,1
DA:140,0
DA:147,6
DA:151,4
DA:153,4
DA:154,4
DA:155,4
DA:157,4
DA:158,3
DA:160,1
DA:161,1
DA:169,1
DA:170,1
DA:171,1
DA:173,0
DA:176,0
DA:183,6
DA:186,6
DA:190,6
DA:193,6
DA:194,4
DA:198,2
DA:199,2
DA:210,2
DA:211,1
DA:213,1
DA:216,0
DA:220,6
DA:221,0
DA:222,0
DA:223,0
DA:225,0
DA:229,6
DA:230,0
DA:231,0
DA:232,0
DA:233,0
DA:235,0
DA:237,0
DA:239,0
DA:244,6
DA:246,0
DA:247,0
DA:249,0
DA:252,0
DA:253,0
DA:255,0
DA:256,0
DA:257,0
DA:258,0
DA:259,0
DA:260,0
DA:261,0
DA:262,0
DA:263,0
DA:264,0
DA:265,0
DA:267,0
DA:269,0
DA:270,0
DA:272,0
DA:275,0
DA:288,0
DA:292,6
LF:92
LH:54
BRDA:89,0,0,0
BRDA:89,0,1,7
BRDA:96,1,0,4
BRDA:96,1,1,3
BRDA:102,2,0,1
BRDA:102,2,1,2
BRDA:134,3,0,1
BRDA:134,3,1,1
BRDA:157,4,0,3
BRDA:157,4,1,1
BRDA:170,5,0,1
BRDA:170,5,1,0
BRDA:193,6,0,4
BRDA:193,6,1,2
BRDA:210,7,0,1
BRDA:210,7,1,1
BRDA:232,8,0,0
BRDA:232,8,1,0
BRDA:246,9,0,0
BRDA:246,9,1,0
BRDA:252,10,0,0
BRDA:252,10,1,0
BRDA:257,11,0,0
BRDA:257,11,1,0
BRDA:258,12,0,0
BRDA:258,12,1,0
BRDA:259,13,0,0
BRDA:259,13,1,0
BRDA:260,14,0,0
BRDA:260,14,1,0
BRDA:261,15,0,0
BRDA:261,15,1,0
BRDA:262,16,0,0
BRDA:262,16,1,0
BRDA:263,17,0,0
BRDA:263,17,1,0
BRDA:264,18,0,0
BRDA:264,18,1,0
BRDA:265,19,0,0
BRDA:265,19,1,0
BRDA:269,20,0,0
BRDA:269,20,1,0
BRF:42
BRH:14
end_of_record
TN:
SF:controllers\report.js
FN:12,validateCreateReport
FN:28,(anonymous_1)
FN:95,(anonymous_2)
FN:121,(anonymous_3)
FNF:4
FNH:2
FNDA:7,validateCreateReport
FNDA:7,(anonymous_1)
FNDA:0,(anonymous_2)
FNDA:0,(anonymous_3)
DA:1,6
DA:2,6
DA:3,6
DA:4,6
DA:5,6
DA:7,6
DA:8,6
DA:9,6
DA:10,6
DA:14,7
DA:24,7
DA:28,6
DA:40,7
DA:43,7
DA:45,7
DA:47,7
DA:48,0
DA:51,7
DA:54,7
DA:55,4
DA:57,3
DA:58,1
DA:61,2
DA:62,1
DA:64,1
DA:65,0
DA:67,1
DA:68,1
DA:84,1
DA:85,1
DA:86,1
DA:88,0
DA:91,0
DA:95,6
DA:98,0
DA:100,0
DA:101,0
DA:103,0
DA:104,0
DA:116,0
DA:121,6
DA:123,0
DA:124,0
DA:126,0
DA:127,0
DA:128,0
DA:129,0
DA:130,0
DA:133,0
DA:134,0
DA:135,0
DA:137,0
DA:148,0
DA:153,6
LF:54
LH:32
BRDA:47,0,0,0
BRDA:47,0,1,7
BRDA:54,1,0,4
BRDA:54,1,1,3
BRDA:57,2,0,1
BRDA:57,2,1,2
BRDA:61,3,0,1
BRDA:61,3,1,1
BRDA:64,4,0,0
BRDA:64,4,1,1
BRDA:85,5,0,1
BRDA:85,5,1,0
BRDA:124,6,0,0
BRDA:124,6,1,0
BRDA:126,7,0,0
BRDA:126,7,1,0
BRDA:127,8,0,0
BRDA:127,8,1,0
BRDA:128,9,0,0
BRDA:128,9,1,0
BRDA:129,10,0,0
BRDA:129,10,1,0
BRDA:130,11,0,0
BRDA:130,11,1,0
BRF:24
BRH:9
end_of_record
TN:
SF:controllers\tests.js
FN:11,validateEnterResult
FN:23,(anonymous_1)
FN:79,(anonymous_2)
FNF:3
FNH:2
FNDA:5,validateEnterResult
FNDA:5,(anonymous_1)
FNDA:0,(anonymous_2)
DA:1,6
DA:2,6
DA:3,6
DA:4,6
DA:5,6
DA:6,6
DA:8,6
DA:9,6
DA:13,5
DA:21,5
DA:23,6
DA:31,5
DA:33,5
DA:34,5
DA:36,5
DA:37,3
DA:41,2
DA:42,1
DA:45,1
DA:46,1
DA:50,1
DA:51,1
DA:68,1
DA:69,1
DA:70,1
DA:72,0
DA:75,0
DA:79,6
DA:80,0
DA:81,0
DA:82,0
DA:83,0
DA:84,0
DA:86,0
DA:91,6
LF:35
LH:27
BRDA:36,0,0,3
BRDA:36,0,1,2
BRDA:41,1,0,1
BRDA:41,1,1,1
BRDA:69,2,0,1
BRDA:69,2,1,0
BRF:6
BRH:5
end_of_record
TN:
SF:controllers\user.js
FN:9,validateEditProfile
FN:20,(anonymous_1)
FN:44,(anonymous_2)
FNF:3
FNH:3
FNDA:4,validateEditProfile
FNDA:4,(anonymous_1)
FNDA:5,(anonymous_2)
DA:1,6
DA:2,6
DA:3,6
DA:4,6
DA:5,6
DA:7,6
DA:10,4
DA:15,4
DA:20,6
DA:21,4
DA:23,4
DA:24,1
DA:27,3
DA:28,3
DA:31,2
DA:32,1
DA:35,1
DA:39,1
DA:44,6
DA:45,5
DA:46,5
DA:47,5
DA:48,1
DA:50,4
DA:51,4
DA:52,1
DA:54,3
DA:55,3
DA:56,3
DA:57,2
DA:58,1
DA:59,1
DA:60,1
DA:61,1
DA:63,1
DA:64,1
DA:65,1
DA:69,1
DA:73,1
DA:78,6
LF:40
LH:40
BRDA:23,0,0,1
BRDA:23,0,1,3
BRDA:31,1,0,1
BRDA:31,1,1,1
BRDA:47,2,0,1
BRDA:47,2,1,4
BRDA:51,3,0,1
BRDA:51,3,1,3
BRDA:57,4,0,1
BRDA:57,4,1,1
BRDA:58,5,0,1
BRDA:58,5,1,0
BRDA:59,6,0,1
BRDA:59,6,1,0
BRDA:60,7,0,1
BRDA:60,7,1,0
BRDA:64,8,0,1
BRDA:64,8,1,0
BRF:18
BRH:14
end_of_record
TN:
SF:database\db.js
FNF:0
FNH:0
DA:1,6
DA:3,6
DA:11,6
LF:3
LH:3
BRF:0
BRH:0
end_of_record
TN:
SF:middlewares\authorization.js
FN:5,(anonymous_0)
FN:36,(anonymous_1)
FN:37,(anonymous_2)
FNF:3
FNH:3
FNDA:4,(anonymous_0)
FNDA:122,(anonymous_1)
FNDA:2,(anonymous_2)
DA:1,7
DA:2,7
DA:3,7
DA:5,7
DA:8,4
DA:9,3
DA:10,3
DA:12,3
DA:14,2
DA:15,2
DA:17,2
DA:18,1
DA:21,2
DA:24,1
DA:25,1
DA:29,3
DA:30,1
DA:36,7
DA:37,122
DA:38,2
DA:39,1
DA:41,1
LF:22
LH:22
BRDA:8,0,0,3
BRDA:8,0,1,1
BRDA:8,1,0,4
BRDA:8,1,1,3
BRDA:17,2,0,1
BRDA:17,2,1,1
BRDA:29,3,0,1
BRDA:29,3,1,2
BRDA:36,4,0,0
BRDA:38,5,0,1
BRDA:38,5,1,1
BRF:11
BRH:10
end_of_record
TN:
SF:routes\auth.js
FNF:0
FNH:0
DA:1,6
DA:2,6
DA:3,6
DA:5,6
DA:7,6
DA:8,6
DA:10,6
LF:7
LH:7
BRF:0
BRH:0
end_of_record
TN:
SF:routes\bed.js
FNF:0
FNH:0
DA:1,6
DA:2,6
DA:3,6
DA:4,6
DA:7,6
DA:12,6
DA:15,6
LF:7
LH:7
BRF:0
BRH:0
end_of_record
TN:
SF:routes\facility.js
FNF:0
FNH:0
DA:1,6
DA:2,6
DA:3,6
DA:4,6
DA:7,6
DA:12,6
DA:15,6
LF:7
LH:7
BRF:0
BRH:0
end_of_record
TN:
SF:routes\moh.js
FNF:0
FNH:0
DA:3,6
DA:4,6
DA:5,6
DA:6,6
DA:9,6
DA:12,6
DA:13,6
DA:14,6
DA:15,6
DA:16,6
DA:17,6
DA:18,6
DA:20,6
DA:21,6
DA:22,6
DA:23,6
DA:24,6
DA:25,6
DA:27,6
LF:19
LH:19
BRF:0
BRH:0
end_of_record
TN:
SF:routes\patient.js
FNF:0
FNH:0
DA:1,6
DA:2,6
DA:3,6
DA:4,6
DA:10,6
DA:11,6
DA:12,6
DA:13,6
DA:14,6
DA:15,6
DA:19,6
LF:11
LH:11
BRF:0
BRH:0
end_of_record
TN:
SF:routes\report.js
FNF:0
FNH:0
DA:1,6
DA:2,6
DA:3,6
DA:4,6
DA:7,6
DA:8,6
DA:9,6
DA:12,6
LF:8
LH:8
BRF:0
BRH:0
end_of_record
TN:
SF:routes\tests.js
FNF:0
FNH:0
DA:1,6
DA:2,6
DA:3,6
DA:4,6
DA:7,6
DA:8,6
DA:11,6
LF:7
LH:7
BRF:0
BRH:0
end_of_record
TN:
SF:routes\user.js
FNF:0
FNH:0
DA:1,6
DA:2,6
DA:3,6
DA:4,6
DA:6,6
DA:7,6
DA:9,6
LF:7
LH:7
BRF:0
BRH:0
end_of_record
TN:
SF:service\Allocation.js
FN:2,(anonymous_0)
FNF:1
FNH:1
FNDA:54,(anonymous_0)
DA:1,6
DA:2,6
DA:3,54
LF:3
LH:3
BRF:0
BRH:0
end_of_record
TN:
SF:service\Bed.js
FN:2,(anonymous_0)
FNF:1
FNH:1
FNDA:54,(anonymous_0)
DA:1,6
DA:2,6
DA:3,54
LF:3
LH:3
BRF:0
BRH:0
end_of_record
TN:
SF:service\DistrictStatus.js
FN:2,(anonymous_0)
FNF:1
FNH:1
FNDA:54,(anonymous_0)
DA:1,6
DA:2,6
DA:3,54
LF:3
LH:3
BRF:0
BRH:0
end_of_record
TN:
SF:service\Facility.js
FN:2,(anonymous_0)
FNF:1
FNH:1
FNDA:54,(anonymous_0)
DA:1,6
DA:2,6
DA:3,54
LF:3
LH:3
BRF:0
BRH:0
end_of_record
TN:
SF:service\FacilityBed.js
FN:2,(anonymous_0)
FNF:1
FNH:1
FNDA:54,(anonymous_0)
DA:1,6
DA:2,6
DA:3,54
LF:3
LH:3
BRF:0
BRH:0
end_of_record
TN:
SF:service\FacilityStaff.js
FN:2,(anonymous_0)
FNF:1
FNH:1
FNDA:54,(anonymous_0)
DA:1,6
DA:2,6
DA:3,54
LF:3
LH:3
BRF:0
BRH:0
end_of_record
TN:
SF:service\MedicalReport.js
FN:2,(anonymous_0)
FNF:1
FNH:1
FNDA:54,(anonymous_0)
DA:1,6
DA:2,6
DA:3,54
LF:3
LH:3
BRF:0
BRH:0
end_of_record
TN:
SF:service\PasswordReset.js
FN:2,(anonymous_0)
FNF:1
FNH:1
FNDA:54,(anonymous_0)
DA:1,6
DA:2,6
DA:3,54
LF:3
LH:3
BRF:0
BRH:0
end_of_record
TN:
SF:service\Patient.js
FN:2,(anonymous_0)
FNF:1
FNH:1
FNDA:54,(anonymous_0)
DA:1,6
DA:2,6
DA:3,54
LF:3
LH:3
BRF:0
BRH:0
end_of_record
TN:
SF:service\Test.js
FN:2,(anonymous_0)
FNF:1
FNH:1
FNDA:54,(anonymous_0)
DA:1,6
DA:2,6
DA:3,54
LF:3
LH:3
BRF:0
BRH:0
end_of_record
TN:
SF:service\Transfer.js
FN:2,(anonymous_0)
FNF:1
FNH:1
FNDA:54,(anonymous_0)
DA:1,6
DA:2,6
DA:3,54
LF:3
LH:3
BRF:0
BRH:0
end_of_record
TN:
SF:service\User.js
FN:2,(anonymous_0)
FNF:1
FNH:1
FNDA:54,(anonymous_0)
DA:1,6
DA:2,6
DA:3,54
LF:3
LH:3
BRF:0
BRH:0
end_of_record
TN:
SF:service\Ward.js
FN:2,(anonymous_0)
FNF:1
FNH:1
FNDA:54,(anonymous_0)
DA:1,6
DA:2,6
DA:3,54
LF:3
LH:3
BRF:0
BRH:0
end_of_record
TN:
SF:service\init-models.js
FN:16,initModels
FNF:1
FNH:1
FNDA:54,initModels
DA:1,6
DA:2,6
DA:3,6
DA:4,6
DA:5,6
DA:6,6
DA:7,6
DA:8,6
DA:9,6
DA:10,6
DA:11,6
DA:12,6
DA:13,6
DA:14,6
DA:17,54
DA:18,54
DA:19,54
DA:20,54
DA:21,54
DA:22,54
DA:23,54
DA:24,54
DA:25,54
DA:26,54
DA:27,54
DA:28,54
DA:29,54
DA:31,54
DA:32,54
DA:33,54
DA:34,54
DA:35,54
DA:36,54
DA:37,54
DA:38,54
DA:39,54
DA:40,54
DA:41,54
DA:42,54
DA:43,54
DA:44,54
DA:45,54
DA:46,54
DA:47,54
DA:48,54
DA:49,54
DA:50,54
DA:51,54
DA:52,54
DA:53,54
DA:54,54
DA:55,54
DA:56,54
DA:57,54
DA:58,54
DA:59,54
DA:60,54
DA:61,54
DA:62,54
DA:78,6
DA:79,6
DA:80,6
LF:62
LH:62
BRF:0
BRH:0
end_of_record
TN:
SF:utils\array-mutation.js
FN:15,(anonymous_0)
FN:16,(anonymous_1)
FN:41,(anonymous_2)
FN:42,(anonymous_3)
FN:87,(anonymous_4)
FN:88,(anonymous_5)
FN:116,(anonymous_6)
FN:117,(anonymous_7)
FN:149,(anonymous_8)
FN:150,(anonymous_9)
FN:162,(anonymous_10)
FN:163,(anonymous_11)
FN:164,(anonymous_12)
FN:168,(anonymous_13)
FN:179,(anonymous_14)
FN:180,(anonymous_15)
FN:181,(anonymous_16)
FN:185,(anonymous_17)
FN:194,(anonymous_18)
FN:195,(anonymous_19)
FNF:20
FNH:19
FNDA:1,(anonymous_0)
FNDA:5,(anonymous_1)
FNDA:2,(anonymous_2)
FNDA:16,(anonymous_3)
FNDA:11,(anonymous_4)
FNDA:0,(anonymous_5)
FNDA:14,(anonymous_6)
FNDA:1,(anonymous_7)
FNDA:1,(anonymous_8)
FNDA:5,(anonymous_9)
FNDA:1,(anonymous_10)
FNDA:5,(anonymous_11)
FNDA:5,(anonymous_12)
FNDA:2,(anonymous_13)
FNDA:1,(anonymous_14)
FNDA:5,(anonymous_15)
FNDA:5,(anonymous_16)
FNDA:4,(anonymous_17)
FNDA:1,(anonymous_18)
FNDA:6,(anonymous_19)
DA:1,7
DA:3,7
DA:8,7
DA:15,7
DA:16,1
DA:17,5
DA:20,5
DA:21,3
DA:33,5
DA:34,5
DA:35,5
DA:37,5
DA:41,7
DA:42,2
DA:43,16
DA:45,16
DA:46,2
DA:48,16
DA:49,2
DA:51,16
DA:52,2
DA:54,16
DA:55,2
DA:57,16
DA:58,2
DA:60,16
DA:61,2
DA:64,16
DA:65,2
DA:69,16
DA:70,3
DA:72,16
DA:73,3
DA:76,16
DA:77,14
DA:80,16
DA:81,10
DA:86,16
DA:87,11
DA:88,0
DA:92,0
DA:93,0
DA:94,0
DA:95,0
DA:96,0
DA:103,7
DA:104,7
DA:105,4
DA:108,3
DA:115,16
DA:116,14
DA:117,1
DA:121,1
DA:122,1
DA:123,1
DA:124,1
DA:125,1
DA:132,8
DA:133,8
DA:134,5
DA:137,3
DA:142,16
DA:149,7
DA:150,1
DA:151,5
DA:153,5
DA:154,5
DA:155,5
DA:157,5
DA:162,7
DA:163,5
DA:164,1
DA:165,5
DA:166,5
DA:168,1
DA:169,2
DA:171,2
DA:174,2
DA:179,7
DA:180,5
DA:181,1
DA:182,5
DA:183,5
DA:185,1
DA:186,4
DA:188,4
DA:190,4
DA:194,7
DA:195,1
DA:196,6
DA:198,6
DA:199,3
DA:207,6
DA:208,6
DA:210,6
DA:215,7
LF:96
LH:90
BRDA:20,0,0,3
BRDA:20,0,1,2
BRDA:45,1,0,2
BRDA:45,1,1,14
BRDA:48,2,0,2
BRDA:48,2,1,14
BRDA:51,3,0,2
BRDA:51,3,1,14
BRDA:54,4,0,2
BRDA:54,4,1,14
BRDA:54,5,0,16
BRDA:54,5,1,2
BRDA:57,6,0,2
BRDA:57,6,1,14
BRDA:57,7,0,16
BRDA:57,7,1,9
BRDA:60,8,0,2
BRDA:60,8,1,14
BRDA:64,9,0,2
BRDA:64,9,1,14
BRDA:69,10,0,3
BRDA:69,10,1,13
BRDA:72,11,0,3
BRDA:72,11,1,13
BRDA:76,12,0,14
BRDA:76,12,1,2
BRDA:80,13,0,10
BRDA:80,13,1,6
BRDA:86,14,0,7
BRDA:86,14,1,9
BRDA:87,15,0,0
BRDA:87,15,1,7
BRDA:88,16,0,0
BRDA:88,16,1,0
BRDA:88,17,0,0
BRDA:88,17,1,0
BRDA:92,18,0,0
BRDA:92,18,1,0
BRDA:104,19,0,4
BRDA:104,19,1,3
BRDA:115,20,0,9
BRDA:115,20,1,7
BRDA:116,21,0,1
BRDA:116,21,1,8
BRDA:117,22,0,0
BRDA:117,22,1,1
BRDA:117,23,0,1
BRDA:117,23,1,1
BRDA:121,24,0,1
BRDA:121,24,1,0
BRDA:133,25,0,5
BRDA:133,25,1,3
BRDA:198,26,0,3
BRDA:198,26,1,3
BRF:54
BRH:45
end_of_record
TN:
SF:utils\mailer.js
FN:12,(anonymous_0)
FN:82,(anonymous_1)
FN:88,(anonymous_2)
FNF:3
FNH:0
FNDA:0,(anonymous_0)
FNDA:0,(anonymous_1)
FNDA:0,(anonymous_2)
DA:1,6
DA:2,6
DA:5,6
DA:12,6
DA:13,0
DA:15,0
DA:82,6
DA:83,0
DA:89,0
DA:90,0
DA:93,0
DA:101,6
LF:12
LH:6
BRDA:89,0,0,0
BRDA:89,0,1,0
BRF:2
BRH:0
end_of_record
TN:
SF:utils\message-template.js
FN:9,(anonymous_0)
FN:21,(anonymous_1)
FNF:2
FNH:2
FNDA:11,(anonymous_0)
FNDA:38,(anonymous_1)
DA:9,8
DA:10,11
DA:11,11
DA:21,8
DA:22,38
DA:23,38
DA:26,8
LF:7
LH:7
BRDA:9,0,0,0
BRDA:9,1,0,3
BRDA:21,2,0,1
BRF:3
BRH:2
end_of_record
