TN:
SF:index.js
FN:27,(anonymous_0)
FN:41,(anonymous_1)
FN:49,(anonymous_2)
FNF:3
FNH:1
FNDA:0,(anonymous_0)
FNDA:0,(anonymous_1)
FNDA:6,(anonymous_2)
DA:1,6
DA:2,6
DA:4,6
DA:6,6
DA:8,6
DA:10,6
DA:11,6
DA:12,6
DA:16,6
DA:17,6
DA:18,6
DA:19,6
DA:20,6
DA:21,6
DA:22,6
DA:23,6
DA:27,6
DA:29,0
DA:32,6
DA:33,6
DA:34,6
DA:35,6
DA:36,6
DA:37,6
DA:38,6
DA:39,6
DA:41,6
DA:42,0
DA:48,6
DA:49,6
DA:52,6
LF:31
LH:29
BRDA:48,0,0,6
BRDA:48,0,1,6
BRF:2
BRH:2
end_of_record
TN:
SF:config\config.js
FNF:0
FNH:0
DA:1,6
DA:2,6
LF:2
LH:2
BRF:0
BRH:0
end_of_record
TN:
SF:controllers\auth.js
FN:9,validateLogin
FN:17,validateForgotPassword
FN:24,validateResetPassword
FN:32,(anonymous_3)
FN:88,(anonymous_4)
FN:134,(anonymous_5)
FNF:6
FNH:0
FNDA:0,validateLogin
FNDA:0,validateForgotPassword
FNDA:0,validateResetPassword
FNDA:0,(anonymous_3)
FNDA:0,(anonymous_4)
FNDA:0,(anonymous_5)
DA:1,6
DA:2,6
DA:3,6
DA:4,6
DA:5,6
DA:7,6
DA:10,0
DA:14,0
DA:18,0
DA:21,0
DA:25,0
DA:28,0
DA:32,6
DA:34,0
DA:35,0
DA:36,0
DA:37,0
DA:40,0
DA:41,0
DA:53,0
DA:54,0
DA:56,0
DA:58,0
DA:59,0
DA:60,0
DA:62,0
DA:67,0
DA:68,0
DA:71,0
DA:75,0
DA:84,0
DA:88,6
DA:89,0
DA:90,0
DA:91,0
DA:92,0
DA:95,0
DA:96,0
DA:103,0
DA:104,0
DA:106,0
DA:108,0
DA:112,0
DA:117,0
DA:122,0
DA:123,0
DA:124,0
DA:129,0
DA:134,6
DA:135,0
DA:136,0
DA:137,0
DA:138,0
DA:141,0
DA:142,0
DA:143,0
DA:149,0
DA:150,0
DA:153,0
DA:154,0
DA:157,0
DA:159,0
DA:161,0
DA:162,0
DA:164,0
DA:165,0
DA:166,0
DA:169,0
DA:174,0
DA:175,0
DA:177,0
DA:183,6
LF:72
LH:10
BRDA:36,0,0,0
BRDA:36,0,1,0
BRDA:53,1,0,0
BRDA:53,1,1,0
BRDA:59,2,0,0
BRDA:59,2,1,0
BRDA:67,3,0,0
BRDA:67,3,1,0
BRDA:91,4,0,0
BRDA:91,4,1,0
BRDA:103,5,0,0
BRDA:103,5,1,0
BRDA:122,6,0,0
BRDA:122,6,1,0
BRDA:137,7,0,0
BRDA:137,7,1,0
BRDA:149,8,0,0
BRDA:149,8,1,0
BRDA:153,9,0,0
BRDA:153,9,1,0
BRDA:165,10,0,0
BRDA:165,10,1,0
BRDA:165,11,0,0
BRDA:165,11,1,0
BRDA:174,12,0,0
BRDA:174,12,1,0
BRF:26
BRH:0
end_of_record
TN:
SF:controllers\bed.js
FN:5,(anonymous_0)
FNF:1
FNH:1
FNDA:3,(anonymous_0)
DA:1,6
DA:2,6
DA:3,6
DA:5,6
DA:6,3
DA:9,3
DA:11,3
DA:16,2
DA:17,1
DA:20,1
DA:25,1
DA:30,6
LF:12
LH:12
BRDA:6,0,0,0
BRDA:6,0,1,3
BRDA:16,1,0,1
BRDA:16,1,1,1
BRDA:16,2,0,2
BRDA:16,2,1,2
BRF:6
BRH:5
end_of_record
TN:
SF:controllers\facility.js
FN:6,(anonymous_0)
FNF:1
FNH:1
FNDA:2,(anonymous_0)
DA:1,6
DA:3,6
DA:6,6
DA:7,2
DA:8,2
DA:10,1
DA:11,1
DA:14,0
DA:18,1
DA:23,6
LF:10
LH:9
BRDA:10,0,0,1
BRDA:10,0,1,0
BRDA:10,1,0,1
BRDA:10,1,1,1
BRF:4
BRH:3
end_of_record
TN:
SF:controllers\moh.js
FN:11,validateRegister
FN:24,(anonymous_1)
FN:74,(anonymous_2)
FN:91,(anonymous_3)
FN:111,(anonymous_4)
FN:127,(anonymous_5)
FN:151,(anonymous_6)
FN:175,(anonymous_7)
FN:199,(anonymous_8)
FN:225,(anonymous_9)
FN:242,(anonymous_10)
FN:274,(anonymous_11)
FN:306,(anonymous_12)
FN:338,(anonymous_13)
FN:360,(anonymous_14)
FNF:15
FNH:0
FNDA:0,validateRegister
FNDA:0,(anonymous_1)
FNDA:0,(anonymous_2)
FNDA:0,(anonymous_3)
FNDA:0,(anonymous_4)
FNDA:0,(anonymous_5)
FNDA:0,(anonymous_6)
FNDA:0,(anonymous_7)
FNDA:0,(anonymous_8)
FNDA:0,(anonymous_9)
FNDA:0,(anonymous_10)
FNDA:0,(anonymous_11)
FNDA:0,(anonymous_12)
FNDA:0,(anonymous_13)
FNDA:0,(anonymous_14)
DA:1,6
DA:2,6
DA:3,6
DA:4,6
DA:5,6
DA:6,6
DA:7,6
DA:9,6
DA:12,0
DA:21,0
DA:24,6
DA:25,0
DA:26,0
DA:27,0
DA:28,0
DA:30,0
DA:31,0
DA:33,0
DA:34,0
DA:36,0
DA:37,0
DA:38,0
DA:47,0
DA:48,0
DA:52,0
DA:59,0
DA:60,0
DA:62,0
DA:63,0
DA:66,0
DA:70,0
DA:74,6
DA:75,0
DA:76,0
DA:77,0
DA:78,0
DA:79,0
DA:82,0
DA:86,0
DA:91,6
DA:92,0
DA:93,0
DA:94,0
DA:95,0
DA:98,0
DA:99,0
DA:102,0
DA:106,0
DA:111,6
DA:112,0
DA:113,0
DA:114,0
DA:115,0
DA:118,0
DA:122,0
DA:127,6
DA:128,0
DA:129,0
DA:130,0
DA:139,0
DA:140,0
DA:143,0
DA:147,0
DA:151,6
DA:152,0
DA:153,0
DA:154,0
DA:163,0
DA:164,0
DA:167,0
DA:171,0
DA:175,6
DA:176,0
DA:177,0
DA:178,0
DA:187,0
DA:188,0
DA:191,0
DA:195,0
DA:199,6
DA:200,0
DA:201,0
DA:202,0
DA:212,0
DA:213,0
DA:217,0
DA:221,0
DA:225,6
DA:226,0
DA:227,0
DA:229,0
DA:230,0
DA:233,0
DA:238,0
DA:242,6
DA:243,0
DA:244,0
DA:255,0
DA:256,0
DA:259,0
DA:260,0
DA:262,0
DA:263,0
DA:266,0
DA:270,0
DA:274,6
DA:275,0
DA:276,0
DA:287,0
DA:288,0
DA:291,0
DA:292,0
DA:294,0
DA:295,0
DA:298,0
DA:302,0
DA:306,6
DA:307,0
DA:308,0
DA:319,0
DA:320,0
DA:323,0
DA:324,0
DA:326,0
DA:327,0
DA:330,0
DA:334,0
DA:338,6
DA:339,0
DA:340,0
DA:346,0
DA:347,0
DA:350,0
DA:355,0
DA:360,6
DA:361,0
DA:362,0
DA:363,0
DA:367,0
DA:368,0
DA:369,0
DA:371,0
DA:372,0
DA:373,0
DA:374,0
DA:376,0
DA:377,0
DA:378,0
DA:379,0
DA:382,0
DA:384,0
DA:393,0
DA:394,0
DA:397,0
DA:398,0
DA:399,0
DA:400,0
DA:403,0
DA:407,0
DA:411,6
LF:160
LH:23
BRDA:27,0,0,0
BRDA:27,0,1,0
BRDA:30,1,0,0
BRDA:30,1,1,0
BRDA:33,2,0,0
BRDA:33,2,1,0
BRDA:47,3,0,0
BRDA:47,3,1,0
BRDA:47,4,0,0
BRDA:47,4,1,0
BRDA:59,5,0,0
BRDA:59,5,1,0
BRDA:59,6,0,0
BRDA:59,6,1,0
BRDA:62,7,0,0
BRDA:62,7,1,0
BRDA:78,8,0,0
BRDA:78,8,1,0
BRDA:78,9,0,0
BRDA:78,9,1,0
BRDA:98,10,0,0
BRDA:98,10,1,0
BRDA:98,11,0,0
BRDA:98,11,1,0
BRDA:114,12,0,0
BRDA:114,12,1,0
BRDA:114,13,0,0
BRDA:114,13,1,0
BRDA:128,14,0,0
BRDA:128,14,1,0
BRDA:139,15,0,0
BRDA:139,15,1,0
BRDA:152,16,0,0
BRDA:152,16,1,0
BRDA:163,17,0,0
BRDA:163,17,1,0
BRDA:176,18,0,0
BRDA:176,18,1,0
BRDA:187,19,0,0
BRDA:187,19,1,0
BRDA:200,20,0,0
BRDA:200,20,1,0
BRDA:212,21,0,0
BRDA:212,21,1,0
BRDA:229,22,0,0
BRDA:229,22,1,0
BRDA:229,23,0,0
BRDA:229,23,1,0
BRDA:243,24,0,0
BRDA:243,24,1,0
BRDA:255,25,0,0
BRDA:255,25,1,0
BRDA:262,26,0,0
BRDA:262,26,1,0
BRDA:262,27,0,0
BRDA:262,27,1,0
BRDA:275,28,0,0
BRDA:275,28,1,0
BRDA:287,29,0,0
BRDA:287,29,1,0
BRDA:294,30,0,0
BRDA:294,30,1,0
BRDA:294,31,0,0
BRDA:294,31,1,0
BRDA:307,32,0,0
BRDA:307,32,1,0
BRDA:319,33,0,0
BRDA:319,33,1,0
BRDA:326,34,0,0
BRDA:326,34,1,0
BRDA:326,35,0,0
BRDA:326,35,1,0
BRDA:346,36,0,0
BRDA:346,36,1,0
BRDA:346,37,0,0
BRDA:346,37,1,0
BRDA:361,38,0,0
BRDA:361,38,1,0
BRDA:362,39,0,0
BRDA:362,39,1,0
BRDA:363,40,0,0
BRDA:363,40,1,0
BRDA:367,41,0,0
BRDA:367,41,1,0
BRDA:371,42,0,0
BRDA:371,42,1,0
BRDA:376,43,0,0
BRDA:376,43,1,0
BRDA:393,44,0,0
BRDA:393,44,1,0
BRDA:393,45,0,0
BRDA:393,45,1,0
BRDA:399,46,0,0
BRDA:399,46,1,0
BRF:94
BRH:0
end_of_record
TN:
SF:controllers\patient.js
FN:8,(anonymous_0)
FN:101,(anonymous_1)
FN:136,(anonymous_2)
FN:169,(anonymous_3)
FN:193,(anonymous_4)
FN:208,(anonymous_5)
FNF:6
FNH:3
FNDA:7,(anonymous_0)
FNDA:5,(anonymous_1)
FNDA:5,(anonymous_2)
FNDA:0,(anonymous_3)
FNDA:0,(anonymous_4)
FNDA:0,(anonymous_5)
DA:1,6
DA:2,6
DA:3,6
DA:4,6
DA:6,6
DA:8,6
DA:31,7
DA:34,7
DA:37,7
DA:38,0
DA:42,7
DA:43,7
DA:45,7
DA:46,4
DA:49,3
DA:50,0
DA:54,3
DA:55,1
DA:57,2
DA:58,2
DA:88,2
DA:89,1
DA:91,1
DA:94,0
DA:101,6
DA:105,5
DA:107,5
DA:108,5
DA:110,5
DA:111,3
DA:113,2
DA:114,2
DA:123,2
DA:124,1
DA:126,1
DA:129,0
DA:136,6
DA:139,5
DA:142,5
DA:144,5
DA:145,3
DA:148,2
DA:149,2
DA:159,2
DA:160,1
DA:162,1
DA:165,0
DA:169,6
DA:172,0
DA:173,0
DA:174,0
DA:176,0
DA:177,0
DA:178,0
DA:179,0
DA:181,0
DA:182,0
DA:183,0
DA:187,0
DA:189,0
DA:193,6
DA:194,0
DA:195,0
DA:196,0
DA:197,0
DA:199,0
DA:201,0
DA:203,0
DA:208,6
DA:210,0
DA:211,0
DA:213,0
DA:216,0
DA:217,0
DA:219,0
DA:220,0
DA:221,0
DA:222,0
DA:223,0
DA:224,0
DA:225,0
DA:226,0
DA:227,0
DA:228,0
DA:229,0
DA:231,0
DA:233,0
DA:234,0
DA:236,0
DA:239,0
DA:252,0
DA:256,6
LF:92
LH:46
BRDA:37,0,0,0
BRDA:37,0,1,7
BRDA:45,1,0,4
BRDA:45,1,1,3
BRDA:49,2,0,0
BRDA:49,2,1,3
BRDA:54,3,0,1
BRDA:54,3,1,2
BRDA:88,4,0,1
BRDA:88,4,1,1
BRDA:110,5,0,3
BRDA:110,5,1,2
BRDA:123,6,0,1
BRDA:123,6,1,1
BRDA:144,7,0,3
BRDA:144,7,1,2
BRDA:159,8,0,1
BRDA:159,8,1,1
BRDA:181,9,0,0
BRDA:181,9,1,0
BRDA:196,10,0,0
BRDA:196,10,1,0
BRDA:210,11,0,0
BRDA:210,11,1,0
BRDA:216,12,0,0
BRDA:216,12,1,0
BRDA:221,13,0,0
BRDA:221,13,1,0
BRDA:222,14,0,0
BRDA:222,14,1,0
BRDA:223,15,0,0
BRDA:223,15,1,0
BRDA:224,16,0,0
BRDA:224,16,1,0
BRDA:225,17,0,0
BRDA:225,17,1,0
BRDA:226,18,0,0
BRDA:226,18,1,0
BRDA:227,19,0,0
BRDA:227,19,1,0
BRDA:228,20,0,0
BRDA:228,20,1,0
BRDA:229,21,0,0
BRDA:229,21,1,0
BRDA:233,22,0,0
BRDA:233,22,1,0
BRF:46
BRH:16
end_of_record
TN:
SF:controllers\report.js
FN:7,(anonymous_0)
FN:78,(anonymous_1)
FN:104,(anonymous_2)
FNF:3
FNH:1
FNDA:6,(anonymous_0)
FNDA:0,(anonymous_1)
FNDA:0,(anonymous_2)
DA:1,6
DA:3,6
DA:4,6
DA:7,6
DA:19,6
DA:22,6
DA:24,6
DA:25,0
DA:28,6
DA:30,6
DA:31,0
DA:35,6
DA:36,3
DA:40,3
DA:41,3
DA:42,1
DA:45,2
DA:46,1
DA:48,1
DA:49,0
DA:51,1
DA:68,1
DA:69,1
DA:71,0
DA:74,0
DA:78,6
DA:81,0
DA:83,0
DA:84,0
DA:86,0
DA:87,0
DA:99,0
DA:104,6
DA:106,0
DA:108,0
DA:109,0
DA:110,0
DA:111,0
DA:112,0
DA:115,0
DA:116,0
DA:118,0
DA:127,0
DA:132,6
LF:44
LH:23
BRDA:24,0,0,0
BRDA:24,0,1,6
BRDA:30,1,0,0
BRDA:30,1,1,6
BRDA:35,2,0,3
BRDA:35,2,1,3
BRDA:41,3,0,1
BRDA:41,3,1,2
BRDA:45,4,0,1
BRDA:45,4,1,1
BRDA:48,5,0,0
BRDA:48,5,1,1
BRDA:68,6,0,1
BRDA:68,6,1,0
BRDA:108,7,0,0
BRDA:108,7,1,0
BRDA:109,8,0,0
BRDA:109,8,1,0
BRDA:110,9,0,0
BRDA:110,9,1,0
BRDA:111,10,0,0
BRDA:111,10,1,0
BRDA:112,11,0,0
BRDA:112,11,1,0
BRF:24
BRH:10
end_of_record
TN:
SF:controllers\tests.js
FN:8,(anonymous_0)
FN:63,(anonymous_1)
FNF:2
FNH:1
FNDA:5,(anonymous_0)
FNDA:0,(anonymous_1)
DA:2,6
DA:3,6
DA:5,6
DA:6,6
DA:8,6
DA:16,5
DA:18,5
DA:20,5
DA:21,3
DA:24,2
DA:25,1
DA:28,1
DA:29,1
DA:31,1
DA:32,1
DA:47,1
DA:48,1
DA:51,1
DA:52,1
DA:53,1
DA:56,0
DA:59,0
DA:63,6
DA:64,0
DA:65,0
DA:66,0
DA:67,0
DA:68,0
DA:70,0
DA:75,6
LF:30
LH:22
BRDA:20,0,0,3
BRDA:20,0,1,2
BRDA:24,1,0,1
BRDA:24,1,1,1
BRDA:51,2,0,1
BRDA:51,2,1,0
BRF:6
BRH:5
end_of_record
TN:
SF:controllers\user.js
FN:9,validateEditProfile
FN:20,(anonymous_1)
FN:44,(anonymous_2)
FNF:3
FNH:3
FNDA:4,validateEditProfile
FNDA:4,(anonymous_1)
FNDA:5,(anonymous_2)
DA:1,6
DA:2,6
DA:3,6
DA:6,6
DA:10,4
DA:15,4
DA:20,6
DA:21,4
DA:23,4
DA:24,1
DA:27,3
DA:28,3
DA:31,2
DA:32,1
DA:35,1
DA:39,1
DA:44,6
DA:45,5
DA:46,5
DA:47,5
DA:48,1
DA:50,4
DA:51,4
DA:52,1
DA:54,3
DA:55,3
DA:56,3
DA:57,2
DA:58,1
DA:59,1
DA:60,1
DA:61,1
DA:63,1
DA:64,1
DA:65,1
DA:69,1
DA:73,1
DA:78,6
LF:38
LH:38
BRDA:23,0,0,1
BRDA:23,0,1,3
BRDA:31,1,0,1
BRDA:31,1,1,1
BRDA:47,2,0,1
BRDA:47,2,1,4
BRDA:51,3,0,1
BRDA:51,3,1,3
BRDA:57,4,0,1
BRDA:57,4,1,1
BRDA:58,5,0,1
BRDA:58,5,1,0
BRDA:59,6,0,1
BRDA:59,6,1,0
BRDA:60,7,0,1
BRDA:60,7,1,0
BRDA:64,8,0,1
BRDA:64,8,1,0
BRF:18
BRH:14
end_of_record
TN:
SF:database\db.js
FNF:0
FNH:0
DA:1,6
DA:2,6
DA:4,6
DA:12,6
LF:4
LH:4
BRF:0
BRH:0
end_of_record
TN:
SF:middlewares\authorization.js
FN:4,(anonymous_0)
FN:35,(anonymous_1)
FN:36,(anonymous_2)
FNF:3
FNH:3
FNDA:4,(anonymous_0)
FNDA:122,(anonymous_1)
FNDA:2,(anonymous_2)
DA:1,7
DA:2,7
DA:4,7
DA:7,4
DA:8,3
DA:9,3
DA:11,3
DA:13,2
DA:14,2
DA:16,2
DA:17,1
DA:20,2
DA:24,1
DA:28,3
DA:29,1
DA:35,7
DA:36,122
DA:37,2
DA:38,1
DA:40,1
LF:20
LH:20
BRDA:7,0,0,3
BRDA:7,0,1,1
BRDA:7,1,0,4
BRDA:7,1,1,3
BRDA:16,2,0,1
BRDA:16,2,1,1
BRDA:28,3,0,1
BRDA:28,3,1,2
BRDA:35,4,0,0
BRDA:37,5,0,1
BRDA:37,5,1,1
BRF:11
BRH:10
end_of_record
TN:
SF:routes\auth.js
FNF:0
FNH:0
DA:1,6
DA:2,6
DA:3,6
DA:5,6
DA:7,6
DA:8,6
DA:10,6
LF:7
LH:7
BRF:0
BRH:0
end_of_record
TN:
SF:routes\bed.js
FNF:0
FNH:0
DA:1,6
DA:2,6
DA:3,6
DA:4,6
DA:7,6
DA:12,6
DA:15,6
LF:7
LH:7
BRF:0
BRH:0
end_of_record
TN:
SF:routes\facility.js
FNF:0
FNH:0
DA:1,6
DA:2,6
DA:3,6
DA:4,6
DA:7,6
DA:12,6
DA:15,6
LF:7
LH:7
BRF:0
BRH:0
end_of_record
TN:
SF:routes\moh.js
FNF:0
FNH:0
DA:3,6
DA:4,6
DA:5,6
DA:6,6
DA:9,6
DA:12,6
DA:13,6
DA:14,6
DA:15,6
DA:16,6
DA:17,6
DA:18,6
DA:20,6
DA:21,6
DA:22,6
DA:23,6
DA:24,6
DA:25,6
DA:27,6
LF:19
LH:19
BRF:0
BRH:0
end_of_record
TN:
SF:routes\patient.js
FNF:0
FNH:0
DA:1,6
DA:2,6
DA:3,6
DA:4,6
DA:10,6
DA:11,6
DA:12,6
DA:13,6
DA:14,6
DA:15,6
DA:19,6
LF:11
LH:11
BRF:0
BRH:0
end_of_record
TN:
SF:routes\report.js
FNF:0
FNH:0
DA:1,6
DA:2,6
DA:3,6
DA:4,6
DA:7,6
DA:8,6
DA:9,6
DA:12,6
LF:8
LH:8
BRF:0
BRH:0
end_of_record
TN:
SF:routes\tests.js
FNF:0
FNH:0
DA:1,6
DA:2,6
DA:3,6
DA:4,6
DA:7,6
DA:8,6
DA:11,6
LF:7
LH:7
BRF:0
BRH:0
end_of_record
TN:
SF:routes\user.js
FNF:0
FNH:0
DA:1,6
DA:2,6
DA:3,6
DA:4,6
DA:6,6
DA:7,6
DA:9,6
LF:7
LH:7
BRF:0
BRH:0
end_of_record
TN:
SF:service\Allocation.js
FN:2,(anonymous_0)
FNF:1
FNH:1
FNDA:6,(anonymous_0)
DA:1,6
DA:2,6
DA:3,6
LF:3
LH:3
BRF:0
BRH:0
end_of_record
TN:
SF:service\Bed.js
FN:2,(anonymous_0)
FNF:1
FNH:1
FNDA:6,(anonymous_0)
DA:1,6
DA:2,6
DA:3,6
LF:3
LH:3
BRF:0
BRH:0
end_of_record
TN:
SF:service\DistrictStatus.js
FN:2,(anonymous_0)
FNF:1
FNH:1
FNDA:6,(anonymous_0)
DA:1,6
DA:2,6
DA:3,6
LF:3
LH:3
BRF:0
BRH:0
end_of_record
TN:
SF:service\Facility.js
FN:2,(anonymous_0)
FNF:1
FNH:1
FNDA:6,(anonymous_0)
DA:1,6
DA:2,6
DA:3,6
LF:3
LH:3
BRF:0
BRH:0
end_of_record
TN:
SF:service\FacilityBed.js
FN:2,(anonymous_0)
FNF:1
FNH:1
FNDA:6,(anonymous_0)
DA:1,6
DA:2,6
DA:3,6
LF:3
LH:3
BRF:0
BRH:0
end_of_record
TN:
SF:service\FacilityStaff.js
FN:2,(anonymous_0)
FNF:1
FNH:1
FNDA:6,(anonymous_0)
DA:1,6
DA:2,6
DA:3,6
LF:3
LH:3
BRF:0
BRH:0
end_of_record
TN:
SF:service\MedicalReport.js
FN:2,(anonymous_0)
FNF:1
FNH:1
FNDA:6,(anonymous_0)
DA:1,6
DA:2,6
DA:3,6
LF:3
LH:3
BRF:0
BRH:0
end_of_record
TN:
SF:service\PasswordReset.js
FN:2,(anonymous_0)
FNF:1
FNH:1
FNDA:6,(anonymous_0)
DA:1,6
DA:2,6
DA:3,6
LF:3
LH:3
BRF:0
BRH:0
end_of_record
TN:
SF:service\Patient.js
FN:2,(anonymous_0)
FNF:1
FNH:1
FNDA:6,(anonymous_0)
DA:1,6
DA:2,6
DA:3,6
LF:3
LH:3
BRF:0
BRH:0
end_of_record
TN:
SF:service\Test.js
FN:2,(anonymous_0)
FNF:1
FNH:1
FNDA:6,(anonymous_0)
DA:1,6
DA:2,6
DA:3,6
LF:3
LH:3
BRF:0
BRH:0
end_of_record
TN:
SF:service\Transfer.js
FN:2,(anonymous_0)
FNF:1
FNH:1
FNDA:6,(anonymous_0)
DA:1,6
DA:2,6
DA:3,6
LF:3
LH:3
BRF:0
BRH:0
end_of_record
TN:
SF:service\User.js
FN:2,(anonymous_0)
FNF:1
FNH:1
FNDA:6,(anonymous_0)
DA:1,6
DA:2,6
DA:3,6
LF:3
LH:3
BRF:0
BRH:0
end_of_record
TN:
SF:service\Ward.js
FN:2,(anonymous_0)
FNF:1
FNH:1
FNDA:6,(anonymous_0)
DA:1,6
DA:2,6
DA:3,6
LF:3
LH:3
BRF:0
BRH:0
end_of_record
TN:
SF:service\init-models.js
FN:16,initModels
FNF:1
FNH:1
FNDA:6,initModels
DA:1,6
DA:2,6
DA:3,6
DA:4,6
DA:5,6
DA:6,6
DA:7,6
DA:8,6
DA:9,6
DA:10,6
DA:11,6
DA:12,6
DA:13,6
DA:14,6
DA:17,6
DA:18,6
DA:19,6
DA:20,6
DA:21,6
DA:22,6
DA:23,6
DA:24,6
DA:25,6
DA:26,6
DA:27,6
DA:28,6
DA:29,6
DA:31,6
DA:32,6
DA:33,6
DA:34,6
DA:35,6
DA:36,6
DA:37,6
DA:38,6
DA:39,6
DA:40,6
DA:41,6
DA:42,6
DA:43,6
DA:44,6
DA:45,6
DA:46,6
DA:47,6
DA:48,6
DA:49,6
DA:50,6
DA:51,6
DA:52,6
DA:53,6
DA:54,6
DA:55,6
DA:56,6
DA:57,6
DA:58,6
DA:59,6
DA:60,6
DA:61,6
DA:62,6
DA:78,6
DA:79,6
DA:80,6
LF:62
LH:62
BRF:0
BRH:0
end_of_record
TN:
SF:service\models.js
FNF:0
FNH:0
DA:1,6
DA:2,6
DA:4,6
DA:5,6
DA:6,6
DA:7,6
DA:8,6
DA:9,6
DA:10,6
DA:11,6
DA:12,6
DA:13,6
DA:14,6
DA:15,6
DA:16,6
DA:18,6
LF:16
LH:16
BRF:0
BRH:0
end_of_record
TN:
SF:utils\array-mutation.js
FN:15,(anonymous_0)
FN:16,(anonymous_1)
FN:41,(anonymous_2)
FN:42,(anonymous_3)
FN:87,(anonymous_4)
FN:88,(anonymous_5)
FN:116,(anonymous_6)
FN:117,(anonymous_7)
FN:149,(anonymous_8)
FN:150,(anonymous_9)
FN:162,(anonymous_10)
FN:163,(anonymous_11)
FN:164,(anonymous_12)
FN:168,(anonymous_13)
FN:179,(anonymous_14)
FN:180,(anonymous_15)
FN:181,(anonymous_16)
FN:185,(anonymous_17)
FN:194,(anonymous_18)
FN:195,(anonymous_19)
FNF:20
FNH:20
FNDA:1,(anonymous_0)
FNDA:5,(anonymous_1)
FNDA:2,(anonymous_2)
FNDA:22,(anonymous_3)
FNDA:24,(anonymous_4)
FNDA:13,(anonymous_5)
FNDA:19,(anonymous_6)
FNDA:6,(anonymous_7)
FNDA:1,(anonymous_8)
FNDA:5,(anonymous_9)
FNDA:1,(anonymous_10)
FNDA:5,(anonymous_11)
FNDA:5,(anonymous_12)
FNDA:2,(anonymous_13)
FNDA:1,(anonymous_14)
FNDA:5,(anonymous_15)
FNDA:5,(anonymous_16)
FNDA:4,(anonymous_17)
FNDA:1,(anonymous_18)
FNDA:6,(anonymous_19)
DA:1,7
DA:3,7
DA:8,7
DA:15,7
DA:16,1
DA:17,5
DA:20,5
DA:21,3
DA:33,5
DA:34,5
DA:35,5
DA:37,5
DA:41,7
DA:42,2
DA:43,22
DA:45,22
DA:46,2
DA:48,22
DA:49,2
DA:51,22
DA:52,2
DA:54,22
DA:55,2
DA:57,22
DA:58,2
DA:60,22
DA:61,2
DA:64,22
DA:65,2
DA:69,22
DA:70,4
DA:72,22
DA:73,4
DA:76,22
DA:77,16
DA:80,22
DA:81,15
DA:86,22
DA:87,24
DA:88,13
DA:92,5
DA:93,3
DA:94,3
DA:95,3
DA:96,3
DA:103,7
DA:104,7
DA:105,2
DA:108,5
DA:115,22
DA:116,19
DA:117,6
DA:121,2
DA:122,2
DA:123,2
DA:124,2
DA:125,2
DA:132,8
DA:133,8
DA:134,4
DA:137,4
DA:142,22
DA:149,7
DA:150,1
DA:151,5
DA:153,5
DA:154,5
DA:155,5
DA:157,5
DA:162,7
DA:163,5
DA:164,1
DA:165,5
DA:166,5
DA:168,1
DA:169,2
DA:171,2
DA:174,2
DA:179,7
DA:180,5
DA:181,1
DA:182,5
DA:183,5
DA:185,1
DA:186,4
DA:188,4
DA:190,4
DA:194,7
DA:195,1
DA:196,6
DA:198,6
DA:199,3
DA:207,6
DA:208,6
DA:210,6
DA:215,7
LF:96
LH:96
BRDA:20,0,0,3
BRDA:20,0,1,2
BRDA:45,1,0,2
BRDA:45,1,1,20
BRDA:48,2,0,2
BRDA:48,2,1,20
BRDA:51,3,0,2
BRDA:51,3,1,20
BRDA:54,4,0,2
BRDA:54,4,1,20
BRDA:54,5,0,22
BRDA:54,5,1,2
BRDA:57,6,0,2
BRDA:57,6,1,20
BRDA:57,7,0,22
BRDA:57,7,1,14
BRDA:60,8,0,2
BRDA:60,8,1,20
BRDA:64,9,0,2
BRDA:64,9,1,20
BRDA:69,10,0,4
BRDA:69,10,1,18
BRDA:72,11,0,4
BRDA:72,11,1,18
BRDA:76,12,0,16
BRDA:76,12,1,6
BRDA:80,13,0,15
BRDA:80,13,1,7
BRDA:86,14,0,12
BRDA:86,14,1,10
BRDA:87,15,0,5
BRDA:87,15,1,7
BRDA:88,16,0,0
BRDA:88,16,1,5
BRDA:88,17,0,13
BRDA:88,17,1,5
BRDA:92,18,0,3
BRDA:92,18,1,2
BRDA:104,19,0,2
BRDA:104,19,1,5
BRDA:115,20,0,10
BRDA:115,20,1,12
BRDA:116,21,0,2
BRDA:116,21,1,8
BRDA:117,22,0,0
BRDA:117,22,1,2
BRDA:117,23,0,6
BRDA:117,23,1,2
BRDA:121,24,0,2
BRDA:121,24,1,0
BRDA:133,25,0,4
BRDA:133,25,1,4
BRDA:198,26,0,3
BRDA:198,26,1,3
BRF:54
BRH:51
end_of_record
TN:
SF:utils\mailer.js
FN:12,(anonymous_0)
FN:82,(anonymous_1)
FN:88,(anonymous_2)
FNF:3
FNH:0
FNDA:0,(anonymous_0)
FNDA:0,(anonymous_1)
FNDA:0,(anonymous_2)
DA:1,6
DA:2,6
DA:5,6
DA:12,6
DA:13,0
DA:15,0
DA:82,6
DA:83,0
DA:89,0
DA:90,0
DA:93,0
DA:101,6
LF:12
LH:6
BRDA:89,0,0,0
BRDA:89,0,1,0
BRF:2
BRH:0
end_of_record
TN:
SF:utils\message-template.js
FN:9,(anonymous_0)
FN:21,(anonymous_1)
FNF:2
FNH:2
FNDA:11,(anonymous_0)
FNDA:38,(anonymous_1)
DA:9,8
DA:10,11
DA:11,11
DA:21,8
DA:22,38
DA:23,38
DA:26,8
LF:7
LH:7
BRDA:9,0,0,0
BRDA:9,1,0,3
BRDA:21,2,0,1
BRF:3
BRH:2
end_of_record
TN:
SF:utils\sms.js
FN:8,(anonymous_0)
FN:21,(anonymous_1)
FNF:2
FNH:1
FNDA:1,(anonymous_0)
FNDA:0,(anonymous_1)
DA:2,6
DA:3,6
DA:4,6
DA:6,6
DA:8,6
DA:10,1
DA:12,1
DA:21,0
DA:25,6
LF:9
LH:8
BRDA:10,0,0,1
BRDA:10,0,1,0
BRF:2
BRH:1
end_of_record
TN:
SF:utils\validationSchemas\patientValidationSchemas.js
FN:3,(anonymous_0)
FN:15,(anonymous_1)
FN:25,(anonymous_2)
FNF:3
FNH:3
FNDA:13,(anonymous_0)
FNDA:8,(anonymous_1)
FNDA:8,(anonymous_2)
DA:1,7
DA:3,7
DA:4,13
DA:11,13
DA:15,7
DA:16,8
DA:21,8
DA:25,7
DA:26,8
DA:31,8
DA:36,7
LF:11
LH:11
BRF:0
BRH:0
end_of_record
TN:
SF:utils\validationSchemas\reportValidationSchemas.js
FN:3,(anonymous_0)
FNF:1
FNH:1
FNDA:10,(anonymous_0)
DA:1,7
DA:3,7
DA:4,10
DA:11,10
DA:14,7
LF:5
LH:5
BRF:0
BRH:0
end_of_record
TN:
SF:utils\validationSchemas\testsValidationSchemas.js
FN:3,(anonymous_0)
FNF:1
FNH:1
FNDA:9,(anonymous_0)
DA:1,7
DA:3,7
DA:4,9
DA:11,9
DA:14,7
LF:5
LH:5
BRF:0
BRH:0
end_of_record
